OpenROAD 0.9.0 1415572a73
This program is licensed under the BSD-3 license. See the LICENSE file for details.
Components of this program may be licensed under more restrictive licenses which must be honored.
Warning: /home/ma/ef/openlane/pdks/sky130A/libs.ref/sky130_fd_sc_hd/lib/sky130_fd_sc_hd__tt_025C_1v80.lib line 31, default_operating_condition tt_025C_1v80 not found.
Notice 0: Reading LEF file:  /project/openlane/mgmt_core/runs/mgmt_core/tmp/merged_unpadded.lef
Notice 0:     Created 13 technology layers
Notice 0:     Created 25 technology vias
Notice 0:     Created 442 library cells
Notice 0: Finished LEF file:  /project/openlane/mgmt_core/runs/mgmt_core/tmp/merged_unpadded.lef
Notice 0: 
Reading DEF file: /project/openlane/mgmt_core/runs/mgmt_core/tmp/routing/17-addspacers.obs.obs.def
Notice 0: Design: mgmt_core
Notice 0: 		Created 100000 Insts
Notice 0:     Created 933 pins.
Notice 0:     Created 172457 components and 772149 component-terminals.
Notice 0:     Created 2 special nets and 0 connections.
Notice 0:     Created 27382 nets and 121907 connections.
Notice 0: Finished DEF file: /project/openlane/mgmt_core/runs/mgmt_core/tmp/routing/17-addspacers.obs.obs.def
Min routing layer: 2
Max routing layer: 5
Global adjustment: 0.0
Unidirectional routing: true
Grid origin: (0, 0)
[INFO GRT-0004] #DB Obstructions: 2
[INFO GRT-0005] #DB Obstacles: 3629278
[INFO GRT-0006] #DB Macros: 2
[INFO GRT-0017] Found 0 clock nets
[INFO GRT-0001] Minimum degree: 2
[INFO GRT-0002] Maximum degree: 514
[INFO GRT-0018] Processing 1530655 obstacles on layer 1
[INFO GRT-0019] Processing 421509 obstacles on layer 2
[INFO GRT-0020] Processing 174 obstacles on layer 3
[INFO GRT-0021] Processing 89 obstacles on layer 4
[INFO GRT-0022] Processing 147 obstacles on layer 5
[INFO GRT-0019] Reducing resources of layer 1 by 99%
[INFO GRT-0020] Reducing resources of layer 2 by 21%
[INFO GRT-0021] Reducing resources of layer 3 by 21%
[INFO GRT-0022] Reducing resources of layer 4 by 10%
[INFO GRT-0023] Reducing resources of layer 5 by 10%
[INFO] WIRELEN : 402821, WIRELEN1 : 0
[INFO] NumSeg  : 77640
[INFO] NumShift: 0
First L Route
[INFO] WIRELEN : 403506, WIRELEN1 : 403506
[INFO] NumSeg  : 77607
[INFO] NumShift: 2285
[Overflow Report] Total hCap    : 609413
[Overflow Report] Total vCap    : 597773
[Overflow Report] Total Usage   : 403506
[Overflow Report] Max H Overflow: 17
[Overflow Report] Max V Overflow: 22
[Overflow Report] Max Overflow  : 22
[Overflow Report] Num Overflow e: 9307
[Overflow Report] H   Overflow  : 24418
[Overflow Report] V   Overflow  : 4362
[Overflow Report] Final Overflow: 28780

Second L Route
[Overflow Report] Total hCap    : 609413
[Overflow Report] Total vCap    : 597773
[Overflow Report] Total Usage   : 403506
[Overflow Report] Max H Overflow: 17
[Overflow Report] Max V Overflow: 22
[Overflow Report] Max Overflow  : 22
[Overflow Report] Num Overflow e: 9292
[Overflow Report] H   Overflow  : 24216
[Overflow Report] V   Overflow  : 4370
[Overflow Report] Final Overflow: 28586

First Z Route
[Overflow Report] Total hCap    : 609413
[Overflow Report] Total vCap    : 597773
[Overflow Report] Total Usage   : 403506
[Overflow Report] Max H Overflow: 18
[Overflow Report] Max V Overflow: 22
[Overflow Report] Max Overflow  : 22
[Overflow Report] Num Overflow e: 8251
[Overflow Report] H   Overflow  : 19834
[Overflow Report] V   Overflow  : 3130
[Overflow Report] Final Overflow: 22964

[INFO] LV routing round 0, enlarge 10 
[INFO] 10 threshold, 10 expand
[Overflow Report] total Usage   : 413442
[Overflow Report] Max H Overflow: 5
[Overflow Report] Max V Overflow: 5
[Overflow Report] Max Overflow  : 5
[Overflow Report] Num Overflow e: 5525
[Overflow Report] H   Overflow  : 4338
[Overflow Report] V   Overflow  : 1993
[Overflow Report] Final Overflow: 6331

[INFO] LV routing round 1, enlarge 15 
[INFO] 5 threshold, 15 expand
[Overflow Report] total Usage   : 413162
[Overflow Report] Max H Overflow: 4
[Overflow Report] Max V Overflow: 6
[Overflow Report] Max Overflow  : 6
[Overflow Report] Num Overflow e: 4962
[Overflow Report] H   Overflow  : 3389
[Overflow Report] V   Overflow  : 2006
[Overflow Report] Final Overflow: 5395

[INFO] LV routing round 2, enlarge 20 
[INFO] 1 threshold, 20 expand
[Overflow Report] total Usage   : 412984
[Overflow Report] Max H Overflow: 4
[Overflow Report] Max V Overflow: 6
[Overflow Report] Max Overflow  : 6
[Overflow Report] Num Overflow e: 4930
[Overflow Report] H   Overflow  : 3289
[Overflow Report] V   Overflow  : 2000
[Overflow Report] Final Overflow: 5289

Running extra iterations to remove overflow...
Update congestion history type 1
[INFO] iteration 1, enlarge 25, costheight 6, threshold 10 via cost 2 
[INFO] log_coef 0.716394, healingTrigger 0 cost_step 2 L 1 cost_type 1 updatetype 1
[Overflow Report] total Usage   : 416748
[Overflow Report] Max H Overflow: 3
[Overflow Report] Max V Overflow: 3
[Overflow Report] Max Overflow  : 3
[Overflow Report] Num Overflow e: 643
[Overflow Report] H   Overflow  : 304
[Overflow Report] V   Overflow  : 374
[Overflow Report] Final Overflow: 678

Update congestion history type 1
[INFO] iteration 2, enlarge 30, costheight 8, threshold 6 via cost 2 
[INFO] log_coef 0.953011, healingTrigger 0 cost_step 2 L 1 cost_type 1 updatetype 1
[Overflow Report] total Usage   : 417532
[Overflow Report] Max H Overflow: 2
[Overflow Report] Max V Overflow: 3
[Overflow Report] Max Overflow  : 3
[Overflow Report] Num Overflow e: 314
[Overflow Report] H   Overflow  : 109
[Overflow Report] V   Overflow  : 215
[Overflow Report] Final Overflow: 324

Update congestion history type 1
[INFO] iteration 3, enlarge 35, costheight 13, threshold 2 via cost 2 
[INFO] log_coef 0.953011, healingTrigger 0 cost_step 5 L 1 cost_type 1 updatetype 1
[Overflow Report] total Usage   : 418382
[Overflow Report] Max H Overflow: 2
[Overflow Report] Max V Overflow: 2
[Overflow Report] Max Overflow  : 2
[Overflow Report] Num Overflow e: 66
[Overflow Report] H   Overflow  : 29
[Overflow Report] V   Overflow  : 43
[Overflow Report] Final Overflow: 72

Update congestion history type 1
[INFO] iteration 4, enlarge 40, costheight 18, threshold 0 via cost 2 
[INFO] log_coef 1.181232, healingTrigger 0 cost_step 5 L 1 cost_type 1 updatetype 1
[Overflow Report] total Usage   : 418493
[Overflow Report] Max H Overflow: 1
[Overflow Report] Max V Overflow: 2
[Overflow Report] Max Overflow  : 2
[Overflow Report] Num Overflow e: 46
[Overflow Report] H   Overflow  : 10
[Overflow Report] V   Overflow  : 40
[Overflow Report] Final Overflow: 50

Update congestion history type 1
[INFO] iteration 5, enlarge 45, costheight 23, threshold 0 via cost 2 
[INFO] log_coef 1.181232, healingTrigger 0 cost_step 5 L 1 cost_type 1 updatetype 1
[Overflow Report] total Usage   : 418588
[Overflow Report] Max H Overflow: 1
[Overflow Report] Max V Overflow: 2
[Overflow Report] Max Overflow  : 2
[Overflow Report] Num Overflow e: 37
[Overflow Report] H   Overflow  : 1
[Overflow Report] V   Overflow  : 39
[Overflow Report] Final Overflow: 40

Update congestion history type 1
[INFO] iteration 6, enlarge 50, costheight 33, threshold 0 via cost 2 
[INFO] log_coef 1.181232, healingTrigger 0 cost_step 5 L 1 cost_type 1 updatetype 1
[Overflow Report] total Usage   : 418754
[Overflow Report] Max H Overflow: 1
[Overflow Report] Max V Overflow: 2
[Overflow Report] Max Overflow  : 2
[Overflow Report] Num Overflow e: 35
[Overflow Report] H   Overflow  : 1
[Overflow Report] V   Overflow  : 35
[Overflow Report] Final Overflow: 36

Update congestion history type 1
[INFO] iteration 7, enlarge 55, costheight 43, threshold 0 via cost 2 
[INFO] log_coef 1.181232, healingTrigger 0 cost_step 5 L 1 cost_type 1 updatetype 1
[Overflow Report] total Usage   : 418849
[Overflow Report] Max H Overflow: 0
[Overflow Report] Max V Overflow: 2
[Overflow Report] Max Overflow  : 2
[Overflow Report] Num Overflow e: 29
[Overflow Report] H   Overflow  : 0
[Overflow Report] V   Overflow  : 31
[Overflow Report] Final Overflow: 31

Update congestion history type 1
[INFO] iteration 8, enlarge 60, costheight 53, threshold 0 via cost 2 
[INFO] log_coef 1.181232, healingTrigger 0 cost_step 5 L 0 cost_type 1 updatetype 2
[Overflow Report] total Usage   : 418831
[Overflow Report] Max H Overflow: 0
[Overflow Report] Max V Overflow: 1
[Overflow Report] Max Overflow  : 1
[Overflow Report] Num Overflow e: 29
[Overflow Report] H   Overflow  : 0
[Overflow Report] V   Overflow  : 29
[Overflow Report] Final Overflow: 29

Update congestion history type 2
[INFO] iteration 9, enlarge 65, costheight 63, threshold 0 via cost 2 
[INFO] log_coef 2.000000, healingTrigger 0 cost_step 5 L 1 cost_type 1 updatetype 2
[Overflow Report] total Usage   : 418857
[Overflow Report] Max H Overflow: 0
[Overflow Report] Max V Overflow: 2
[Overflow Report] Max Overflow  : 2
[Overflow Report] Num Overflow e: 27
[Overflow Report] H   Overflow  : 0
[Overflow Report] V   Overflow  : 28
[Overflow Report] Final Overflow: 28

Update congestion history type 2
[INFO] iteration 10, enlarge 70, costheight 73, threshold 0 via cost 2 
[INFO] log_coef 2.000000, healingTrigger 0 cost_step 5 L 1 cost_type 1 updatetype 2
[Overflow Report] total Usage   : 419144
[Overflow Report] Max H Overflow: 0
[Overflow Report] Max V Overflow: 1
[Overflow Report] Max Overflow  : 1
[Overflow Report] Num Overflow e: 25
[Overflow Report] H   Overflow  : 0
[Overflow Report] V   Overflow  : 25
[Overflow Report] Final Overflow: 25

Update congestion history type 2
[INFO] iteration 11, enlarge 75, costheight 83, threshold 0 via cost 2 
[INFO] log_coef 2.000000, healingTrigger 0 cost_step 5 L 1 cost_type 1 updatetype 2
[Overflow Report] total Usage   : 419228
[Overflow Report] Max H Overflow: 0
[Overflow Report] Max V Overflow: 1
[Overflow Report] Max Overflow  : 1
[Overflow Report] Num Overflow e: 21
[Overflow Report] H   Overflow  : 0
[Overflow Report] V   Overflow  : 21
[Overflow Report] Final Overflow: 21

Update congestion history type 2
[INFO] iteration 12, enlarge 80, costheight 93, threshold 0 via cost 2 
[INFO] log_coef 2.000000, healingTrigger 0 cost_step 5 L 1 cost_type 1 updatetype 2
[Overflow Report] total Usage   : 419269
[Overflow Report] Max H Overflow: 0
[Overflow Report] Max V Overflow: 1
[Overflow Report] Max Overflow  : 1
[Overflow Report] Num Overflow e: 20
[Overflow Report] H   Overflow  : 0
[Overflow Report] V   Overflow  : 20
[Overflow Report] Final Overflow: 20

Update congestion history type 2
[INFO] iteration 13, enlarge 85, costheight 103, threshold 0 via cost 2 
[INFO] log_coef 2.000000, healingTrigger 0 cost_step 5 L 1 cost_type 1 updatetype 2
[Overflow Report] total Usage   : 419573
[Overflow Report] Max H Overflow: 0
[Overflow Report] Max V Overflow: 1
[Overflow Report] Max Overflow  : 1
[Overflow Report] Num Overflow e: 17
[Overflow Report] H   Overflow  : 0
[Overflow Report] V   Overflow  : 17
[Overflow Report] Final Overflow: 17

Update congestion history type 2
[INFO] iteration 14, enlarge 90, costheight 113, threshold 0 via cost 2 
[INFO] log_coef 2.000000, healingTrigger 0 cost_step 5 L 1 cost_type 1 updatetype 2
[Overflow Report] total Usage   : 419604
[Overflow Report] Max H Overflow: 0
[Overflow Report] Max V Overflow: 1
[Overflow Report] Max Overflow  : 1
[Overflow Report] Num Overflow e: 16
[Overflow Report] H   Overflow  : 0
[Overflow Report] V   Overflow  : 16
[Overflow Report] Final Overflow: 16

Update congestion history type 2
[INFO] iteration 15, enlarge 95, costheight 123, threshold 0 via cost 2 
[INFO] log_coef 2.000000, healingTrigger 0 cost_step 5 L 1 cost_type 1 updatetype 2
[Overflow Report] total Usage   : 419566
[Overflow Report] Max H Overflow: 0
[Overflow Report] Max V Overflow: 1
[Overflow Report] Max Overflow  : 1
[Overflow Report] Num Overflow e: 16
[Overflow Report] H   Overflow  : 0
[Overflow Report] V   Overflow  : 16
[Overflow Report] Final Overflow: 16

Update congestion history type 2
[INFO] iteration 16, enlarge 100, costheight 133, threshold 0 via cost 0 
[INFO] log_coef 2.000000, healingTrigger 1 cost_step 5 L 1 cost_type 1 updatetype 2
[Overflow Report] total Usage   : 420100
[Overflow Report] Max H Overflow: 0
[Overflow Report] Max V Overflow: 1
[Overflow Report] Max Overflow  : 1
[Overflow Report] Num Overflow e: 10
[Overflow Report] H   Overflow  : 0
[Overflow Report] V   Overflow  : 10
[Overflow Report] Final Overflow: 10

Update congestion history type 2
[INFO] iteration 17, enlarge 105, costheight 138, threshold 0 via cost 0 
[INFO] log_coef 2.000000, healingTrigger 1 cost_step 5 L 1 cost_type 1 updatetype 2
[Overflow Report] total Usage   : 420208
[Overflow Report] Max H Overflow: 0
[Overflow Report] Max V Overflow: 1
[Overflow Report] Max Overflow  : 1
[Overflow Report] Num Overflow e: 9
[Overflow Report] H   Overflow  : 0
[Overflow Report] V   Overflow  : 9
[Overflow Report] Final Overflow: 9

Update congestion history type 2
[INFO] iteration 18, enlarge 110, costheight 148, threshold 0 via cost 0 
[INFO] log_coef 2.000000, healingTrigger 1 cost_step 5 L 1 cost_type 1 updatetype 2
[Overflow Report] total Usage   : 420280
[Overflow Report] Max H Overflow: 0
[Overflow Report] Max V Overflow: 1
[Overflow Report] Max Overflow  : 1
[Overflow Report] Num Overflow e: 8
[Overflow Report] H   Overflow  : 0
[Overflow Report] V   Overflow  : 8
[Overflow Report] Final Overflow: 8

Update congestion history type 2
[INFO] iteration 19, enlarge 115, costheight 158, threshold 0 via cost 0 
[INFO] log_coef 2.000000, healingTrigger 1 cost_step 5 L 1 cost_type 1 updatetype 2
[Overflow Report] total Usage   : 420447
[Overflow Report] Max H Overflow: 0
[Overflow Report] Max V Overflow: 1
[Overflow Report] Max Overflow  : 1
[Overflow Report] Num Overflow e: 6
[Overflow Report] H   Overflow  : 0
[Overflow Report] V   Overflow  : 6
[Overflow Report] Final Overflow: 6

Update congestion history type 2
[INFO] iteration 20, enlarge 120, costheight 168, threshold 0 via cost 0 
[INFO] log_coef 2.000000, healingTrigger 1 cost_step 5 L 1 cost_type 1 updatetype 2
[Overflow Report] total Usage   : 420442
[Overflow Report] Max H Overflow: 0
[Overflow Report] Max V Overflow: 1
[Overflow Report] Max Overflow  : 1
[Overflow Report] Num Overflow e: 6
[Overflow Report] H   Overflow  : 0
[Overflow Report] V   Overflow  : 6
[Overflow Report] Final Overflow: 6

Update congestion history type 2
[INFO] iteration 21, enlarge 125, costheight 178, threshold 0 via cost 0 
[INFO] log_coef 2.000000, healingTrigger 2 cost_step 5 L 1 cost_type 1 updatetype 2
[Overflow Report] total Usage   : 420493
[Overflow Report] Max H Overflow: 0
[Overflow Report] Max V Overflow: 1
[Overflow Report] Max Overflow  : 1
[Overflow Report] Num Overflow e: 6
[Overflow Report] H   Overflow  : 0
[Overflow Report] V   Overflow  : 6
[Overflow Report] Final Overflow: 6

Update congestion history type 2
[INFO] iteration 22, enlarge 130, costheight 188, threshold 0 via cost 0 
[INFO] log_coef 2.000000, healingTrigger 3 cost_step 5 L 1 cost_type 1 updatetype 2
[Overflow Report] total Usage   : 420508
[Overflow Report] Max H Overflow: 0
[Overflow Report] Max V Overflow: 1
[Overflow Report] Max Overflow  : 1
[Overflow Report] Num Overflow e: 5
[Overflow Report] H   Overflow  : 0
[Overflow Report] V   Overflow  : 5
[Overflow Report] Final Overflow: 5

Update congestion history type 2
[INFO] iteration 23, enlarge 135, costheight 198, threshold 0 via cost 0 
[INFO] log_coef 2.000000, healingTrigger 3 cost_step 5 L 1 cost_type 1 updatetype 2
[Overflow Report] total Usage   : 420719
[Overflow Report] Max H Overflow: 0
[Overflow Report] Max V Overflow: 1
[Overflow Report] Max Overflow  : 1
[Overflow Report] Num Overflow e: 4
[Overflow Report] H   Overflow  : 0
[Overflow Report] V   Overflow  : 4
[Overflow Report] Final Overflow: 4

Update congestion history type 2
[INFO] iteration 24, enlarge 140, costheight 208, threshold 0 via cost 0 
[INFO] log_coef 2.000000, healingTrigger 3 cost_step 5 L 1 cost_type 1 updatetype 2
[Overflow Report] total Usage   : 420803
[Overflow Report] Max H Overflow: 0
[Overflow Report] Max V Overflow: 1
[Overflow Report] Max Overflow  : 1
[Overflow Report] Num Overflow e: 3
[Overflow Report] H   Overflow  : 0
[Overflow Report] V   Overflow  : 3
[Overflow Report] Final Overflow: 3

Update congestion history type 2
[INFO] iteration 25, enlarge 145, costheight 218, threshold 0 via cost 0 
[INFO] log_coef 2.000000, healingTrigger 3 cost_step 5 L 1 cost_type 1 updatetype 2
[Overflow Report] total Usage   : 420789
[Overflow Report] Max H Overflow: 0
[Overflow Report] Max V Overflow: 1
[Overflow Report] Max Overflow  : 1
[Overflow Report] Num Overflow e: 3
[Overflow Report] H   Overflow  : 0
[Overflow Report] V   Overflow  : 3
[Overflow Report] Final Overflow: 3

Update congestion history type 2
[INFO] iteration 26, enlarge 150, costheight 228, threshold 0 via cost 0 
[INFO] log_coef 2.000000, healingTrigger 4 cost_step 5 L 1 cost_type 1 updatetype 2
[Overflow Report] total Usage   : 420817
[Overflow Report] Max H Overflow: 0
[Overflow Report] Max V Overflow: 1
[Overflow Report] Max Overflow  : 1
[Overflow Report] Num Overflow e: 3
[Overflow Report] H   Overflow  : 0
[Overflow Report] V   Overflow  : 3
[Overflow Report] Final Overflow: 3

Update congestion history type 2
[INFO] iteration 27, enlarge 155, costheight 238, threshold 0 via cost 0 
[INFO] log_coef 2.000000, healingTrigger 5 cost_step 5 L 1 cost_type 1 updatetype 2
[Overflow Report] total Usage   : 420875
[Overflow Report] Max H Overflow: 0
[Overflow Report] Max V Overflow: 1
[Overflow Report] Max Overflow  : 1
[Overflow Report] Num Overflow e: 3
[Overflow Report] H   Overflow  : 0
[Overflow Report] V   Overflow  : 3
[Overflow Report] Final Overflow: 3

Update congestion history type 2
[INFO] iteration 28, enlarge 160, costheight 248, threshold 0 via cost 0 
[INFO] log_coef 2.000000, healingTrigger 6 cost_step 5 L 1 cost_type 1 updatetype 2
[Overflow Report] total Usage   : 420843
[Overflow Report] Max H Overflow: 0
[Overflow Report] Max V Overflow: 1
[Overflow Report] Max Overflow  : 1
[Overflow Report] Num Overflow e: 3
[Overflow Report] H   Overflow  : 0
[Overflow Report] V   Overflow  : 3
[Overflow Report] Final Overflow: 3

Update congestion history type 2
[INFO] iteration 29, enlarge 165, costheight 258, threshold 0 via cost 0 
[INFO] log_coef 2.000000, healingTrigger 7 cost_step 5 L 1 cost_type 1 updatetype 2
[Overflow Report] total Usage   : 420885
[Overflow Report] Max H Overflow: 0
[Overflow Report] Max V Overflow: 1
[Overflow Report] Max Overflow  : 1
[Overflow Report] Num Overflow e: 3
[Overflow Report] H   Overflow  : 0
[Overflow Report] V   Overflow  : 3
[Overflow Report] Final Overflow: 3

Update congestion history type 2
[INFO] iteration 30, enlarge 170, costheight 268, threshold 0 via cost 0 
[INFO] log_coef 2.000000, healingTrigger 8 cost_step 5 L 1 cost_type 1 updatetype 2
[Overflow Report] total Usage   : 420827
[Overflow Report] Max H Overflow: 0
[Overflow Report] Max V Overflow: 1
[Overflow Report] Max Overflow  : 1
[Overflow Report] Num Overflow e: 3
[Overflow Report] H   Overflow  : 0
[Overflow Report] V   Overflow  : 3
[Overflow Report] Final Overflow: 3

Update congestion history type 4
[INFO] iteration 31, enlarge 174, costheight 278, threshold 0 via cost 0 
[INFO] log_coef 2.000000, healingTrigger 9 cost_step 5 L 1 cost_type 1 updatetype 4
[Overflow Report] total Usage   : 420855
[Overflow Report] Max H Overflow: 0
[Overflow Report] Max V Overflow: 1
[Overflow Report] Max Overflow  : 1
[Overflow Report] Num Overflow e: 3
[Overflow Report] H   Overflow  : 0
[Overflow Report] V   Overflow  : 3
[Overflow Report] Final Overflow: 3

Update congestion history type 4
[INFO] iteration 32, enlarge 174, costheight 288, threshold 0 via cost 0 
[INFO] log_coef 2.000000, healingTrigger 10 cost_step 5 L 1 cost_type 1 updatetype 4
[Overflow Report] total Usage   : 420903
[Overflow Report] Max H Overflow: 0
[Overflow Report] Max V Overflow: 1
[Overflow Report] Max Overflow  : 1
[Overflow Report] Num Overflow e: 3
[Overflow Report] H   Overflow  : 0
[Overflow Report] V   Overflow  : 3
[Overflow Report] Final Overflow: 3

Update congestion history type 4
[INFO] iteration 33, enlarge 174, costheight 298, threshold 0 via cost 0 
[INFO] log_coef 2.000000, healingTrigger 11 cost_step 5 L 1 cost_type 1 updatetype 4
[Overflow Report] total Usage   : 420895
[Overflow Report] Max H Overflow: 0
[Overflow Report] Max V Overflow: 1
[Overflow Report] Max Overflow  : 1
[Overflow Report] Num Overflow e: 3
[Overflow Report] H   Overflow  : 0
[Overflow Report] V   Overflow  : 3
[Overflow Report] Final Overflow: 3

Update congestion history type 4
[INFO] iteration 34, enlarge 174, costheight 308, threshold 0 via cost 0 
[INFO] log_coef 2.000000, healingTrigger 12 cost_step 5 L 1 cost_type 1 updatetype 4
[Overflow Report] total Usage   : 420911
[Overflow Report] Max H Overflow: 0
[Overflow Report] Max V Overflow: 1
[Overflow Report] Max Overflow  : 1
[Overflow Report] Num Overflow e: 3
[Overflow Report] H   Overflow  : 0
[Overflow Report] V   Overflow  : 3
[Overflow Report] Final Overflow: 3

Update congestion history type 4
[INFO] iteration 35, enlarge 174, costheight 318, threshold 0 via cost 0 
[INFO] log_coef 2.000000, healingTrigger 13 cost_step 5 L 1 cost_type 1 updatetype 4
[Overflow Report] total Usage   : 420799
[Overflow Report] Max H Overflow: 0
[Overflow Report] Max V Overflow: 1
[Overflow Report] Max Overflow  : 1
[Overflow Report] Num Overflow e: 3
[Overflow Report] H   Overflow  : 0
[Overflow Report] V   Overflow  : 3
[Overflow Report] Final Overflow: 3

Update congestion history type 4
[INFO] iteration 36, enlarge 174, costheight 328, threshold 0 via cost 0 
[INFO] log_coef 2.000000, healingTrigger 14 cost_step 5 L 1 cost_type 1 updatetype 4
[Overflow Report] total Usage   : 420984
[Overflow Report] Max H Overflow: 0
[Overflow Report] Max V Overflow: 1
[Overflow Report] Max Overflow  : 1
[Overflow Report] Num Overflow e: 2
[Overflow Report] H   Overflow  : 0
[Overflow Report] V   Overflow  : 2
[Overflow Report] Final Overflow: 2

Update congestion history type 4
[INFO] iteration 37, enlarge 174, costheight 333, threshold 0 via cost 0 
[INFO] log_coef 2.000000, healingTrigger 14 cost_step 5 L 1 cost_type 1 updatetype 4
[Overflow Report] total Usage   : 420940
[Overflow Report] Max H Overflow: 0
[Overflow Report] Max V Overflow: 1
[Overflow Report] Max Overflow  : 1
[Overflow Report] Num Overflow e: 2
[Overflow Report] H   Overflow  : 0
[Overflow Report] V   Overflow  : 2
[Overflow Report] Final Overflow: 2

Update congestion history type 4
[INFO] iteration 38, enlarge 174, costheight 343, threshold 0 via cost 0 
[INFO] log_coef 2.000000, healingTrigger 15 cost_step 5 L 1 cost_type 1 updatetype 4
[Overflow Report] total Usage   : 420982
[Overflow Report] Max H Overflow: 0
[Overflow Report] Max V Overflow: 1
[Overflow Report] Max Overflow  : 1
[Overflow Report] Num Overflow e: 2
[Overflow Report] H   Overflow  : 0
[Overflow Report] V   Overflow  : 2
[Overflow Report] Final Overflow: 2

Update congestion history type 4
[INFO] iteration 39, enlarge 174, costheight 353, threshold 0 via cost 0 
[INFO] log_coef 2.000000, healingTrigger 16 cost_step 5 L 1 cost_type 1 updatetype 4
[Overflow Report] total Usage   : 420986
[Overflow Report] Max H Overflow: 0
[Overflow Report] Max V Overflow: 1
[Overflow Report] Max Overflow  : 1
[Overflow Report] Num Overflow e: 2
[Overflow Report] H   Overflow  : 0
[Overflow Report] V   Overflow  : 2
[Overflow Report] Final Overflow: 2

Update congestion history type 4
[INFO] iteration 40, enlarge 174, costheight 363, threshold 0 via cost 0 
[INFO] log_coef 2.000000, healingTrigger 17 cost_step 5 L 1 cost_type 1 updatetype 4
[Overflow Report] total Usage   : 420980
[Overflow Report] Max H Overflow: 0
[Overflow Report] Max V Overflow: 1
[Overflow Report] Max Overflow  : 1
[Overflow Report] Num Overflow e: 2
[Overflow Report] H   Overflow  : 0
[Overflow Report] V   Overflow  : 2
[Overflow Report] Final Overflow: 2

Update congestion history type 4
[INFO] iteration 41, enlarge 174, costheight 373, threshold 0 via cost 0 
[INFO] log_coef 2.000000, healingTrigger 18 cost_step 5 L 1 cost_type 1 updatetype 4
[Overflow Report] total Usage   : 421022
[Overflow Report] Max H Overflow: 0
[Overflow Report] Max V Overflow: 1
[Overflow Report] Max Overflow  : 1
[Overflow Report] Num Overflow e: 2
[Overflow Report] H   Overflow  : 0
[Overflow Report] V   Overflow  : 2
[Overflow Report] Final Overflow: 2

Update congestion history type 4
[INFO] iteration 42, enlarge 174, costheight 383, threshold 0 via cost 0 
[INFO] log_coef 2.000000, healingTrigger 19 cost_step 5 L 1 cost_type 1 updatetype 4
[Overflow Report] total Usage   : 420988
[Overflow Report] Max H Overflow: 0
[Overflow Report] Max V Overflow: 1
[Overflow Report] Max Overflow  : 1
[Overflow Report] Num Overflow e: 2
[Overflow Report] H   Overflow  : 0
[Overflow Report] V   Overflow  : 2
[Overflow Report] Final Overflow: 2

Update congestion history type 4
[INFO] iteration 43, enlarge 174, costheight 393, threshold 0 via cost 0 
[INFO] log_coef 2.000000, healingTrigger 20 cost_step 5 L 1 cost_type 1 updatetype 4
[Overflow Report] total Usage   : 421020
[Overflow Report] Max H Overflow: 0
[Overflow Report] Max V Overflow: 1
[Overflow Report] Max Overflow  : 1
[Overflow Report] Num Overflow e: 2
[Overflow Report] H   Overflow  : 0
[Overflow Report] V   Overflow  : 2
[Overflow Report] Final Overflow: 2

Update congestion history type 4
[INFO] iteration 44, enlarge 174, costheight 403, threshold 0 via cost 0 
[INFO] log_coef 2.000000, healingTrigger 21 cost_step 5 L 1 cost_type 1 updatetype 4
[Overflow Report] total Usage   : 421014
[Overflow Report] Max H Overflow: 0
[Overflow Report] Max V Overflow: 1
[Overflow Report] Max Overflow  : 1
[Overflow Report] Num Overflow e: 2
[Overflow Report] H   Overflow  : 0
[Overflow Report] V   Overflow  : 2
[Overflow Report] Final Overflow: 2

Update congestion history type 4
[INFO] iteration 45, enlarge 174, costheight 413, threshold 0 via cost 0 
[INFO] log_coef 2.000000, healingTrigger 22 cost_step 5 L 1 cost_type 1 updatetype 4
[Overflow Report] total Usage   : 421175
[Overflow Report] Max H Overflow: 0
[Overflow Report] Max V Overflow: 1
[Overflow Report] Max Overflow  : 1
[Overflow Report] Num Overflow e: 1
[Overflow Report] H   Overflow  : 0
[Overflow Report] V   Overflow  : 1
[Overflow Report] Final Overflow: 1

Update congestion history type 4
[INFO] iteration 46, enlarge 174, costheight 418, threshold 0 via cost 0 
[INFO] log_coef 2.000000, healingTrigger 22 cost_step 5 L 1 cost_type 1 updatetype 4
[Overflow Report] total Usage   : 421250
[Overflow Report] Max H Overflow: 0
[Overflow Report] Max V Overflow: 1
[Overflow Report] Max Overflow  : 1
[Overflow Report] Num Overflow e: 1
[Overflow Report] H   Overflow  : 0
[Overflow Report] V   Overflow  : 1
[Overflow Report] Final Overflow: 1

Update congestion history type 4
[INFO] iteration 47, enlarge 174, costheight 428, threshold 0 via cost 0 
[INFO] log_coef 2.000000, healingTrigger 23 cost_step 5 L 1 cost_type 1 updatetype 4
[Overflow Report] total Usage   : 421176
[Overflow Report] Max H Overflow: 0
[Overflow Report] Max V Overflow: 1
[Overflow Report] Max Overflow  : 1
[Overflow Report] Num Overflow e: 1
[Overflow Report] H   Overflow  : 0
[Overflow Report] V   Overflow  : 1
[Overflow Report] Final Overflow: 1

Update congestion history type 4
[INFO] iteration 48, enlarge 174, costheight 438, threshold 0 via cost 0 
[INFO] log_coef 2.000000, healingTrigger 24 cost_step 5 L 1 cost_type 1 updatetype 4
[Overflow Report] total Usage   : 421236
[Overflow Report] Max H Overflow: 0
[Overflow Report] Max V Overflow: 1
[Overflow Report] Max Overflow  : 1
[Overflow Report] Num Overflow e: 1
[Overflow Report] H   Overflow  : 0
[Overflow Report] V   Overflow  : 1
[Overflow Report] Final Overflow: 1

Update congestion history type 4
[INFO] iteration 49, enlarge 174, costheight 448, threshold 0 via cost 0 
[INFO] log_coef 2.000000, healingTrigger 25 cost_step 5 L 1 cost_type 1 updatetype 4
[Overflow Report] total Usage   : 421278
[Overflow Report] Max H Overflow: 0
[Overflow Report] Max V Overflow: 1
[Overflow Report] Max Overflow  : 1
[Overflow Report] Num Overflow e: 1
[Overflow Report] H   Overflow  : 0
[Overflow Report] V   Overflow  : 1
[Overflow Report] Final Overflow: 1

Update congestion history type 4
[INFO] iteration 50, enlarge 174, costheight 458, threshold 0 via cost 0 
[INFO] log_coef 2.000000, healingTrigger 26 cost_step 5 L 1 cost_type 1 updatetype 4
[Overflow Report] total Usage   : 421254
[Overflow Report] Max H Overflow: 0
[Overflow Report] Max V Overflow: 1
[Overflow Report] Max Overflow  : 1
[Overflow Report] Num Overflow e: 1
[Overflow Report] H   Overflow  : 0
[Overflow Report] V   Overflow  : 1
[Overflow Report] Final Overflow: 1

Update congestion history type 4
[INFO] iteration 51, enlarge 174, costheight 468, threshold 0 via cost 0 
[INFO] log_coef 2.000000, healingTrigger 27 cost_step 5 L 1 cost_type 1 updatetype 4
[Overflow Report] total Usage   : 421280
[Overflow Report] Max H Overflow: 0
[Overflow Report] Max V Overflow: 1
[Overflow Report] Max Overflow  : 1
[Overflow Report] Num Overflow e: 1
[Overflow Report] H   Overflow  : 0
[Overflow Report] V   Overflow  : 1
[Overflow Report] Final Overflow: 1

Update congestion history type 4
[INFO] iteration 52, enlarge 174, costheight 478, threshold 0 via cost 0 
[INFO] log_coef 2.000000, healingTrigger 28 cost_step 5 L 1 cost_type 1 updatetype 4
[Overflow Report] total Usage   : 421238
[Overflow Report] Max H Overflow: 0
[Overflow Report] Max V Overflow: 1
[Overflow Report] Max Overflow  : 1
[Overflow Report] Num Overflow e: 1
[Overflow Report] H   Overflow  : 0
[Overflow Report] V   Overflow  : 1
[Overflow Report] Final Overflow: 1

Update congestion history type 4
[INFO] iteration 53, enlarge 174, costheight 488, threshold 0 via cost 0 
[INFO] log_coef 2.000000, healingTrigger 29 cost_step 5 L 1 cost_type 1 updatetype 4
[Overflow Report] total Usage   : 421368
[Overflow Report] Max H Overflow: 0
[Overflow Report] Max V Overflow: 0
[Overflow Report] Max Overflow  : 0
[Overflow Report] Num Overflow e: 0
[Overflow Report] H   Overflow  : 0
[Overflow Report] V   Overflow  : 0
[Overflow Report] Final Overflow: 0

Usage checked
Maze routing finished
[INFO] P3 runtime: 2.700000 sec
[INFO] Final 2D results: 
[Overflow Report] total Usage   : 421368
[Overflow Report] Max H Overflow: 0
[Overflow Report] Max V Overflow: 0
[Overflow Report] Max Overflow  : 0
[Overflow Report] Num Overflow e: 0
[Overflow Report] H   Overflow  : 0
[Overflow Report] V   Overflow  : 0
[Overflow Report] Final Overflow: 0

Layer Assignment Begins
Layer assignment finished
[INFO] 2D + Layer Assignment Runtime: 6.710000 sec
Post Processing Begins 
Post Processsing finished
 Starting via filling
[INFO] Via related to pin nodes 145736
[INFO] Via related stiner nodes 7614
Via filling finished

Final usage/overflow report: 
[INFO] Usage per layer: 
    Layer 1 usage: 0
    Layer 2 usage: 183961
    Layer 3 usage: 108350
    Layer 4 usage: 122269
    Layer 5 usage: 6817

[INFO] Capacity per layer: 
    Layer 1 capacity: 0
    Layer 2 capacity: 318763
    Layer 3 capacity: 392391
    Layer 4 capacity: 290650
    Layer 5 capacity: 205382

[INFO] Use percentage per layer: 
    Layer 1 use percentage: 0.0%
    Layer 2 use percentage: 57.71%
    Layer 3 use percentage: 27.61%
    Layer 4 use percentage: 42.07%
    Layer 5 use percentage: 3.32%

[INFO] Overflow per layer: 
    Layer 1 overflow: 0
    Layer 2 overflow: 0
    Layer 3 overflow: 0
    Layer 4 overflow: 0
    Layer 5 overflow: 0

[Overflow Report] Total Usage   : 421397
[Overflow Report] Total Capacity: 1207186
[Overflow Report] Max H Overflow: 0
[Overflow Report] Max V Overflow: 0
[Overflow Report] Max Overflow  : 0
[Overflow Report] H   Overflow  : 0
[Overflow Report] V   Overflow  : 0
[Overflow Report] Final Overflow: 0

[INFO] Final usage          : 421397
[INFO] Final number of vias : 177883
[INFO] Final usage 3D       : 955046
[INFO GRT-0018] Total wirelength: 3385025 um
[INFO GRT-0014] Num routed nets: 27382
Warning: /home/ma/ef/openlane/pdks/sky130A/libs.ref/sky130_fd_sc_hd/lib/sky130_fd_sc_hd__ss_100C_1v60.lib line 32, default_operating_condition ss_100C_1v60 not found.
Warning: /home/ma/ef/openlane/pdks/sky130A/libs.ref/sky130_fd_sc_hd/lib/sky130_fd_sc_hd__ff_n40C_1v95.lib line 31, default_operating_condition ff_n40C_1v95 not found.
create_clock [get_ports $::env(CLOCK_PORT)]  -name $::env(CLOCK_PORT)  -period $::env(CLOCK_PERIOD)
set input_delay_value [expr $::env(CLOCK_PERIOD) * $::env(IO_PCT)]
set output_delay_value [expr $::env(CLOCK_PERIOD) * $::env(IO_PCT)]
puts "\[INFO\]: Setting output delay to: $output_delay_value"
[INFO]: Setting output delay to: 10.0
puts "\[INFO\]: Setting input delay to: $input_delay_value"
[INFO]: Setting input delay to: 10.0
set_max_fanout $::env(SYNTH_MAX_FANOUT) [current_design]
set clk_indx [lsearch [all_inputs] [get_port $::env(CLOCK_PORT)]]
#set rst_indx [lsearch [all_inputs] [get_port resetn]]
set all_inputs_wo_clk [lreplace [all_inputs] $clk_indx $clk_indx]
#set all_inputs_wo_clk_rst [lreplace $all_inputs_wo_clk $rst_indx $rst_indx]
set all_inputs_wo_clk_rst $all_inputs_wo_clk
# correct resetn
set_input_delay $input_delay_value  -clock [get_clocks $::env(CLOCK_PORT)] $all_inputs_wo_clk_rst
#set_input_delay 0.0 -clock [get_clocks $::env(CLOCK_PORT)] {resetn}
set_output_delay $output_delay_value  -clock [get_clocks $::env(CLOCK_PORT)] [all_outputs]
# TODO set this as parameter
set_driving_cell -lib_cell $::env(SYNTH_DRIVING_CELL) -pin $::env(SYNTH_DRIVING_CELL_PIN) [all_inputs]
set cap_load [expr $::env(SYNTH_CAP_LOAD) / 1000.0]
puts "\[INFO\]: Setting load to: $cap_load"
[INFO]: Setting load to: 0.01765
set_load  $cap_load [all_outputs]
[WARNING GRT-0009] missing route to pin _48401_/RESET_B
[WARNING GRT-0009] missing route to pin _48382_/RESET_B
[WARNING GRT-0009] missing route to pin _47759_/RESET_B
[WARNING GRT-0009] missing route to pin _47630_/RESET_B
[WARNING GRT-0009] missing route to pin _46902_/RESET_B
[WARNING GRT-0009] missing route to pin _46899_/RESET_B
[WARNING GRT-0009] missing route to pin _46751_/RESET_B
[WARNING GRT-0009] missing route to pin _46739_/RESET_B
[WARNING GRT-0009] missing route to pin _46490_/SET_B
[WARNING GRT-0009] missing route to pin _47504_/SET_B
[WARNING GRT-0009] missing route to pin _47475_/SET_B
[WARNING GRT-0009] missing route to pin _46452_/SET_B
No paths found.
Startpoint: _46450_ (rising edge-triggered flip-flop clocked by clock)
Endpoint: _47630_ (removal check against rising-edge clock clock)
Path Group: **async_default**
Path Type: min

Fanout     Cap    Slew   Delay    Time   Description
-----------------------------------------------------------------------------
                  0.00    0.00    0.00   clock clock (rise edge)
                          0.00    0.00   clock network delay (ideal)
                  0.00    0.00    0.00 ^ _46450_/CLK (sky130_fd_sc_hd__dfstp_2)
                  0.02    0.23    0.23 v _46450_/Q (sky130_fd_sc_hd__dfstp_2)
     1    0.00                           clocking.reset_delay[0] (net)
                  0.02    0.00    0.23 v _22131_/D (sky130_fd_sc_hd__or4_2)
                  0.19    0.43    0.66 v _22131_/X (sky130_fd_sc_hd__or4_2)
     6    0.06                           _08498_ (net)
                  0.19    0.03    0.69 v _22132_/A (sky130_fd_sc_hd__buf_1)
                  0.12    0.18    0.87 v _22132_/X (sky130_fd_sc_hd__buf_1)
     8    0.03                           _08499_ (net)
                  0.12    0.01    0.88 v _22133_/A (sky130_fd_sc_hd__inv_2)
                  0.06    0.09    0.97 ^ _22133_/Y (sky130_fd_sc_hd__inv_2)
     3    0.01                           _08500_ (net)
                  0.07    0.00    0.97 ^ _22134_/A (sky130_fd_sc_hd__buf_1)
                  0.55    0.40    1.38 ^ _22134_/X (sky130_fd_sc_hd__buf_1)
     8    0.06                           _08501_ (net)
                  0.55    0.02    1.40 ^ _22135_/A (sky130_fd_sc_hd__buf_1)
                  0.31    0.23    1.62 ^ _22135_/X (sky130_fd_sc_hd__buf_1)
     8    0.03                           _08502_ (net)
                  0.31    0.01    1.63 ^ _22136_/A (sky130_fd_sc_hd__buf_1)
                  0.44    0.33    1.96 ^ _22136_/X (sky130_fd_sc_hd__buf_1)
     8    0.05                           _08503_ (net)
                  0.44    0.02    1.98 ^ _22137_/A (sky130_fd_sc_hd__buf_1)
                  0.79    0.55    2.53 ^ _22137_/X (sky130_fd_sc_hd__buf_1)
     8    0.09                           _08504_ (net)
                  0.79    0.03    2.55 ^ _22138_/A (sky130_fd_sc_hd__buf_1)
                  0.22    0.15    2.71 ^ _22138_/X (sky130_fd_sc_hd__buf_1)
     8    0.02                           _08505_ (net)
                  0.22    0.01    2.71 ^ _22139_/A (sky130_fd_sc_hd__buf_1)
                  0.64    0.45    3.17 ^ _22139_/X (sky130_fd_sc_hd__buf_1)
     8    0.07                           _08506_ (net)
                  0.64    0.03    3.19 ^ _22140_/A (sky130_fd_sc_hd__buf_1)
                 15.20    9.54   12.73 ^ _22140_/X (sky130_fd_sc_hd__buf_1)
   513    1.15                           core_rstn (net)
                 15.20    0.00   12.73 ^ _47630_/RESET_B (sky130_fd_sc_hd__dfrtp_2)
                                 12.73   data arrival time

                  0.00    0.00    0.00   clock clock (rise edge)
                          0.00    0.00   clock network delay (ideal)
                          0.00    0.00   clock reconvergence pessimism
                                  0.00 ^ _47630_/CLK (sky130_fd_sc_hd__dfrtp_2)
                          3.59    3.59   library removal time
                                  3.59   data required time
-----------------------------------------------------------------------------
                                  3.59   data required time
                                -12.73   data arrival time
-----------------------------------------------------------------------------
                                  9.14   slack (MET)


Startpoint: _47877_ (rising edge-triggered flip-flop clocked by clock)
Endpoint: _44667_ (rising edge-triggered flip-flop clocked by clock)
Path Group: clock
Path Type: min

Fanout     Cap    Slew   Delay    Time   Description
-----------------------------------------------------------------------------
                  0.00    0.00    0.00   clock clock (rise edge)
                          0.00    0.00   clock network delay (ideal)
                  0.00    0.00    0.00 ^ _47877_/CLK (sky130_fd_sc_hd__dfxtp_2)
                  0.03    0.21    0.21 ^ _47877_/Q (sky130_fd_sc_hd__dfxtp_2)
     2    0.00                           soc.spimemio.spimemio.xfer.xfer_tag[2] (net)
                  0.03    0.00    0.21 ^ _44667_/D (sky130_fd_sc_hd__dfxtp_2)
                                  0.21   data arrival time

                  0.00    0.00    0.00   clock clock (rise edge)
                          0.00    0.00   clock network delay (ideal)
                          0.00    0.00   clock reconvergence pessimism
                                  0.00 ^ _44667_/CLK (sky130_fd_sc_hd__dfxtp_2)
                         -0.01   -0.01   library hold time
                                 -0.01   data required time
-----------------------------------------------------------------------------
                                 -0.01   data required time
                                 -0.21   data arrival time
-----------------------------------------------------------------------------
                                  0.23   slack (MET)


Startpoint: _46450_ (rising edge-triggered flip-flop clocked by clock)
Endpoint: _47588_ (recovery check against rising-edge clock clock)
Path Group: **async_default**
Path Type: max

Fanout     Cap    Slew   Delay    Time   Description
-----------------------------------------------------------------------------
                  0.00    0.00    0.00   clock clock (rise edge)
                          0.00    0.00   clock network delay (ideal)
                  0.00    0.00    0.00 ^ _46450_/CLK (sky130_fd_sc_hd__dfstp_2)
                  0.04    0.73    0.73 v _46450_/Q (sky130_fd_sc_hd__dfstp_2)
     1    0.00                           clocking.reset_delay[0] (net)
                  0.04    0.00    0.73 v _22131_/D (sky130_fd_sc_hd__or4_2)
                  0.54    1.80    2.52 v _22131_/X (sky130_fd_sc_hd__or4_2)
     6    0.06                           _08498_ (net)
                  0.54    0.03    2.55 v _22132_/A (sky130_fd_sc_hd__buf_1)
                  0.34    0.56    3.11 v _22132_/X (sky130_fd_sc_hd__buf_1)
     8    0.03                           _08499_ (net)
                  0.34    0.01    3.12 v _22133_/A (sky130_fd_sc_hd__inv_2)
                  0.16    0.24    3.36 ^ _22133_/Y (sky130_fd_sc_hd__inv_2)
     3    0.01                           _08500_ (net)
                  0.16    0.00    3.36 ^ _22134_/A (sky130_fd_sc_hd__buf_1)
                  1.18    0.96    4.33 ^ _22134_/X (sky130_fd_sc_hd__buf_1)
     8    0.06                           _08501_ (net)
                  1.18    0.02    4.34 ^ _22135_/A (sky130_fd_sc_hd__buf_1)
                  0.65    0.83    5.17 ^ _22135_/X (sky130_fd_sc_hd__buf_1)
     8    0.03                           _08502_ (net)
                  0.65    0.01    5.18 ^ _22136_/A (sky130_fd_sc_hd__buf_1)
                  0.94    0.94    6.12 ^ _22136_/X (sky130_fd_sc_hd__buf_1)
     8    0.05                           _08503_ (net)
                  0.94    0.02    6.14 ^ _22137_/A (sky130_fd_sc_hd__buf_1)
                  1.68    1.50    7.64 ^ _22137_/X (sky130_fd_sc_hd__buf_1)
     8    0.09                           _08504_ (net)
                  1.68    0.03    7.67 ^ _22138_/A (sky130_fd_sc_hd__buf_1)
                  0.46    0.78    8.45 ^ _22138_/X (sky130_fd_sc_hd__buf_1)
     8    0.02                           _08505_ (net)
                  0.46    0.01    8.46 ^ _22139_/A (sky130_fd_sc_hd__buf_1)
                  1.35    1.17    9.63 ^ _22139_/X (sky130_fd_sc_hd__buf_1)
     8    0.07                           _08506_ (net)
                  1.35    0.03    9.65 ^ _22140_/A (sky130_fd_sc_hd__buf_1)
                 32.44   22.42   32.07 ^ _22140_/X (sky130_fd_sc_hd__buf_1)
   513    1.11                           core_rstn (net)
                 32.56    1.58   33.65 ^ _47588_/RESET_B (sky130_fd_sc_hd__dfrtp_2)
                                 33.65   data arrival time

                  0.00   50.00   50.00   clock clock (rise edge)
                          0.00   50.00   clock network delay (ideal)
                          0.00   50.00   clock reconvergence pessimism
                                 50.00 ^ _47588_/CLK (sky130_fd_sc_hd__dfrtp_2)
                        -14.42   35.58   library recovery time
                                 35.58   data required time
-----------------------------------------------------------------------------
                                 35.58   data required time
                                -33.65   data arrival time
-----------------------------------------------------------------------------
                                  1.92   slack (MET)


Startpoint: clock (clock source 'clock')
Endpoint: mgmt_out_data[14] (output port clocked by clock)
Path Group: clock
Path Type: max

Fanout     Cap    Slew   Delay    Time   Description
-----------------------------------------------------------------------------
                  0.00   25.00   25.00   clock clock (fall edge)
                         12.89   37.89   clock network delay
                                 37.89 v mgmt_out_data[14] (out)
                                 37.89   data arrival time

                  0.00   50.00   50.00   clock clock (rise edge)
                          0.00   50.00   clock network delay (ideal)
                          0.00   50.00   clock reconvergence pessimism
                        -10.00   40.00   output external delay
                                 40.00   data required time
-----------------------------------------------------------------------------
                                 40.00   data required time
                                -37.89   data arrival time
-----------------------------------------------------------------------------
                                  2.11   slack (MET)


No paths found.
wns 0.00
tns 0.00
