OpenROAD 0.9.0 1415572a73
This program is licensed under the BSD-3 license. See the LICENSE file for details.
Components of this program may be licensed under more restrictive licenses which must be honored.
Notice 0: Reading LEF file:  /project/openlane/mgmt_core/runs/mgmt_core/tmp/merged_unpadded.lef
Notice 0:     Created 13 technology layers
Notice 0:     Created 25 technology vias
Notice 0:     Created 442 library cells
Notice 0: Finished LEF file:  /project/openlane/mgmt_core/runs/mgmt_core/tmp/merged_unpadded.lef
Notice 0: 
Reading DEF file: /project/openlane/mgmt_core/runs/mgmt_core/tmp/floorplan/4-ioPlacer.macro_placement.def
Notice 0: Design: mgmt_core
Notice 0:     Created 931 pins.
Notice 0:     Created 26455 components and 200202 component-terminals.
Notice 0:     Created 26827 nets and 94380 connections.
Notice 0: Finished DEF file: /project/openlane/mgmt_core/runs/mgmt_core/tmp/floorplan/4-ioPlacer.macro_placement.def
Step 1: Cut rows...
[INFO TAP-0001] Macro blocks found: 2
[INFO TAP-0002] #Original rows: 300
[INFO TAP-0003] #Cut rows: 236
Step 2: Insert endcaps...
[INFO TAP-0004] #Endcaps inserted: 1072
Step 3: Insert tapcells...
[WARNING TAP-0010] Tapcell at position (110400, 106080) will cause overlap with endcap. Skipping...
[WARNING TAP-0010] Tapcell at position (110400, 111520) will cause overlap with endcap. Skipping...
[WARNING TAP-0010] Tapcell at position (110400, 116960) will cause overlap with endcap. Skipping...
[WARNING TAP-0010] Tapcell at position (110400, 122400) will cause overlap with endcap. Skipping...
[WARNING TAP-0010] Tapcell at position (110400, 127840) will cause overlap with endcap. Skipping...
[WARNING TAP-0010] Tapcell at position (110400, 133280) will cause overlap with endcap. Skipping...
[WARNING TAP-0010] Tapcell at position (110400, 138720) will cause overlap with endcap. Skipping...
[WARNING TAP-0010] Tapcell at position (110400, 144160) will cause overlap with endcap. Skipping...
[WARNING TAP-0010] Tapcell at position (110400, 149600) will cause overlap with endcap. Skipping...
[WARNING TAP-0010] Tapcell at position (110400, 155040) will cause overlap with endcap. Skipping...
[WARNING TAP-0010] Tapcell at position (110400, 160480) will cause overlap with endcap. Skipping...
[WARNING TAP-0010] Tapcell at position (110400, 165920) will cause overlap with endcap. Skipping...
[WARNING TAP-0010] Tapcell at position (110400, 171360) will cause overlap with endcap. Skipping...
[WARNING TAP-0010] Tapcell at position (110400, 176800) will cause overlap with endcap. Skipping...
[WARNING TAP-0010] Tapcell at position (110400, 182240) will cause overlap with endcap. Skipping...
[WARNING TAP-0010] Tapcell at position (110400, 187680) will cause overlap with endcap. Skipping...
[WARNING TAP-0010] Tapcell at position (110400, 193120) will cause overlap with endcap. Skipping...
[WARNING TAP-0010] Tapcell at position (110400, 198560) will cause overlap with endcap. Skipping...
[WARNING TAP-0010] Tapcell at position (110400, 204000) will cause overlap with endcap. Skipping...
[WARNING TAP-0010] Tapcell at position (110400, 209440) will cause overlap with endcap. Skipping...
[WARNING TAP-0010] Tapcell at position (110400, 214880) will cause overlap with endcap. Skipping...
[WARNING TAP-0010] Tapcell at position (110400, 220320) will cause overlap with endcap. Skipping...
[WARNING TAP-0010] Tapcell at position (110400, 225760) will cause overlap with endcap. Skipping...
[WARNING TAP-0010] Tapcell at position (110400, 231200) will cause overlap with endcap. Skipping...
[WARNING TAP-0010] Tapcell at position (110400, 236640) will cause overlap with endcap. Skipping...
[WARNING TAP-0010] Tapcell at position (110400, 242080) will cause overlap with endcap. Skipping...
[WARNING TAP-0010] Tapcell at position (110400, 247520) will cause overlap with endcap. Skipping...
[WARNING TAP-0010] Tapcell at position (110400, 252960) will cause overlap with endcap. Skipping...
[WARNING TAP-0010] Tapcell at position (110400, 258400) will cause overlap with endcap. Skipping...
[WARNING TAP-0010] Tapcell at position (110400, 263840) will cause overlap with endcap. Skipping...
[WARNING TAP-0010] Tapcell at position (110400, 269280) will cause overlap with endcap. Skipping...
[WARNING TAP-0010] Tapcell at position (110400, 274720) will cause overlap with endcap. Skipping...
[WARNING TAP-0010] Tapcell at position (110400, 280160) will cause overlap with endcap. Skipping...
[WARNING TAP-0010] Tapcell at position (110400, 285600) will cause overlap with endcap. Skipping...
[WARNING TAP-0010] Tapcell at position (110400, 291040) will cause overlap with endcap. Skipping...
[WARNING TAP-0010] Tapcell at position (110400, 296480) will cause overlap with endcap. Skipping...
[WARNING TAP-0010] Tapcell at position (110400, 301920) will cause overlap with endcap. Skipping...
[WARNING TAP-0010] Tapcell at position (110400, 307360) will cause overlap with endcap. Skipping...
[WARNING TAP-0010] Tapcell at position (110400, 312800) will cause overlap with endcap. Skipping...
[WARNING TAP-0010] Tapcell at position (110400, 318240) will cause overlap with endcap. Skipping...
[WARNING TAP-0010] Tapcell at position (110400, 323680) will cause overlap with endcap. Skipping...
[WARNING TAP-0010] Tapcell at position (110400, 329120) will cause overlap with endcap. Skipping...
[WARNING TAP-0010] Tapcell at position (110400, 334560) will cause overlap with endcap. Skipping...
[WARNING TAP-0010] Tapcell at position (110400, 340000) will cause overlap with endcap. Skipping...
[WARNING TAP-0010] Tapcell at position (110400, 345440) will cause overlap with endcap. Skipping...
[WARNING TAP-0010] Tapcell at position (110400, 350880) will cause overlap with endcap. Skipping...
[WARNING TAP-0010] Tapcell at position (110400, 356320) will cause overlap with endcap. Skipping...
[WARNING TAP-0010] Tapcell at position (110400, 361760) will cause overlap with endcap. Skipping...
[WARNING TAP-0010] Tapcell at position (110400, 367200) will cause overlap with endcap. Skipping...
[WARNING TAP-0010] Tapcell at position (110400, 372640) will cause overlap with endcap. Skipping...
[WARNING TAP-0010] Tapcell at position (110400, 378080) will cause overlap with endcap. Skipping...
[WARNING TAP-0010] Tapcell at position (110400, 383520) will cause overlap with endcap. Skipping...
[WARNING TAP-0010] Tapcell at position (110400, 388960) will cause overlap with endcap. Skipping...
[WARNING TAP-0010] Tapcell at position (110400, 394400) will cause overlap with endcap. Skipping...
[WARNING TAP-0010] Tapcell at position (110400, 399840) will cause overlap with endcap. Skipping...
[WARNING TAP-0010] Tapcell at position (110400, 405280) will cause overlap with endcap. Skipping...
[WARNING TAP-0010] Tapcell at position (110400, 410720) will cause overlap with endcap. Skipping...
[WARNING TAP-0010] Tapcell at position (110400, 416160) will cause overlap with endcap. Skipping...
[WARNING TAP-0010] Tapcell at position (110400, 421600) will cause overlap with endcap. Skipping...
[WARNING TAP-0010] Tapcell at position (110400, 427040) will cause overlap with endcap. Skipping...
[WARNING TAP-0010] Tapcell at position (110400, 432480) will cause overlap with endcap. Skipping...
[WARNING TAP-0010] Tapcell at position (110400, 437920) will cause overlap with endcap. Skipping...
[WARNING TAP-0010] Tapcell at position (110400, 443360) will cause overlap with endcap. Skipping...
[WARNING TAP-0010] Tapcell at position (110400, 448800) will cause overlap with endcap. Skipping...
[WARNING TAP-0010] Tapcell at position (110400, 454240) will cause overlap with endcap. Skipping...
[WARNING TAP-0010] Tapcell at position (110400, 459680) will cause overlap with endcap. Skipping...
[WARNING TAP-0010] Tapcell at position (110400, 465120) will cause overlap with endcap. Skipping...
[WARNING TAP-0010] Tapcell at position (110400, 470560) will cause overlap with endcap. Skipping...
[WARNING TAP-0010] Tapcell at position (110400, 476000) will cause overlap with endcap. Skipping...
[WARNING TAP-0010] Tapcell at position (110400, 481440) will cause overlap with endcap. Skipping...
[WARNING TAP-0010] Tapcell at position (110400, 486880) will cause overlap with endcap. Skipping...
[WARNING TAP-0010] Tapcell at position (110400, 492320) will cause overlap with endcap. Skipping...
[WARNING TAP-0010] Tapcell at position (110400, 497760) will cause overlap with endcap. Skipping...
[WARNING TAP-0010] Tapcell at position (110400, 503200) will cause overlap with endcap. Skipping...
[WARNING TAP-0010] Tapcell at position (110400, 508640) will cause overlap with endcap. Skipping...
[WARNING TAP-0010] Tapcell at position (110400, 514080) will cause overlap with endcap. Skipping...
[WARNING TAP-0010] Tapcell at position (110400, 519520) will cause overlap with endcap. Skipping...
[WARNING TAP-0010] Tapcell at position (110400, 524960) will cause overlap with endcap. Skipping...
[WARNING TAP-0010] Tapcell at position (110400, 530400) will cause overlap with endcap. Skipping...
[WARNING TAP-0010] Tapcell at position (110400, 535840) will cause overlap with endcap. Skipping...
[WARNING TAP-0010] Tapcell at position (110400, 541280) will cause overlap with endcap. Skipping...
[WARNING TAP-0010] Tapcell at position (110400, 546720) will cause overlap with endcap. Skipping...
[WARNING TAP-0010] Tapcell at position (110400, 552160) will cause overlap with endcap. Skipping...
[WARNING TAP-0010] Tapcell at position (110400, 557600) will cause overlap with endcap. Skipping...
[WARNING TAP-0010] Tapcell at position (110400, 563040) will cause overlap with endcap. Skipping...
[WARNING TAP-0010] Tapcell at position (110400, 568480) will cause overlap with endcap. Skipping...
[WARNING TAP-0010] Tapcell at position (110400, 573920) will cause overlap with endcap. Skipping...
[WARNING TAP-0010] Tapcell at position (110400, 579360) will cause overlap with endcap. Skipping...
[WARNING TAP-0010] Tapcell at position (110400, 584800) will cause overlap with endcap. Skipping...
[WARNING TAP-0010] Tapcell at position (110400, 590240) will cause overlap with endcap. Skipping...
[WARNING TAP-0010] Tapcell at position (110400, 595680) will cause overlap with endcap. Skipping...
[WARNING TAP-0010] Tapcell at position (110400, 601120) will cause overlap with endcap. Skipping...
[WARNING TAP-0010] Tapcell at position (110400, 606560) will cause overlap with endcap. Skipping...
[WARNING TAP-0010] Tapcell at position (110400, 612000) will cause overlap with endcap. Skipping...
[WARNING TAP-0010] Tapcell at position (110400, 617440) will cause overlap with endcap. Skipping...
[WARNING TAP-0010] Tapcell at position (110400, 622880) will cause overlap with endcap. Skipping...
[WARNING TAP-0010] Tapcell at position (110400, 628320) will cause overlap with endcap. Skipping...
[WARNING TAP-0010] Tapcell at position (110400, 633760) will cause overlap with endcap. Skipping...
[WARNING TAP-0010] Tapcell at position (110400, 639200) will cause overlap with endcap. Skipping...
[WARNING TAP-0010] Tapcell at position (1919580, 726240) will cause overlap with endcap. Skipping...
[WARNING TAP-0010] Tapcell at position (1919580, 731680) will cause overlap with endcap. Skipping...
[WARNING TAP-0010] Tapcell at position (1919580, 737120) will cause overlap with endcap. Skipping...
[WARNING TAP-0010] Tapcell at position (1919580, 742560) will cause overlap with endcap. Skipping...
[WARNING TAP-0010] Tapcell at position (1919580, 748000) will cause overlap with endcap. Skipping...
[WARNING TAP-0010] Tapcell at position (1919580, 753440) will cause overlap with endcap. Skipping...
[WARNING TAP-0010] Tapcell at position (1919580, 758880) will cause overlap with endcap. Skipping...
[WARNING TAP-0010] Tapcell at position (1919580, 764320) will cause overlap with endcap. Skipping...
[WARNING TAP-0010] Tapcell at position (1919580, 769760) will cause overlap with endcap. Skipping...
[WARNING TAP-0010] Tapcell at position (1919580, 775200) will cause overlap with endcap. Skipping...
[WARNING TAP-0010] Tapcell at position (1919580, 780640) will cause overlap with endcap. Skipping...
[WARNING TAP-0010] Tapcell at position (1919580, 786080) will cause overlap with endcap. Skipping...
[WARNING TAP-0010] Tapcell at position (1919580, 791520) will cause overlap with endcap. Skipping...
[WARNING TAP-0010] Tapcell at position (1919580, 796960) will cause overlap with endcap. Skipping...
[WARNING TAP-0010] Tapcell at position (1919580, 802400) will cause overlap with endcap. Skipping...
[WARNING TAP-0010] Tapcell at position (1919580, 807840) will cause overlap with endcap. Skipping...
[WARNING TAP-0010] Tapcell at position (1919580, 813280) will cause overlap with endcap. Skipping...
[WARNING TAP-0010] Tapcell at position (1919580, 818720) will cause overlap with endcap. Skipping...
[INFO TAP-0005] #Tapcells inserted: 19794
