
37. Executing CHECK pass (checking for obvious problems).
checking module mgmt_core..
Warning: Wire mgmt_core.\user_irq_ena [2] is used but has no driver.
Warning: Wire mgmt_core.\user_irq_ena [1] is used but has no driver.
Warning: Wire mgmt_core.\user_irq_ena [0] is used but has no driver.
Warning: Wire mgmt_core.\user_clk is used but has no driver.
Warning: Wire mgmt_core.\sdo_outenb is used but has no driver.
Warning: Wire mgmt_core.\sdo_out is used but has no driver.
Warning: Wire mgmt_core.\pwr_ctrl_out [3] is used but has no driver.
Warning: Wire mgmt_core.\pwr_ctrl_out [2] is used but has no driver.
Warning: Wire mgmt_core.\pwr_ctrl_out [1] is used but has no driver.
Warning: Wire mgmt_core.\pwr_ctrl_out [0] is used but has no driver.
Warning: Wire mgmt_core.\mprj_we_o is used but has no driver.
Warning: Wire mgmt_core.\mprj_stb_o is used but has no driver.
Warning: Wire mgmt_core.\mprj_sel_o [3] is used but has no driver.
Warning: Wire mgmt_core.\mprj_sel_o [2] is used but has no driver.
Warning: Wire mgmt_core.\mprj_sel_o [1] is used but has no driver.
Warning: Wire mgmt_core.\mprj_sel_o [0] is used but has no driver.
Warning: Wire mgmt_core.\mprj_io_loader_resetn is used but has no driver.
Warning: Wire mgmt_core.\mprj_io_loader_data_2 is used but has no driver.
Warning: Wire mgmt_core.\mprj_io_loader_data_1 is used but has no driver.
Warning: Wire mgmt_core.\mprj_io_loader_clock is used but has no driver.
Warning: Wire mgmt_core.\mprj_dat_o [31] is used but has no driver.
Warning: Wire mgmt_core.\mprj_dat_o [30] is used but has no driver.
Warning: Wire mgmt_core.\mprj_dat_o [29] is used but has no driver.
Warning: Wire mgmt_core.\mprj_dat_o [28] is used but has no driver.
Warning: Wire mgmt_core.\mprj_dat_o [27] is used but has no driver.
Warning: Wire mgmt_core.\mprj_dat_o [26] is used but has no driver.
Warning: Wire mgmt_core.\mprj_dat_o [25] is used but has no driver.
Warning: Wire mgmt_core.\mprj_dat_o [24] is used but has no driver.
Warning: Wire mgmt_core.\mprj_dat_o [23] is used but has no driver.
Warning: Wire mgmt_core.\mprj_dat_o [22] is used but has no driver.
Warning: Wire mgmt_core.\mprj_dat_o [21] is used but has no driver.
Warning: Wire mgmt_core.\mprj_dat_o [20] is used but has no driver.
Warning: Wire mgmt_core.\mprj_dat_o [19] is used but has no driver.
Warning: Wire mgmt_core.\mprj_dat_o [18] is used but has no driver.
Warning: Wire mgmt_core.\mprj_dat_o [17] is used but has no driver.
Warning: Wire mgmt_core.\mprj_dat_o [16] is used but has no driver.
Warning: Wire mgmt_core.\mprj_dat_o [15] is used but has no driver.
Warning: Wire mgmt_core.\mprj_dat_o [14] is used but has no driver.
Warning: Wire mgmt_core.\mprj_dat_o [13] is used but has no driver.
Warning: Wire mgmt_core.\mprj_dat_o [12] is used but has no driver.
Warning: Wire mgmt_core.\mprj_dat_o [11] is used but has no driver.
Warning: Wire mgmt_core.\mprj_dat_o [10] is used but has no driver.
Warning: Wire mgmt_core.\mprj_dat_o [9] is used but has no driver.
Warning: Wire mgmt_core.\mprj_dat_o [8] is used but has no driver.
Warning: Wire mgmt_core.\mprj_dat_o [7] is used but has no driver.
Warning: Wire mgmt_core.\mprj_dat_o [6] is used but has no driver.
Warning: Wire mgmt_core.\mprj_dat_o [5] is used but has no driver.
Warning: Wire mgmt_core.\mprj_dat_o [4] is used but has no driver.
Warning: Wire mgmt_core.\mprj_dat_o [3] is used but has no driver.
Warning: Wire mgmt_core.\mprj_dat_o [2] is used but has no driver.
Warning: Wire mgmt_core.\mprj_dat_o [1] is used but has no driver.
Warning: Wire mgmt_core.\mprj_dat_o [0] is used but has no driver.
Warning: Wire mgmt_core.\mprj_cyc_o is used but has no driver.
Warning: Wire mgmt_core.\mprj_adr_o [31] is used but has no driver.
Warning: Wire mgmt_core.\mprj_adr_o [30] is used but has no driver.
Warning: Wire mgmt_core.\mprj_adr_o [29] is used but has no driver.
Warning: Wire mgmt_core.\mprj_adr_o [28] is used but has no driver.
Warning: Wire mgmt_core.\mprj_adr_o [27] is used but has no driver.
Warning: Wire mgmt_core.\mprj_adr_o [26] is used but has no driver.
Warning: Wire mgmt_core.\mprj_adr_o [25] is used but has no driver.
Warning: Wire mgmt_core.\mprj_adr_o [24] is used but has no driver.
Warning: Wire mgmt_core.\mprj_adr_o [23] is used but has no driver.
Warning: Wire mgmt_core.\mprj_adr_o [22] is used but has no driver.
Warning: Wire mgmt_core.\mprj_adr_o [21] is used but has no driver.
Warning: Wire mgmt_core.\mprj_adr_o [20] is used but has no driver.
Warning: Wire mgmt_core.\mprj_adr_o [19] is used but has no driver.
Warning: Wire mgmt_core.\mprj_adr_o [18] is used but has no driver.
Warning: Wire mgmt_core.\mprj_adr_o [17] is used but has no driver.
Warning: Wire mgmt_core.\mprj_adr_o [16] is used but has no driver.
Warning: Wire mgmt_core.\mprj_adr_o [15] is used but has no driver.
Warning: Wire mgmt_core.\mprj_adr_o [14] is used but has no driver.
Warning: Wire mgmt_core.\mprj_adr_o [13] is used but has no driver.
Warning: Wire mgmt_core.\mprj_adr_o [12] is used but has no driver.
Warning: Wire mgmt_core.\mprj_adr_o [11] is used but has no driver.
Warning: Wire mgmt_core.\mprj_adr_o [10] is used but has no driver.
Warning: Wire mgmt_core.\mprj_adr_o [9] is used but has no driver.
Warning: Wire mgmt_core.\mprj_adr_o [8] is used but has no driver.
Warning: Wire mgmt_core.\mprj_adr_o [7] is used but has no driver.
Warning: Wire mgmt_core.\mprj_adr_o [6] is used but has no driver.
Warning: Wire mgmt_core.\mprj_adr_o [5] is used but has no driver.
Warning: Wire mgmt_core.\mprj_adr_o [4] is used but has no driver.
Warning: Wire mgmt_core.\mprj_adr_o [3] is used but has no driver.
Warning: Wire mgmt_core.\mprj_adr_o [2] is used but has no driver.
Warning: Wire mgmt_core.\mprj_adr_o [1] is used but has no driver.
Warning: Wire mgmt_core.\mprj_adr_o [0] is used but has no driver.
Warning: Wire mgmt_core.\mgmt_wen_mask [7] is used but has no driver.
Warning: Wire mgmt_core.\mgmt_wen_mask [6] is used but has no driver.
Warning: Wire mgmt_core.\mgmt_wen_mask [5] is used but has no driver.
Warning: Wire mgmt_core.\mgmt_wen_mask [4] is used but has no driver.
Warning: Wire mgmt_core.\mgmt_wen_mask [3] is used but has no driver.
Warning: Wire mgmt_core.\mgmt_wen_mask [2] is used but has no driver.
Warning: Wire mgmt_core.\mgmt_wen_mask [1] is used but has no driver.
Warning: Wire mgmt_core.\mgmt_wen_mask [0] is used but has no driver.
Warning: Wire mgmt_core.\mgmt_wen [1] is used but has no driver.
Warning: Wire mgmt_core.\mgmt_wen [0] is used but has no driver.
Warning: Wire mgmt_core.\mgmt_out_data [37] is used but has no driver.
Warning: Wire mgmt_core.\mgmt_out_data [36] is used but has no driver.
Warning: Wire mgmt_core.\mgmt_out_data [35] is used but has no driver.
Warning: Wire mgmt_core.\mgmt_out_data [34] is used but has no driver.
Warning: Wire mgmt_core.\mgmt_out_data [33] is used but has no driver.
Warning: Wire mgmt_core.\mgmt_out_data [32] is used but has no driver.
Warning: Wire mgmt_core.\mgmt_out_data [31] is used but has no driver.
Warning: Wire mgmt_core.\mgmt_out_data [30] is used but has no driver.
Warning: Wire mgmt_core.\mgmt_out_data [29] is used but has no driver.
Warning: Wire mgmt_core.\mgmt_out_data [28] is used but has no driver.
Warning: Wire mgmt_core.\mgmt_out_data [27] is used but has no driver.
Warning: Wire mgmt_core.\mgmt_out_data [26] is used but has no driver.
Warning: Wire mgmt_core.\mgmt_out_data [25] is used but has no driver.
Warning: Wire mgmt_core.\mgmt_out_data [24] is used but has no driver.
Warning: Wire mgmt_core.\mgmt_out_data [23] is used but has no driver.
Warning: Wire mgmt_core.\mgmt_out_data [22] is used but has no driver.
Warning: Wire mgmt_core.\mgmt_out_data [21] is used but has no driver.
Warning: Wire mgmt_core.\mgmt_out_data [20] is used but has no driver.
Warning: Wire mgmt_core.\mgmt_out_data [19] is used but has no driver.
Warning: Wire mgmt_core.\mgmt_out_data [18] is used but has no driver.
Warning: Wire mgmt_core.\mgmt_out_data [17] is used but has no driver.
Warning: Wire mgmt_core.\mgmt_out_data [16] is used but has no driver.
Warning: Wire mgmt_core.\mgmt_out_data [15] is used but has no driver.
Warning: Wire mgmt_core.\mgmt_out_data [14] is used but has no driver.
Warning: Wire mgmt_core.\mgmt_out_data [13] is used but has no driver.
Warning: Wire mgmt_core.\mgmt_out_data [12] is used but has no driver.
Warning: Wire mgmt_core.\mgmt_out_data [11] is used but has no driver.
Warning: Wire mgmt_core.\mgmt_out_data [10] is used but has no driver.
Warning: Wire mgmt_core.\mgmt_out_data [9] is used but has no driver.
Warning: Wire mgmt_core.\mgmt_out_data [8] is used but has no driver.
Warning: Wire mgmt_core.\mgmt_out_data [7] is used but has no driver.
Warning: Wire mgmt_core.\mgmt_out_data [6] is used but has no driver.
Warning: Wire mgmt_core.\mgmt_out_data [5] is used but has no driver.
Warning: Wire mgmt_core.\mgmt_out_data [4] is used but has no driver.
Warning: Wire mgmt_core.\mgmt_out_data [3] is used but has no driver.
Warning: Wire mgmt_core.\mgmt_out_data [2] is used but has no driver.
Warning: Wire mgmt_core.\mgmt_out_data [1] is used but has no driver.
Warning: Wire mgmt_core.\mgmt_out_data [0] is used but has no driver.
Warning: Wire mgmt_core.\mgmt_ena_ro is used but has no driver.
Warning: Wire mgmt_core.\mgmt_ena [1] is used but has no driver.
Warning: Wire mgmt_core.\mgmt_ena [0] is used but has no driver.
Warning: Wire mgmt_core.\mgmt_addr_ro [7] is used but has no driver.
Warning: Wire mgmt_core.\mgmt_addr_ro [6] is used but has no driver.
Warning: Wire mgmt_core.\mgmt_addr_ro [5] is used but has no driver.
Warning: Wire mgmt_core.\mgmt_addr_ro [4] is used but has no driver.
Warning: Wire mgmt_core.\mgmt_addr_ro [3] is used but has no driver.
Warning: Wire mgmt_core.\mgmt_addr_ro [2] is used but has no driver.
Warning: Wire mgmt_core.\mgmt_addr_ro [1] is used but has no driver.
Warning: Wire mgmt_core.\mgmt_addr_ro [0] is used but has no driver.
Warning: Wire mgmt_core.\la_output [127] is used but has no driver.
Warning: Wire mgmt_core.\la_output [126] is used but has no driver.
Warning: Wire mgmt_core.\la_output [125] is used but has no driver.
Warning: Wire mgmt_core.\la_output [124] is used but has no driver.
Warning: Wire mgmt_core.\la_output [123] is used but has no driver.
Warning: Wire mgmt_core.\la_output [122] is used but has no driver.
Warning: Wire mgmt_core.\la_output [121] is used but has no driver.
Warning: Wire mgmt_core.\la_output [120] is used but has no driver.
Warning: Wire mgmt_core.\la_output [119] is used but has no driver.
Warning: Wire mgmt_core.\la_output [118] is used but has no driver.
Warning: Wire mgmt_core.\la_output [117] is used but has no driver.
Warning: Wire mgmt_core.\la_output [116] is used but has no driver.
Warning: Wire mgmt_core.\la_output [115] is used but has no driver.
Warning: Wire mgmt_core.\la_output [114] is used but has no driver.
Warning: Wire mgmt_core.\la_output [113] is used but has no driver.
Warning: Wire mgmt_core.\la_output [112] is used but has no driver.
Warning: Wire mgmt_core.\la_output [111] is used but has no driver.
Warning: Wire mgmt_core.\la_output [110] is used but has no driver.
Warning: Wire mgmt_core.\la_output [109] is used but has no driver.
Warning: Wire mgmt_core.\la_output [108] is used but has no driver.
Warning: Wire mgmt_core.\la_output [107] is used but has no driver.
Warning: Wire mgmt_core.\la_output [106] is used but has no driver.
Warning: Wire mgmt_core.\la_output [105] is used but has no driver.
Warning: Wire mgmt_core.\la_output [104] is used but has no driver.
Warning: Wire mgmt_core.\la_output [103] is used but has no driver.
Warning: Wire mgmt_core.\la_output [102] is used but has no driver.
Warning: Wire mgmt_core.\la_output [101] is used but has no driver.
Warning: Wire mgmt_core.\la_output [100] is used but has no driver.
Warning: Wire mgmt_core.\la_output [99] is used but has no driver.
Warning: Wire mgmt_core.\la_output [98] is used but has no driver.
Warning: Wire mgmt_core.\la_output [97] is used but has no driver.
Warning: Wire mgmt_core.\la_output [96] is used but has no driver.
Warning: Wire mgmt_core.\la_output [95] is used but has no driver.
Warning: Wire mgmt_core.\la_output [94] is used but has no driver.
Warning: Wire mgmt_core.\la_output [93] is used but has no driver.
Warning: Wire mgmt_core.\la_output [92] is used but has no driver.
Warning: Wire mgmt_core.\la_output [91] is used but has no driver.
Warning: Wire mgmt_core.\la_output [90] is used but has no driver.
Warning: Wire mgmt_core.\la_output [89] is used but has no driver.
Warning: Wire mgmt_core.\la_output [88] is used but has no driver.
Warning: Wire mgmt_core.\la_output [87] is used but has no driver.
Warning: Wire mgmt_core.\la_output [86] is used but has no driver.
Warning: Wire mgmt_core.\la_output [85] is used but has no driver.
Warning: Wire mgmt_core.\la_output [84] is used but has no driver.
Warning: Wire mgmt_core.\la_output [83] is used but has no driver.
Warning: Wire mgmt_core.\la_output [82] is used but has no driver.
Warning: Wire mgmt_core.\la_output [81] is used but has no driver.
Warning: Wire mgmt_core.\la_output [80] is used but has no driver.
Warning: Wire mgmt_core.\la_output [79] is used but has no driver.
Warning: Wire mgmt_core.\la_output [78] is used but has no driver.
Warning: Wire mgmt_core.\la_output [77] is used but has no driver.
Warning: Wire mgmt_core.\la_output [76] is used but has no driver.
Warning: Wire mgmt_core.\la_output [75] is used but has no driver.
Warning: Wire mgmt_core.\la_output [74] is used but has no driver.
Warning: Wire mgmt_core.\la_output [73] is used but has no driver.
Warning: Wire mgmt_core.\la_output [72] is used but has no driver.
Warning: Wire mgmt_core.\la_output [71] is used but has no driver.
Warning: Wire mgmt_core.\la_output [70] is used but has no driver.
Warning: Wire mgmt_core.\la_output [69] is used but has no driver.
Warning: Wire mgmt_core.\la_output [68] is used but has no driver.
Warning: Wire mgmt_core.\la_output [67] is used but has no driver.
Warning: Wire mgmt_core.\la_output [66] is used but has no driver.
Warning: Wire mgmt_core.\la_output [65] is used but has no driver.
Warning: Wire mgmt_core.\la_output [64] is used but has no driver.
Warning: Wire mgmt_core.\la_output [63] is used but has no driver.
Warning: Wire mgmt_core.\la_output [62] is used but has no driver.
Warning: Wire mgmt_core.\la_output [61] is used but has no driver.
Warning: Wire mgmt_core.\la_output [60] is used but has no driver.
Warning: Wire mgmt_core.\la_output [59] is used but has no driver.
Warning: Wire mgmt_core.\la_output [58] is used but has no driver.
Warning: Wire mgmt_core.\la_output [57] is used but has no driver.
Warning: Wire mgmt_core.\la_output [56] is used but has no driver.
Warning: Wire mgmt_core.\la_output [55] is used but has no driver.
Warning: Wire mgmt_core.\la_output [54] is used but has no driver.
Warning: Wire mgmt_core.\la_output [53] is used but has no driver.
Warning: Wire mgmt_core.\la_output [52] is used but has no driver.
Warning: Wire mgmt_core.\la_output [51] is used but has no driver.
Warning: Wire mgmt_core.\la_output [50] is used but has no driver.
Warning: Wire mgmt_core.\la_output [49] is used but has no driver.
Warning: Wire mgmt_core.\la_output [48] is used but has no driver.
Warning: Wire mgmt_core.\la_output [47] is used but has no driver.
Warning: Wire mgmt_core.\la_output [46] is used but has no driver.
Warning: Wire mgmt_core.\la_output [45] is used but has no driver.
Warning: Wire mgmt_core.\la_output [44] is used but has no driver.
Warning: Wire mgmt_core.\la_output [43] is used but has no driver.
Warning: Wire mgmt_core.\la_output [42] is used but has no driver.
Warning: Wire mgmt_core.\la_output [41] is used but has no driver.
Warning: Wire mgmt_core.\la_output [40] is used but has no driver.
Warning: Wire mgmt_core.\la_output [39] is used but has no driver.
Warning: Wire mgmt_core.\la_output [38] is used but has no driver.
Warning: Wire mgmt_core.\la_output [37] is used but has no driver.
Warning: Wire mgmt_core.\la_output [36] is used but has no driver.
Warning: Wire mgmt_core.\la_output [35] is used but has no driver.
Warning: Wire mgmt_core.\la_output [34] is used but has no driver.
Warning: Wire mgmt_core.\la_output [33] is used but has no driver.
Warning: Wire mgmt_core.\la_output [32] is used but has no driver.
Warning: Wire mgmt_core.\la_output [31] is used but has no driver.
Warning: Wire mgmt_core.\la_output [30] is used but has no driver.
Warning: Wire mgmt_core.\la_output [29] is used but has no driver.
Warning: Wire mgmt_core.\la_output [28] is used but has no driver.
Warning: Wire mgmt_core.\la_output [27] is used but has no driver.
Warning: Wire mgmt_core.\la_output [26] is used but has no driver.
Warning: Wire mgmt_core.\la_output [25] is used but has no driver.
Warning: Wire mgmt_core.\la_output [24] is used but has no driver.
Warning: Wire mgmt_core.\la_output [23] is used but has no driver.
Warning: Wire mgmt_core.\la_output [22] is used but has no driver.
Warning: Wire mgmt_core.\la_output [21] is used but has no driver.
Warning: Wire mgmt_core.\la_output [20] is used but has no driver.
Warning: Wire mgmt_core.\la_output [19] is used but has no driver.
Warning: Wire mgmt_core.\la_output [18] is used but has no driver.
Warning: Wire mgmt_core.\la_output [17] is used but has no driver.
Warning: Wire mgmt_core.\la_output [16] is used but has no driver.
Warning: Wire mgmt_core.\la_output [15] is used but has no driver.
Warning: Wire mgmt_core.\la_output [14] is used but has no driver.
Warning: Wire mgmt_core.\la_output [13] is used but has no driver.
Warning: Wire mgmt_core.\la_output [12] is used but has no driver.
Warning: Wire mgmt_core.\la_output [11] is used but has no driver.
Warning: Wire mgmt_core.\la_output [10] is used but has no driver.
Warning: Wire mgmt_core.\la_output [9] is used but has no driver.
Warning: Wire mgmt_core.\la_output [8] is used but has no driver.
Warning: Wire mgmt_core.\la_output [7] is used but has no driver.
Warning: Wire mgmt_core.\la_output [6] is used but has no driver.
Warning: Wire mgmt_core.\la_output [5] is used but has no driver.
Warning: Wire mgmt_core.\la_output [4] is used but has no driver.
Warning: Wire mgmt_core.\la_output [3] is used but has no driver.
Warning: Wire mgmt_core.\la_output [2] is used but has no driver.
Warning: Wire mgmt_core.\la_output [1] is used but has no driver.
Warning: Wire mgmt_core.\la_output [0] is used but has no driver.
Warning: Wire mgmt_core.\la_oenb [127] is used but has no driver.
Warning: Wire mgmt_core.\la_oenb [126] is used but has no driver.
Warning: Wire mgmt_core.\la_oenb [125] is used but has no driver.
Warning: Wire mgmt_core.\la_oenb [124] is used but has no driver.
Warning: Wire mgmt_core.\la_oenb [123] is used but has no driver.
Warning: Wire mgmt_core.\la_oenb [122] is used but has no driver.
Warning: Wire mgmt_core.\la_oenb [121] is used but has no driver.
Warning: Wire mgmt_core.\la_oenb [120] is used but has no driver.
Warning: Wire mgmt_core.\la_oenb [119] is used but has no driver.
Warning: Wire mgmt_core.\la_oenb [118] is used but has no driver.
Warning: Wire mgmt_core.\la_oenb [117] is used but has no driver.
Warning: Wire mgmt_core.\la_oenb [116] is used but has no driver.
Warning: Wire mgmt_core.\la_oenb [115] is used but has no driver.
Warning: Wire mgmt_core.\la_oenb [114] is used but has no driver.
Warning: Wire mgmt_core.\la_oenb [113] is used but has no driver.
Warning: Wire mgmt_core.\la_oenb [112] is used but has no driver.
Warning: Wire mgmt_core.\la_oenb [111] is used but has no driver.
Warning: Wire mgmt_core.\la_oenb [110] is used but has no driver.
Warning: Wire mgmt_core.\la_oenb [109] is used but has no driver.
Warning: Wire mgmt_core.\la_oenb [108] is used but has no driver.
Warning: Wire mgmt_core.\la_oenb [107] is used but has no driver.
Warning: Wire mgmt_core.\la_oenb [106] is used but has no driver.
Warning: Wire mgmt_core.\la_oenb [105] is used but has no driver.
Warning: Wire mgmt_core.\la_oenb [104] is used but has no driver.
Warning: Wire mgmt_core.\la_oenb [103] is used but has no driver.
Warning: Wire mgmt_core.\la_oenb [102] is used but has no driver.
Warning: Wire mgmt_core.\la_oenb [101] is used but has no driver.
Warning: Wire mgmt_core.\la_oenb [100] is used but has no driver.
Warning: Wire mgmt_core.\la_oenb [99] is used but has no driver.
Warning: Wire mgmt_core.\la_oenb [98] is used but has no driver.
Warning: Wire mgmt_core.\la_oenb [97] is used but has no driver.
Warning: Wire mgmt_core.\la_oenb [96] is used but has no driver.
Warning: Wire mgmt_core.\la_oenb [95] is used but has no driver.
Warning: Wire mgmt_core.\la_oenb [94] is used but has no driver.
Warning: Wire mgmt_core.\la_oenb [93] is used but has no driver.
Warning: Wire mgmt_core.\la_oenb [92] is used but has no driver.
Warning: Wire mgmt_core.\la_oenb [91] is used but has no driver.
Warning: Wire mgmt_core.\la_oenb [90] is used but has no driver.
Warning: Wire mgmt_core.\la_oenb [89] is used but has no driver.
Warning: Wire mgmt_core.\la_oenb [88] is used but has no driver.
Warning: Wire mgmt_core.\la_oenb [87] is used but has no driver.
Warning: Wire mgmt_core.\la_oenb [86] is used but has no driver.
Warning: Wire mgmt_core.\la_oenb [85] is used but has no driver.
Warning: Wire mgmt_core.\la_oenb [84] is used but has no driver.
Warning: Wire mgmt_core.\la_oenb [83] is used but has no driver.
Warning: Wire mgmt_core.\la_oenb [82] is used but has no driver.
Warning: Wire mgmt_core.\la_oenb [81] is used but has no driver.
Warning: Wire mgmt_core.\la_oenb [80] is used but has no driver.
Warning: Wire mgmt_core.\la_oenb [79] is used but has no driver.
Warning: Wire mgmt_core.\la_oenb [78] is used but has no driver.
Warning: Wire mgmt_core.\la_oenb [77] is used but has no driver.
Warning: Wire mgmt_core.\la_oenb [76] is used but has no driver.
Warning: Wire mgmt_core.\la_oenb [75] is used but has no driver.
Warning: Wire mgmt_core.\la_oenb [74] is used but has no driver.
Warning: Wire mgmt_core.\la_oenb [73] is used but has no driver.
Warning: Wire mgmt_core.\la_oenb [72] is used but has no driver.
Warning: Wire mgmt_core.\la_oenb [71] is used but has no driver.
Warning: Wire mgmt_core.\la_oenb [70] is used but has no driver.
Warning: Wire mgmt_core.\la_oenb [69] is used but has no driver.
Warning: Wire mgmt_core.\la_oenb [68] is used but has no driver.
Warning: Wire mgmt_core.\la_oenb [67] is used but has no driver.
Warning: Wire mgmt_core.\la_oenb [66] is used but has no driver.
Warning: Wire mgmt_core.\la_oenb [65] is used but has no driver.
Warning: Wire mgmt_core.\la_oenb [64] is used but has no driver.
Warning: Wire mgmt_core.\la_oenb [63] is used but has no driver.
Warning: Wire mgmt_core.\la_oenb [62] is used but has no driver.
Warning: Wire mgmt_core.\la_oenb [61] is used but has no driver.
Warning: Wire mgmt_core.\la_oenb [60] is used but has no driver.
Warning: Wire mgmt_core.\la_oenb [59] is used but has no driver.
Warning: Wire mgmt_core.\la_oenb [58] is used but has no driver.
Warning: Wire mgmt_core.\la_oenb [57] is used but has no driver.
Warning: Wire mgmt_core.\la_oenb [56] is used but has no driver.
Warning: Wire mgmt_core.\la_oenb [55] is used but has no driver.
Warning: Wire mgmt_core.\la_oenb [54] is used but has no driver.
Warning: Wire mgmt_core.\la_oenb [53] is used but has no driver.
Warning: Wire mgmt_core.\la_oenb [52] is used but has no driver.
Warning: Wire mgmt_core.\la_oenb [51] is used but has no driver.
Warning: Wire mgmt_core.\la_oenb [50] is used but has no driver.
Warning: Wire mgmt_core.\la_oenb [49] is used but has no driver.
Warning: Wire mgmt_core.\la_oenb [48] is used but has no driver.
Warning: Wire mgmt_core.\la_oenb [47] is used but has no driver.
Warning: Wire mgmt_core.\la_oenb [46] is used but has no driver.
Warning: Wire mgmt_core.\la_oenb [45] is used but has no driver.
Warning: Wire mgmt_core.\la_oenb [44] is used but has no driver.
Warning: Wire mgmt_core.\la_oenb [43] is used but has no driver.
Warning: Wire mgmt_core.\la_oenb [42] is used but has no driver.
Warning: Wire mgmt_core.\la_oenb [41] is used but has no driver.
Warning: Wire mgmt_core.\la_oenb [40] is used but has no driver.
Warning: Wire mgmt_core.\la_oenb [39] is used but has no driver.
Warning: Wire mgmt_core.\la_oenb [38] is used but has no driver.
Warning: Wire mgmt_core.\la_oenb [37] is used but has no driver.
Warning: Wire mgmt_core.\la_oenb [36] is used but has no driver.
Warning: Wire mgmt_core.\la_oenb [35] is used but has no driver.
Warning: Wire mgmt_core.\la_oenb [34] is used but has no driver.
Warning: Wire mgmt_core.\la_oenb [33] is used but has no driver.
Warning: Wire mgmt_core.\la_oenb [32] is used but has no driver.
Warning: Wire mgmt_core.\la_oenb [31] is used but has no driver.
Warning: Wire mgmt_core.\la_oenb [30] is used but has no driver.
Warning: Wire mgmt_core.\la_oenb [29] is used but has no driver.
Warning: Wire mgmt_core.\la_oenb [28] is used but has no driver.
Warning: Wire mgmt_core.\la_oenb [27] is used but has no driver.
Warning: Wire mgmt_core.\la_oenb [26] is used but has no driver.
Warning: Wire mgmt_core.\la_oenb [25] is used but has no driver.
Warning: Wire mgmt_core.\la_oenb [24] is used but has no driver.
Warning: Wire mgmt_core.\la_oenb [23] is used but has no driver.
Warning: Wire mgmt_core.\la_oenb [22] is used but has no driver.
Warning: Wire mgmt_core.\la_oenb [21] is used but has no driver.
Warning: Wire mgmt_core.\la_oenb [20] is used but has no driver.
Warning: Wire mgmt_core.\la_oenb [19] is used but has no driver.
Warning: Wire mgmt_core.\la_oenb [18] is used but has no driver.
Warning: Wire mgmt_core.\la_oenb [17] is used but has no driver.
Warning: Wire mgmt_core.\la_oenb [16] is used but has no driver.
Warning: Wire mgmt_core.\la_oenb [15] is used but has no driver.
Warning: Wire mgmt_core.\la_oenb [14] is used but has no driver.
Warning: Wire mgmt_core.\la_oenb [13] is used but has no driver.
Warning: Wire mgmt_core.\la_oenb [12] is used but has no driver.
Warning: Wire mgmt_core.\la_oenb [11] is used but has no driver.
Warning: Wire mgmt_core.\la_oenb [10] is used but has no driver.
Warning: Wire mgmt_core.\la_oenb [9] is used but has no driver.
Warning: Wire mgmt_core.\la_oenb [8] is used but has no driver.
Warning: Wire mgmt_core.\la_oenb [7] is used but has no driver.
Warning: Wire mgmt_core.\la_oenb [6] is used but has no driver.
Warning: Wire mgmt_core.\la_oenb [5] is used but has no driver.
Warning: Wire mgmt_core.\la_oenb [4] is used but has no driver.
Warning: Wire mgmt_core.\la_oenb [3] is used but has no driver.
Warning: Wire mgmt_core.\la_oenb [2] is used but has no driver.
Warning: Wire mgmt_core.\la_oenb [1] is used but has no driver.
Warning: Wire mgmt_core.\la_oenb [0] is used but has no driver.
Warning: Wire mgmt_core.\la_iena [127] is used but has no driver.
Warning: Wire mgmt_core.\la_iena [126] is used but has no driver.
Warning: Wire mgmt_core.\la_iena [125] is used but has no driver.
Warning: Wire mgmt_core.\la_iena [124] is used but has no driver.
Warning: Wire mgmt_core.\la_iena [123] is used but has no driver.
Warning: Wire mgmt_core.\la_iena [122] is used but has no driver.
Warning: Wire mgmt_core.\la_iena [121] is used but has no driver.
Warning: Wire mgmt_core.\la_iena [120] is used but has no driver.
Warning: Wire mgmt_core.\la_iena [119] is used but has no driver.
Warning: Wire mgmt_core.\la_iena [118] is used but has no driver.
Warning: Wire mgmt_core.\la_iena [117] is used but has no driver.
Warning: Wire mgmt_core.\la_iena [116] is used but has no driver.
Warning: Wire mgmt_core.\la_iena [115] is used but has no driver.
Warning: Wire mgmt_core.\la_iena [114] is used but has no driver.
Warning: Wire mgmt_core.\la_iena [113] is used but has no driver.
Warning: Wire mgmt_core.\la_iena [112] is used but has no driver.
Warning: Wire mgmt_core.\la_iena [111] is used but has no driver.
Warning: Wire mgmt_core.\la_iena [110] is used but has no driver.
Warning: Wire mgmt_core.\la_iena [109] is used but has no driver.
Warning: Wire mgmt_core.\la_iena [108] is used but has no driver.
Warning: Wire mgmt_core.\la_iena [107] is used but has no driver.
Warning: Wire mgmt_core.\la_iena [106] is used but has no driver.
Warning: Wire mgmt_core.\la_iena [105] is used but has no driver.
Warning: Wire mgmt_core.\la_iena [104] is used but has no driver.
Warning: Wire mgmt_core.\la_iena [103] is used but has no driver.
Warning: Wire mgmt_core.\la_iena [102] is used but has no driver.
Warning: Wire mgmt_core.\la_iena [101] is used but has no driver.
Warning: Wire mgmt_core.\la_iena [100] is used but has no driver.
Warning: Wire mgmt_core.\la_iena [99] is used but has no driver.
Warning: Wire mgmt_core.\la_iena [98] is used but has no driver.
Warning: Wire mgmt_core.\la_iena [97] is used but has no driver.
Warning: Wire mgmt_core.\la_iena [96] is used but has no driver.
Warning: Wire mgmt_core.\la_iena [95] is used but has no driver.
Warning: Wire mgmt_core.\la_iena [94] is used but has no driver.
Warning: Wire mgmt_core.\la_iena [93] is used but has no driver.
Warning: Wire mgmt_core.\la_iena [92] is used but has no driver.
Warning: Wire mgmt_core.\la_iena [91] is used but has no driver.
Warning: Wire mgmt_core.\la_iena [90] is used but has no driver.
Warning: Wire mgmt_core.\la_iena [89] is used but has no driver.
Warning: Wire mgmt_core.\la_iena [88] is used but has no driver.
Warning: Wire mgmt_core.\la_iena [87] is used but has no driver.
Warning: Wire mgmt_core.\la_iena [86] is used but has no driver.
Warning: Wire mgmt_core.\la_iena [85] is used but has no driver.
Warning: Wire mgmt_core.\la_iena [84] is used but has no driver.
Warning: Wire mgmt_core.\la_iena [83] is used but has no driver.
Warning: Wire mgmt_core.\la_iena [82] is used but has no driver.
Warning: Wire mgmt_core.\la_iena [81] is used but has no driver.
Warning: Wire mgmt_core.\la_iena [80] is used but has no driver.
Warning: Wire mgmt_core.\la_iena [79] is used but has no driver.
Warning: Wire mgmt_core.\la_iena [78] is used but has no driver.
Warning: Wire mgmt_core.\la_iena [77] is used but has no driver.
Warning: Wire mgmt_core.\la_iena [76] is used but has no driver.
Warning: Wire mgmt_core.\la_iena [75] is used but has no driver.
Warning: Wire mgmt_core.\la_iena [74] is used but has no driver.
Warning: Wire mgmt_core.\la_iena [73] is used but has no driver.
Warning: Wire mgmt_core.\la_iena [72] is used but has no driver.
Warning: Wire mgmt_core.\la_iena [71] is used but has no driver.
Warning: Wire mgmt_core.\la_iena [70] is used but has no driver.
Warning: Wire mgmt_core.\la_iena [69] is used but has no driver.
Warning: Wire mgmt_core.\la_iena [68] is used but has no driver.
Warning: Wire mgmt_core.\la_iena [67] is used but has no driver.
Warning: Wire mgmt_core.\la_iena [66] is used but has no driver.
Warning: Wire mgmt_core.\la_iena [65] is used but has no driver.
Warning: Wire mgmt_core.\la_iena [64] is used but has no driver.
Warning: Wire mgmt_core.\la_iena [63] is used but has no driver.
Warning: Wire mgmt_core.\la_iena [62] is used but has no driver.
Warning: Wire mgmt_core.\la_iena [61] is used but has no driver.
Warning: Wire mgmt_core.\la_iena [60] is used but has no driver.
Warning: Wire mgmt_core.\la_iena [59] is used but has no driver.
Warning: Wire mgmt_core.\la_iena [58] is used but has no driver.
Warning: Wire mgmt_core.\la_iena [57] is used but has no driver.
Warning: Wire mgmt_core.\la_iena [56] is used but has no driver.
Warning: Wire mgmt_core.\la_iena [55] is used but has no driver.
Warning: Wire mgmt_core.\la_iena [54] is used but has no driver.
Warning: Wire mgmt_core.\la_iena [53] is used but has no driver.
Warning: Wire mgmt_core.\la_iena [52] is used but has no driver.
Warning: Wire mgmt_core.\la_iena [51] is used but has no driver.
Warning: Wire mgmt_core.\la_iena [50] is used but has no driver.
Warning: Wire mgmt_core.\la_iena [49] is used but has no driver.
Warning: Wire mgmt_core.\la_iena [48] is used but has no driver.
Warning: Wire mgmt_core.\la_iena [47] is used but has no driver.
Warning: Wire mgmt_core.\la_iena [46] is used but has no driver.
Warning: Wire mgmt_core.\la_iena [45] is used but has no driver.
Warning: Wire mgmt_core.\la_iena [44] is used but has no driver.
Warning: Wire mgmt_core.\la_iena [43] is used but has no driver.
Warning: Wire mgmt_core.\la_iena [42] is used but has no driver.
Warning: Wire mgmt_core.\la_iena [41] is used but has no driver.
Warning: Wire mgmt_core.\la_iena [40] is used but has no driver.
Warning: Wire mgmt_core.\la_iena [39] is used but has no driver.
Warning: Wire mgmt_core.\la_iena [38] is used but has no driver.
Warning: Wire mgmt_core.\la_iena [37] is used but has no driver.
Warning: Wire mgmt_core.\la_iena [36] is used but has no driver.
Warning: Wire mgmt_core.\la_iena [35] is used but has no driver.
Warning: Wire mgmt_core.\la_iena [34] is used but has no driver.
Warning: Wire mgmt_core.\la_iena [33] is used but has no driver.
Warning: Wire mgmt_core.\la_iena [32] is used but has no driver.
Warning: Wire mgmt_core.\la_iena [31] is used but has no driver.
Warning: Wire mgmt_core.\la_iena [30] is used but has no driver.
Warning: Wire mgmt_core.\la_iena [29] is used but has no driver.
Warning: Wire mgmt_core.\la_iena [28] is used but has no driver.
Warning: Wire mgmt_core.\la_iena [27] is used but has no driver.
Warning: Wire mgmt_core.\la_iena [26] is used but has no driver.
Warning: Wire mgmt_core.\la_iena [25] is used but has no driver.
Warning: Wire mgmt_core.\la_iena [24] is used but has no driver.
Warning: Wire mgmt_core.\la_iena [23] is used but has no driver.
Warning: Wire mgmt_core.\la_iena [22] is used but has no driver.
Warning: Wire mgmt_core.\la_iena [21] is used but has no driver.
Warning: Wire mgmt_core.\la_iena [20] is used but has no driver.
Warning: Wire mgmt_core.\la_iena [19] is used but has no driver.
Warning: Wire mgmt_core.\la_iena [18] is used but has no driver.
Warning: Wire mgmt_core.\la_iena [17] is used but has no driver.
Warning: Wire mgmt_core.\la_iena [16] is used but has no driver.
Warning: Wire mgmt_core.\la_iena [15] is used but has no driver.
Warning: Wire mgmt_core.\la_iena [14] is used but has no driver.
Warning: Wire mgmt_core.\la_iena [13] is used but has no driver.
Warning: Wire mgmt_core.\la_iena [12] is used but has no driver.
Warning: Wire mgmt_core.\la_iena [11] is used but has no driver.
Warning: Wire mgmt_core.\la_iena [10] is used but has no driver.
Warning: Wire mgmt_core.\la_iena [9] is used but has no driver.
Warning: Wire mgmt_core.\la_iena [8] is used but has no driver.
Warning: Wire mgmt_core.\la_iena [7] is used but has no driver.
Warning: Wire mgmt_core.\la_iena [6] is used but has no driver.
Warning: Wire mgmt_core.\la_iena [5] is used but has no driver.
Warning: Wire mgmt_core.\la_iena [4] is used but has no driver.
Warning: Wire mgmt_core.\la_iena [3] is used but has no driver.
Warning: Wire mgmt_core.\la_iena [2] is used but has no driver.
Warning: Wire mgmt_core.\la_iena [1] is used but has no driver.
Warning: Wire mgmt_core.\la_iena [0] is used but has no driver.
Warning: Wire mgmt_core.\jtag_outenb is used but has no driver.
Warning: Wire mgmt_core.\jtag_out is used but has no driver.
Warning: Wire mgmt_core.\gpio_outenb_pad is used but has no driver.
Warning: Wire mgmt_core.\gpio_out_pad is used but has no driver.
Warning: Wire mgmt_core.\gpio_mode1_pad is used but has no driver.
Warning: Wire mgmt_core.\gpio_mode0_pad is used but has no driver.
Warning: Wire mgmt_core.\gpio_inenb_pad is used but has no driver.
Warning: Wire mgmt_core.\flash_io3_oeb is used but has no driver.
Warning: Wire mgmt_core.\flash_io2_oeb is used but has no driver.
Warning: Wire mgmt_core.\flash_io1_oeb is used but has no driver.
Warning: Wire mgmt_core.\flash_io1_ieb is used but has no driver.
Warning: Wire mgmt_core.\flash_io1_do is used but has no driver.
Warning: Wire mgmt_core.\flash_io0_oeb is used but has no driver.
Warning: Wire mgmt_core.\flash_io0_ieb is used but has no driver.
Warning: Wire mgmt_core.\flash_io0_do is used but has no driver.
Warning: Wire mgmt_core.\flash_csb_oeb is used but has no driver.
Warning: Wire mgmt_core.\flash_csb_ieb is used but has no driver.
Warning: Wire mgmt_core.\flash_csb is used but has no driver.
Warning: Wire mgmt_core.\flash_clk_oeb is used but has no driver.
Warning: Wire mgmt_core.\flash_clk_ieb is used but has no driver.
Warning: Wire mgmt_core.\flash_clk is used but has no driver.
Warning: Wire mgmt_core.\core_rstn is used but has no driver.
Warning: Wire mgmt_core.\soc.soc_mem.mem.wen[3] is used but has no driver.
Warning: Wire mgmt_core.\soc.soc_mem.mem.wen[2] is used but has no driver.
Warning: Wire mgmt_core.\soc.soc_mem.mem.wen[1] is used but has no driver.
Warning: Wire mgmt_core.\soc.soc_mem.mem.wen[0] is used but has no driver.
Warning: Wire mgmt_core.\soc.soc_mem.mem.ena is used but has no driver.
Warning: Wire mgmt_core.\mgmt_wdata [31] is used but has no driver.
Warning: Wire mgmt_core.\mgmt_wdata [30] is used but has no driver.
Warning: Wire mgmt_core.\mgmt_wdata [29] is used but has no driver.
Warning: Wire mgmt_core.\mgmt_wdata [28] is used but has no driver.
Warning: Wire mgmt_core.\mgmt_wdata [27] is used but has no driver.
Warning: Wire mgmt_core.\mgmt_wdata [26] is used but has no driver.
Warning: Wire mgmt_core.\mgmt_wdata [25] is used but has no driver.
Warning: Wire mgmt_core.\mgmt_wdata [24] is used but has no driver.
Warning: Wire mgmt_core.\mgmt_wdata [23] is used but has no driver.
Warning: Wire mgmt_core.\mgmt_wdata [22] is used but has no driver.
Warning: Wire mgmt_core.\mgmt_wdata [21] is used but has no driver.
Warning: Wire mgmt_core.\mgmt_wdata [20] is used but has no driver.
Warning: Wire mgmt_core.\mgmt_wdata [19] is used but has no driver.
Warning: Wire mgmt_core.\mgmt_wdata [18] is used but has no driver.
Warning: Wire mgmt_core.\mgmt_wdata [17] is used but has no driver.
Warning: Wire mgmt_core.\mgmt_wdata [16] is used but has no driver.
Warning: Wire mgmt_core.\mgmt_wdata [15] is used but has no driver.
Warning: Wire mgmt_core.\mgmt_wdata [14] is used but has no driver.
Warning: Wire mgmt_core.\mgmt_wdata [13] is used but has no driver.
Warning: Wire mgmt_core.\mgmt_wdata [12] is used but has no driver.
Warning: Wire mgmt_core.\mgmt_wdata [11] is used but has no driver.
Warning: Wire mgmt_core.\mgmt_wdata [10] is used but has no driver.
Warning: Wire mgmt_core.\mgmt_wdata [9] is used but has no driver.
Warning: Wire mgmt_core.\mgmt_wdata [8] is used but has no driver.
Warning: Wire mgmt_core.\mgmt_wdata [7] is used but has no driver.
Warning: Wire mgmt_core.\mgmt_wdata [6] is used but has no driver.
Warning: Wire mgmt_core.\mgmt_wdata [5] is used but has no driver.
Warning: Wire mgmt_core.\mgmt_wdata [4] is used but has no driver.
Warning: Wire mgmt_core.\mgmt_wdata [3] is used but has no driver.
Warning: Wire mgmt_core.\mgmt_wdata [2] is used but has no driver.
Warning: Wire mgmt_core.\mgmt_wdata [1] is used but has no driver.
Warning: Wire mgmt_core.\mgmt_wdata [0] is used but has no driver.
Warning: Wire mgmt_core.\core_clk is used but has no driver.
Warning: Wire mgmt_core.\mgmt_addr [7] is used but has no driver.
Warning: Wire mgmt_core.\mgmt_addr [6] is used but has no driver.
Warning: Wire mgmt_core.\mgmt_addr [5] is used but has no driver.
Warning: Wire mgmt_core.\mgmt_addr [4] is used but has no driver.
Warning: Wire mgmt_core.\mgmt_addr [3] is used but has no driver.
Warning: Wire mgmt_core.\mgmt_addr [2] is used but has no driver.
Warning: Wire mgmt_core.\mgmt_addr [1] is used but has no driver.
Warning: Wire mgmt_core.\mgmt_addr [0] is used but has no driver.
Warning: Wire mgmt_core.\housekeeping.pll_trim[25] is used but has no driver.
Warning: Wire mgmt_core.\housekeeping.pll_trim[24] is used but has no driver.
Warning: Wire mgmt_core.\housekeeping.pll_trim[23] is used but has no driver.
Warning: Wire mgmt_core.\housekeeping.pll_trim[22] is used but has no driver.
Warning: Wire mgmt_core.\housekeeping.pll_trim[21] is used but has no driver.
Warning: Wire mgmt_core.\housekeeping.pll_trim[20] is used but has no driver.
Warning: Wire mgmt_core.\housekeeping.pll_trim[19] is used but has no driver.
Warning: Wire mgmt_core.\housekeeping.pll_trim[18] is used but has no driver.
Warning: Wire mgmt_core.\housekeeping.pll_trim[17] is used but has no driver.
Warning: Wire mgmt_core.\housekeeping.pll_trim[16] is used but has no driver.
Warning: Wire mgmt_core.\housekeeping.pll_trim[15] is used but has no driver.
Warning: Wire mgmt_core.\housekeeping.pll_trim[14] is used but has no driver.
Warning: Wire mgmt_core.\housekeeping.pll_trim[13] is used but has no driver.
Warning: Wire mgmt_core.\housekeeping.pll_trim[12] is used but has no driver.
Warning: Wire mgmt_core.\housekeeping.pll_trim[11] is used but has no driver.
Warning: Wire mgmt_core.\housekeeping.pll_trim[10] is used but has no driver.
Warning: Wire mgmt_core.\housekeeping.pll_trim[9] is used but has no driver.
Warning: Wire mgmt_core.\housekeeping.pll_trim[8] is used but has no driver.
Warning: Wire mgmt_core.\housekeeping.pll_trim[7] is used but has no driver.
Warning: Wire mgmt_core.\housekeeping.pll_trim[6] is used but has no driver.
Warning: Wire mgmt_core.\housekeeping.pll_trim[5] is used but has no driver.
Warning: Wire mgmt_core.\housekeeping.pll_trim[4] is used but has no driver.
Warning: Wire mgmt_core.\housekeeping.pll_trim[3] is used but has no driver.
Warning: Wire mgmt_core.\housekeeping.pll_trim[2] is used but has no driver.
Warning: Wire mgmt_core.\housekeeping.pll_trim[1] is used but has no driver.
Warning: Wire mgmt_core.\housekeeping.pll_trim[0] is used but has no driver.
Warning: Wire mgmt_core.\housekeeping.pll_ena is used but has no driver.
Warning: Wire mgmt_core.\housekeeping.pll_div[4] is used but has no driver.
Warning: Wire mgmt_core.\housekeeping.pll_div[3] is used but has no driver.
Warning: Wire mgmt_core.\housekeeping.pll_div[2] is used but has no driver.
Warning: Wire mgmt_core.\housekeeping.pll_div[1] is used but has no driver.
Warning: Wire mgmt_core.\housekeeping.pll_div[0] is used but has no driver.
Warning: Wire mgmt_core.\housekeeping.pll_dco_ena is used but has no driver.
found and reported 629 problems.
