
38. Printing statistics.

=== mgmt_core ===

   Number of wires:              25963
   Number of wire bits:          26827
   Number of public wires:        3832
   Number of public wire bits:    4696
   Number of memories:               0
   Number of memory bits:            0
   Number of processes:              0
   Number of cells:              26455
     DFFRAM                          1
     digital_pll                     1
     sky130_fd_sc_hd__a2111o_2       4
     sky130_fd_sc_hd__a2111oi_2      2
     sky130_fd_sc_hd__a211o_2       14
     sky130_fd_sc_hd__a211oi_2      62
     sky130_fd_sc_hd__a21bo_2       55
     sky130_fd_sc_hd__a21boi_2      37
     sky130_fd_sc_hd__a21o_2        97
     sky130_fd_sc_hd__a21oi_2      212
     sky130_fd_sc_hd__a221o_2      410
     sky130_fd_sc_hd__a221oi_2       5
     sky130_fd_sc_hd__a22o_2      2035
     sky130_fd_sc_hd__a22oi_2       10
     sky130_fd_sc_hd__a2bb2o_2     166
     sky130_fd_sc_hd__a2bb2oi_2     45
     sky130_fd_sc_hd__a311o_2        1
     sky130_fd_sc_hd__a31o_2       102
     sky130_fd_sc_hd__a31oi_2       26
     sky130_fd_sc_hd__a32o_2       119
     sky130_fd_sc_hd__a41o_2         7
     sky130_fd_sc_hd__and2_2       201
     sky130_fd_sc_hd__and2b_2        7
     sky130_fd_sc_hd__and3_2       195
     sky130_fd_sc_hd__and3b_2        3
     sky130_fd_sc_hd__and4_2        52
     sky130_fd_sc_hd__and4b_2       17
     sky130_fd_sc_hd__and4bb_2       4
     sky130_fd_sc_hd__buf_1       5289
     sky130_fd_sc_hd__buf_2         54
     sky130_fd_sc_hd__conb_1         6
     sky130_fd_sc_hd__dfrtp_2      309
     sky130_fd_sc_hd__dfstp_2       78
     sky130_fd_sc_hd__dfxtp_2     3632
     sky130_fd_sc_hd__ebufn_2       34
     sky130_fd_sc_hd__inv_2       2865
     sky130_fd_sc_hd__mux2_1      3701
     sky130_fd_sc_hd__mux2_2        56
     sky130_fd_sc_hd__mux4_1       783
     sky130_fd_sc_hd__nand2_2      164
     sky130_fd_sc_hd__nand2b_2       5
     sky130_fd_sc_hd__nand4_2       28
     sky130_fd_sc_hd__nand4b_2       1
     sky130_fd_sc_hd__nor2_2       552
     sky130_fd_sc_hd__nor2b_2        6
     sky130_fd_sc_hd__nor3_2        65
     sky130_fd_sc_hd__nor4_2         2
     sky130_fd_sc_hd__o2111a_2      23
     sky130_fd_sc_hd__o2111ai_2      1
     sky130_fd_sc_hd__o211a_2      175
     sky130_fd_sc_hd__o211ai_2       8
     sky130_fd_sc_hd__o21a_2       318
     sky130_fd_sc_hd__o21ai_2      206
     sky130_fd_sc_hd__o21ba_2        4
     sky130_fd_sc_hd__o21bai_2       3
     sky130_fd_sc_hd__o221a_2     1393
     sky130_fd_sc_hd__o221ai_2      92
     sky130_fd_sc_hd__o22a_2       651
     sky130_fd_sc_hd__o22ai_2      144
     sky130_fd_sc_hd__o2bb2a_2      39
     sky130_fd_sc_hd__o2bb2ai_2      4
     sky130_fd_sc_hd__o311a_2       16
     sky130_fd_sc_hd__o31a_2        21
     sky130_fd_sc_hd__o31ai_2        5
     sky130_fd_sc_hd__o32a_2       154
     sky130_fd_sc_hd__o41a_2         5
     sky130_fd_sc_hd__or2_2       1175
     sky130_fd_sc_hd__or2b_2        21
     sky130_fd_sc_hd__or3_2        210
     sky130_fd_sc_hd__or3b_2         7
     sky130_fd_sc_hd__or4_2        224
     sky130_fd_sc_hd__or4b_2        26
     sky130_fd_sc_hd__or4bb_2       10

   Area for cell type \DFFRAM is unknown!
   Area for cell type \digital_pll is unknown!

   Chip area for module '\mgmt_core': 272550.147200

