
Magic 8.3 revision 179 - Compiled on Tue Jun 15 07:12:53 UTC 2021.
Starting magic under Tcl interpreter
Using the terminal as the console.
Using NULL graphics device.
Processing system .magicrc file
Sourcing design .magicrc for technology sky130A ...
2 Magic internal units = 1 Lambda
Input style sky130(): scaleFactor=2, multiplier=2
Scaled tech values by 2 / 1 to match internal grid scaling
Loading sky130A Device Generator Menu ...
Loading "/openLANE_flow/scripts/magic/lef.tcl" from command line.
Reading LEF data from file /home/ma/ef/openlane/pdks/sky130A/libs.ref/sky130_fd_sc_hd/techlef/sky130_fd_sc_hd.tlef.
This action cannot be undone.
LEF read, Line 77 (Message): Unknown keyword "ANTENNAMODEL" in LEF file; ignoring.
LEF read, Line 78 (Message): Unknown keyword "ANTENNADIFFSIDEAREARATIO" in LEF file; ignoring.
LEF read, Line 110 (Message): Unknown keyword "MINENCLOSEDAREA" in LEF file; ignoring.
LEF read, Line 112 (Message): Unknown keyword "ANTENNAMODEL" in LEF file; ignoring.
LEF read, Line 113 (Message): Unknown keyword "ANTENNADIFFSIDEAREARATIO" in LEF file; ignoring.
LEF read, Line 119 (Message): Unknown keyword "MAXIMUMDENSITY" in LEF file; ignoring.
LEF read, Line 120 (Message): Unknown keyword "DENSITYCHECKWINDOW" in LEF file; ignoring.
LEF read, Line 121 (Message): Unknown keyword "DENSITYCHECKSTEP" in LEF file; ignoring.
LEF read, Line 153 (Message): Unknown keyword "MINENCLOSEDAREA" in LEF file; ignoring.
LEF read, Line 161 (Message): Unknown keyword "ANTENNAMODEL" in LEF file; ignoring.
LEF read, Line 162 (Message): Unknown keyword "ANTENNADIFFSIDEAREARATIO" in LEF file; ignoring.
LEF read, Line 164 (Message): Unknown keyword "MAXIMUMDENSITY" in LEF file; ignoring.
LEF read, Line 165 (Message): Unknown keyword "DENSITYCHECKWINDOW" in LEF file; ignoring.
LEF read, Line 166 (Message): Unknown keyword "DENSITYCHECKSTEP" in LEF file; ignoring.
LEF read, Line 202 (Message): Unknown keyword "ANTENNAMODEL" in LEF file; ignoring.
LEF read, Line 203 (Message): Unknown keyword "ANTENNADIFFSIDEAREARATIO" in LEF file; ignoring.
LEF read, Line 205 (Message): Unknown keyword "MAXIMUMDENSITY" in LEF file; ignoring.
LEF read, Line 206 (Message): Unknown keyword "DENSITYCHECKWINDOW" in LEF file; ignoring.
LEF read, Line 207 (Message): Unknown keyword "DENSITYCHECKSTEP" in LEF file; ignoring.
LEF read, Line 243 (Message): Unknown keyword "ANTENNAMODEL" in LEF file; ignoring.
LEF read, Line 244 (Message): Unknown keyword "ANTENNADIFFSIDEAREARATIO" in LEF file; ignoring.
LEF read, Line 246 (Message): Unknown keyword "MAXIMUMDENSITY" in LEF file; ignoring.
LEF read, Line 247 (Message): Unknown keyword "DENSITYCHECKWINDOW" in LEF file; ignoring.
LEF read, Line 248 (Message): Unknown keyword "DENSITYCHECKSTEP" in LEF file; ignoring.
LEF read, Line 284 (Message): Unknown keyword "ANTENNAMODEL" in LEF file; ignoring.
LEF read, Line 285 (Message): Unknown keyword "ANTENNADIFFSIDEAREARATIO" in LEF file; ignoring.
LEF read: Processed 791 lines.
Reading LEF data from file /project/openlane/mgmt_core/../../lef/DFFRAM.lef.
This action cannot be undone.
LEF read: Processed 830 lines.
Reading LEF data from file /project/openlane/mgmt_core/../../lef/digital_pll.lef.
This action cannot be undone.
LEF read: Processed 391 lines.
mgmt_core: 10000 rects
mgmt_core: 20000 rects
mgmt_core: 30000 rects
mgmt_core: 40000 rects
mgmt_core: 50000 rects
mgmt_core: 60000 rects
mgmt_core: 70000 rects
mgmt_core: 80000 rects
mgmt_core: 90000 rects
mgmt_core: 100000 rects
mgmt_core: 110000 rects
mgmt_core: 120000 rects
mgmt_core: 130000 rects
mgmt_core: 140000 rects
mgmt_core: 150000 rects
mgmt_core: 160000 rects
mgmt_core: 170000 rects
mgmt_core: 180000 rects
mgmt_core: 190000 rects
mgmt_core: 200000 rects
mgmt_core: 210000 rects
mgmt_core: 220000 rects
mgmt_core: 230000 rects
mgmt_core: 240000 rects
mgmt_core: 250000 rects
mgmt_core: 260000 rects
mgmt_core: 270000 rects
mgmt_core: 280000 rects
mgmt_core: 290000 rects
mgmt_core: 300000 rects
mgmt_core: 310000 rects
mgmt_core: 320000 rects
mgmt_core: 330000 rects
mgmt_core: 340000 rects
mgmt_core: 350000 rects
mgmt_core: 360000 rects
mgmt_core: 370000 rects
mgmt_core: 380000 rects
mgmt_core: 390000 rects
mgmt_core: 400000 rects
mgmt_core: 410000 rects
mgmt_core: 420000 rects
mgmt_core: 430000 rects
mgmt_core: 440000 rects
mgmt_core: 450000 rects
mgmt_core: 460000 rects
mgmt_core: 470000 rects
mgmt_core: 480000 rects
mgmt_core: 490000 rects
mgmt_core: 500000 rects
mgmt_core: 510000 rects
mgmt_core: 520000 rects
mgmt_core: 530000 rects
mgmt_core: 540000 rects
mgmt_core: 550000 rects
mgmt_core: 560000 rects
mgmt_core: 570000 rects
mgmt_core: 580000 rects
mgmt_core: 590000 rects
mgmt_core: 600000 rects
mgmt_core: 610000 rects
mgmt_core: 620000 rects
mgmt_core: 630000 rects
mgmt_core: 640000 rects
mgmt_core: 650000 rects
mgmt_core: 660000 rects
mgmt_core: 670000 rects
mgmt_core: 680000 rects
mgmt_core: 690000 rects
mgmt_core: 700000 rects
mgmt_core: 710000 rects
mgmt_core: 720000 rects
mgmt_core: 730000 rects
mgmt_core: 740000 rects
mgmt_core: 750000 rects
mgmt_core: 760000 rects
mgmt_core: 770000 rects
mgmt_core: 780000 rects
mgmt_core: 790000 rects
mgmt_core: 800000 rects
mgmt_core: 810000 rects
mgmt_core: 820000 rects
mgmt_core: 830000 rects
mgmt_core: 840000 rects
mgmt_core: 850000 rects
mgmt_core: 860000 rects
mgmt_core: 870000 rects
mgmt_core: 880000 rects
mgmt_core: 890000 rects
mgmt_core: 900000 rects
mgmt_core: 910000 rects
mgmt_core: 920000 rects
mgmt_core: 930000 rects
mgmt_core: 940000 rects
mgmt_core: 950000 rects
mgmt_core: 960000 rects
mgmt_core: 970000 rects
mgmt_core: 980000 rects
mgmt_core: 990000 rects
mgmt_core: 1000000 rects
mgmt_core: 1010000 rects
mgmt_core: 1020000 rects
mgmt_core: 1030000 rects
mgmt_core: 1040000 rects
mgmt_core: 1050000 rects
mgmt_core: 1060000 rects
mgmt_core: 1070000 rects
mgmt_core: 1080000 rects
mgmt_core: 1090000 rects
mgmt_core: 1100000 rects
mgmt_core: 1110000 rects
mgmt_core: 1120000 rects
mgmt_core: 1130000 rects
mgmt_core: 1140000 rects
mgmt_core: 1150000 rects
mgmt_core: 1160000 rects
mgmt_core: 1170000 rects
mgmt_core: 1180000 rects
mgmt_core: 1190000 rects
mgmt_core: 1200000 rects
mgmt_core: 1210000 rects
mgmt_core: 1220000 rects
mgmt_core: 1230000 rects
mgmt_core: 1240000 rects
mgmt_core: 1250000 rects
mgmt_core: 1260000 rects
mgmt_core: 1270000 rects
mgmt_core: 1280000 rects
mgmt_core: 1290000 rects
mgmt_core: 1300000 rects
mgmt_core: 1310000 rects
mgmt_core: 1320000 rects
mgmt_core: 1330000 rects
mgmt_core: 1340000 rects
mgmt_core: 1350000 rects
mgmt_core: 1360000 rects
mgmt_core: 1370000 rects
mgmt_core: 1380000 rects
mgmt_core: 1390000 rects
mgmt_core: 1400000 rects
mgmt_core: 1410000 rects
mgmt_core: 1420000 rects
mgmt_core: 1430000 rects
mgmt_core: 1440000 rects
mgmt_core: 1450000 rects
mgmt_core: 1460000 rects
mgmt_core: 1470000 rects
mgmt_core: 1480000 rects
mgmt_core: 1490000 rects
mgmt_core: 1500000 rects
mgmt_core: 1510000 rects
mgmt_core: 1520000 rects
mgmt_core: 1530000 rects
mgmt_core: 1540000 rects
mgmt_core: 1550000 rects
mgmt_core: 1560000 rects
mgmt_core: 1570000 rects
mgmt_core: 1580000 rects
mgmt_core: 1590000 rects
mgmt_core: 1600000 rects
mgmt_core: 1610000 rects
mgmt_core: 1620000 rects
mgmt_core: 1630000 rects
mgmt_core: 1640000 rects
mgmt_core: 1650000 rects
mgmt_core: 1660000 rects
mgmt_core: 1670000 rects
mgmt_core: 1680000 rects
mgmt_core: 1690000 rects
mgmt_core: 1700000 rects
mgmt_core: 1710000 rects
mgmt_core: 1720000 rects
mgmt_core: 1730000 rects
mgmt_core: 1740000 rects
mgmt_core: 1750000 rects
mgmt_core: 1760000 rects
mgmt_core: 1770000 rects
mgmt_core: 1780000 rects
mgmt_core: 1790000 rects
mgmt_core: 1800000 rects
mgmt_core: 1810000 rects
mgmt_core: 1820000 rects
mgmt_core: 1830000 rects
mgmt_core: 1840000 rects
mgmt_core: 1850000 rects
mgmt_core: 1860000 rects
mgmt_core: 1870000 rects
mgmt_core: 1880000 rects
mgmt_core: 1890000 rects
mgmt_core: 1900000 rects
mgmt_core: 1910000 rects
mgmt_core: 1920000 rects
mgmt_core: 1930000 rects
mgmt_core: 1940000 rects
mgmt_core: 1950000 rects
mgmt_core: 1960000 rects
mgmt_core: 1970000 rects
mgmt_core: 1980000 rects
mgmt_core: 1990000 rects
mgmt_core: 2000000 rects
mgmt_core: 2010000 rects
mgmt_core: 2020000 rects
mgmt_core: 2030000 rects
mgmt_core: 2040000 rects
mgmt_core: 2050000 rects
mgmt_core: 2060000 rects
mgmt_core: 2070000 rects
mgmt_core: 2080000 rects
mgmt_core: 2090000 rects
mgmt_core: 2100000 rects
mgmt_core: 2110000 rects
mgmt_core: 2120000 rects
mgmt_core: 2130000 rects
mgmt_core: 2140000 rects
mgmt_core: 2150000 rects
mgmt_core: 2160000 rects
mgmt_core: 2170000 rects
mgmt_core: 2180000 rects
mgmt_core: 2190000 rects
mgmt_core: 2200000 rects
mgmt_core: 2210000 rects
mgmt_core: 2220000 rects
mgmt_core: 2230000 rects
mgmt_core: 2240000 rects
mgmt_core: 2250000 rects
mgmt_core: 2260000 rects
mgmt_core: 2270000 rects
mgmt_core: 2280000 rects
mgmt_core: 2290000 rects
mgmt_core: 2300000 rects
mgmt_core: 2310000 rects
mgmt_core: 2320000 rects
mgmt_core: 2330000 rects
mgmt_core: 2340000 rects
mgmt_core: 2350000 rects
mgmt_core: 2360000 rects
mgmt_core: 2370000 rects
mgmt_core: 2380000 rects
mgmt_core: 2390000 rects
mgmt_core: 2400000 rects
mgmt_core: 2410000 rects
mgmt_core: 2420000 rects
mgmt_core: 2430000 rects
mgmt_core: 2440000 rects
mgmt_core: 2450000 rects
mgmt_core: 2460000 rects
mgmt_core: 2470000 rects
mgmt_core: 2480000 rects
mgmt_core: 2490000 rects
mgmt_core: 2500000 rects
mgmt_core: 2510000 rects
mgmt_core: 2520000 rects
mgmt_core: 2530000 rects
mgmt_core: 2540000 rects
mgmt_core: 2550000 rects
mgmt_core: 2560000 rects
mgmt_core: 2570000 rects
mgmt_core: 2580000 rects
mgmt_core: 2590000 rects
mgmt_core: 2600000 rects
mgmt_core: 2610000 rects
mgmt_core: 2620000 rects
mgmt_core: 2630000 rects
mgmt_core: 2640000 rects
mgmt_core: 2650000 rects
mgmt_core: 2660000 rects
mgmt_core: 2670000 rects
mgmt_core: 2680000 rects
mgmt_core: 2690000 rects
mgmt_core: 2700000 rects
mgmt_core: 2710000 rects
mgmt_core: 2720000 rects
mgmt_core: 2730000 rects
mgmt_core: 2740000 rects
mgmt_core: 2750000 rects
mgmt_core: 2760000 rects
mgmt_core: 2770000 rects
mgmt_core: 2780000 rects
mgmt_core: 2790000 rects
mgmt_core: 2800000 rects
Processing timestamp mismatches: digital_pll, DFFRAM.
[INFO]: Writing abstract LEF
Generating LEF output /project/openlane/mgmt_core/runs/mgmt_core/results/magic/mgmt_core.lef for cell mgmt_core:
Diagnostic:  Write LEF header for cell mgmt_core
Diagnostic:  Writing LEF output for cell mgmt_core
Warning:  Parent cell lists instance of "sky130_fd_sc_hd__decap_3" at bad file path /project/openlane/mgmt_core/runs/mgmt_core/results/magic/sky130_fd_sc_hd__decap_3.mag.
The cell exists in the search paths at /home/ma/ef/openlane/pdks/sky130A/libs.ref/sky130_fd_sc_hd/maglef/sky130_fd_sc_hd__decap_3.mag.
The discovered version will be used.
Warning:  Parent cell lists instance of "sky130_fd_sc_hd__fill_2" at bad file path /project/openlane/mgmt_core/runs/mgmt_core/results/magic/sky130_fd_sc_hd__fill_2.mag.
The cell exists in the search paths at /home/ma/ef/openlane/pdks/sky130A/libs.ref/sky130_fd_sc_hd/maglef/sky130_fd_sc_hd__fill_2.mag.
The discovered version will be used.
Warning:  Parent cell lists instance of "sky130_fd_sc_hd__fill_1" at bad file path /project/openlane/mgmt_core/runs/mgmt_core/results/magic/sky130_fd_sc_hd__fill_1.mag.
The cell exists in the search paths at /home/ma/ef/openlane/pdks/sky130A/libs.ref/sky130_fd_sc_hd/maglef/sky130_fd_sc_hd__fill_1.mag.
The discovered version will be used.
Warning:  Parent cell lists instance of "sky130_fd_sc_hd__decap_4" at bad file path /project/openlane/mgmt_core/runs/mgmt_core/results/magic/sky130_fd_sc_hd__decap_4.mag.
The cell exists in the search paths at /home/ma/ef/openlane/pdks/sky130A/libs.ref/sky130_fd_sc_hd/maglef/sky130_fd_sc_hd__decap_4.mag.
The discovered version will be used.
Warning:  Parent cell lists instance of "sky130_fd_sc_hd__decap_6" at bad file path /project/openlane/mgmt_core/runs/mgmt_core/results/magic/sky130_fd_sc_hd__decap_6.mag.
The cell exists in the search paths at /home/ma/ef/openlane/pdks/sky130A/libs.ref/sky130_fd_sc_hd/maglef/sky130_fd_sc_hd__decap_6.mag.
The discovered version will be used.
Warning:  Parent cell lists instance of "sky130_fd_sc_hd__decap_12" at bad file path /project/openlane/mgmt_core/runs/mgmt_core/results/magic/sky130_fd_sc_hd__decap_12.mag.
The cell exists in the search paths at /home/ma/ef/openlane/pdks/sky130A/libs.ref/sky130_fd_sc_hd/maglef/sky130_fd_sc_hd__decap_12.mag.
The discovered version will be used.
Warning:  Parent cell lists instance of "sky130_fd_sc_hd__diode_2" at bad file path /project/openlane/mgmt_core/runs/mgmt_core/results/magic/sky130_fd_sc_hd__diode_2.mag.
The cell exists in the search paths at /home/ma/ef/openlane/pdks/sky130A/libs.ref/sky130_fd_sc_hd/maglef/sky130_fd_sc_hd__diode_2.mag.
The discovered version will be used.
Warning:  Parent cell lists instance of "sky130_fd_sc_hd__tapvpwrvgnd_1" at bad file path /project/openlane/mgmt_core/runs/mgmt_core/results/magic/sky130_fd_sc_hd__tapvpwrvgnd_1.mag.
The cell exists in the search paths at /home/ma/ef/openlane/pdks/sky130A/libs.ref/sky130_fd_sc_hd/maglef/sky130_fd_sc_hd__tapvpwrvgnd_1.mag.
The discovered version will be used.
Warning:  Parent cell lists instance of "sky130_fd_sc_hd__dlygate4sd3_1" at bad file path /project/openlane/mgmt_core/runs/mgmt_core/results/magic/sky130_fd_sc_hd__dlygate4sd3_1.mag.
The cell exists in the search paths at /home/ma/ef/openlane/pdks/sky130A/libs.ref/sky130_fd_sc_hd/maglef/sky130_fd_sc_hd__dlygate4sd3_1.mag.
The discovered version will be used.
Warning:  Parent cell lists instance of "sky130_fd_sc_hd__decap_8" at bad file path /project/openlane/mgmt_core/runs/mgmt_core/results/magic/sky130_fd_sc_hd__decap_8.mag.
The cell exists in the search paths at /home/ma/ef/openlane/pdks/sky130A/libs.ref/sky130_fd_sc_hd/maglef/sky130_fd_sc_hd__decap_8.mag.
The discovered version will be used.
Warning:  Parent cell lists instance of "sky130_fd_sc_hd__buf_2" at bad file path /project/openlane/mgmt_core/runs/mgmt_core/results/magic/sky130_fd_sc_hd__buf_2.mag.
The cell exists in the search paths at /home/ma/ef/openlane/pdks/sky130A/libs.ref/sky130_fd_sc_hd/maglef/sky130_fd_sc_hd__buf_2.mag.
The discovered version will be used.
Warning:  Parent cell lists instance of "sky130_fd_sc_hd__dfstp_2" at bad file path /project/openlane/mgmt_core/runs/mgmt_core/results/magic/sky130_fd_sc_hd__dfstp_2.mag.
The cell exists in the search paths at /home/ma/ef/openlane/pdks/sky130A/libs.ref/sky130_fd_sc_hd/maglef/sky130_fd_sc_hd__dfstp_2.mag.
The discovered version will be used.
Warning:  Parent cell lists instance of "sky130_fd_sc_hd__and3_2" at bad file path /project/openlane/mgmt_core/runs/mgmt_core/results/magic/sky130_fd_sc_hd__and3_2.mag.
The cell exists in the search paths at /home/ma/ef/openlane/pdks/sky130A/libs.ref/sky130_fd_sc_hd/maglef/sky130_fd_sc_hd__and3_2.mag.
The discovered version will be used.
Warning:  Parent cell lists instance of "sky130_fd_sc_hd__inv_2" at bad file path /project/openlane/mgmt_core/runs/mgmt_core/results/magic/sky130_fd_sc_hd__inv_2.mag.
The cell exists in the search paths at /home/ma/ef/openlane/pdks/sky130A/libs.ref/sky130_fd_sc_hd/maglef/sky130_fd_sc_hd__inv_2.mag.
The discovered version will be used.
Warning:  Parent cell lists instance of "sky130_fd_sc_hd__a22o_2" at bad file path /project/openlane/mgmt_core/runs/mgmt_core/results/magic/sky130_fd_sc_hd__a22o_2.mag.
The cell exists in the search paths at /home/ma/ef/openlane/pdks/sky130A/libs.ref/sky130_fd_sc_hd/maglef/sky130_fd_sc_hd__a22o_2.mag.
The discovered version will be used.
Warning:  Parent cell lists instance of "sky130_fd_sc_hd__mux2_1" at bad file path /project/openlane/mgmt_core/runs/mgmt_core/results/magic/sky130_fd_sc_hd__mux2_1.mag.
The cell exists in the search paths at /home/ma/ef/openlane/pdks/sky130A/libs.ref/sky130_fd_sc_hd/maglef/sky130_fd_sc_hd__mux2_1.mag.
The discovered version will be used.
Warning:  Parent cell lists instance of "sky130_fd_sc_hd__o21a_2" at bad file path /project/openlane/mgmt_core/runs/mgmt_core/results/magic/sky130_fd_sc_hd__o21a_2.mag.
The cell exists in the search paths at /home/ma/ef/openlane/pdks/sky130A/libs.ref/sky130_fd_sc_hd/maglef/sky130_fd_sc_hd__o21a_2.mag.
The discovered version will be used.
Warning:  Parent cell lists instance of "sky130_fd_sc_hd__a31o_2" at bad file path /project/openlane/mgmt_core/runs/mgmt_core/results/magic/sky130_fd_sc_hd__a31o_2.mag.
The cell exists in the search paths at /home/ma/ef/openlane/pdks/sky130A/libs.ref/sky130_fd_sc_hd/maglef/sky130_fd_sc_hd__a31o_2.mag.
The discovered version will be used.
Warning:  Parent cell lists instance of "sky130_fd_sc_hd__buf_1" at bad file path /project/openlane/mgmt_core/runs/mgmt_core/results/magic/sky130_fd_sc_hd__buf_1.mag.
The cell exists in the search paths at /home/ma/ef/openlane/pdks/sky130A/libs.ref/sky130_fd_sc_hd/maglef/sky130_fd_sc_hd__buf_1.mag.
The discovered version will be used.
Warning:  Parent cell lists instance of "sky130_fd_sc_hd__dfrtp_2" at bad file path /project/openlane/mgmt_core/runs/mgmt_core/results/magic/sky130_fd_sc_hd__dfrtp_2.mag.
The cell exists in the search paths at /home/ma/ef/openlane/pdks/sky130A/libs.ref/sky130_fd_sc_hd/maglef/sky130_fd_sc_hd__dfrtp_2.mag.
The discovered version will be used.
Warning:  Parent cell lists instance of "sky130_fd_sc_hd__a211o_2" at bad file path /project/openlane/mgmt_core/runs/mgmt_core/results/magic/sky130_fd_sc_hd__a211o_2.mag.
The cell exists in the search paths at /home/ma/ef/openlane/pdks/sky130A/libs.ref/sky130_fd_sc_hd/maglef/sky130_fd_sc_hd__a211o_2.mag.
The discovered version will be used.
Warning:  Parent cell lists instance of "sky130_fd_sc_hd__nor3_2" at bad file path /project/openlane/mgmt_core/runs/mgmt_core/results/magic/sky130_fd_sc_hd__nor3_2.mag.
The cell exists in the search paths at /home/ma/ef/openlane/pdks/sky130A/libs.ref/sky130_fd_sc_hd/maglef/sky130_fd_sc_hd__nor3_2.mag.
The discovered version will be used.
Warning:  Parent cell lists instance of "sky130_fd_sc_hd__or2_2" at bad file path /project/openlane/mgmt_core/runs/mgmt_core/results/magic/sky130_fd_sc_hd__or2_2.mag.
The cell exists in the search paths at /home/ma/ef/openlane/pdks/sky130A/libs.ref/sky130_fd_sc_hd/maglef/sky130_fd_sc_hd__or2_2.mag.
The discovered version will be used.
Warning:  Parent cell lists instance of "sky130_fd_sc_hd__a41o_2" at bad file path /project/openlane/mgmt_core/runs/mgmt_core/results/magic/sky130_fd_sc_hd__a41o_2.mag.
The cell exists in the search paths at /home/ma/ef/openlane/pdks/sky130A/libs.ref/sky130_fd_sc_hd/maglef/sky130_fd_sc_hd__a41o_2.mag.
The discovered version will be used.
Warning:  Parent cell lists instance of "sky130_fd_sc_hd__o32a_2" at bad file path /project/openlane/mgmt_core/runs/mgmt_core/results/magic/sky130_fd_sc_hd__o32a_2.mag.
The cell exists in the search paths at /home/ma/ef/openlane/pdks/sky130A/libs.ref/sky130_fd_sc_hd/maglef/sky130_fd_sc_hd__o32a_2.mag.
The discovered version will be used.
Warning:  Parent cell lists instance of "sky130_fd_sc_hd__o31a_2" at bad file path /project/openlane/mgmt_core/runs/mgmt_core/results/magic/sky130_fd_sc_hd__o31a_2.mag.
The cell exists in the search paths at /home/ma/ef/openlane/pdks/sky130A/libs.ref/sky130_fd_sc_hd/maglef/sky130_fd_sc_hd__o31a_2.mag.
The discovered version will be used.
Warning:  Parent cell lists instance of "sky130_fd_sc_hd__nor2_2" at bad file path /project/openlane/mgmt_core/runs/mgmt_core/results/magic/sky130_fd_sc_hd__nor2_2.mag.
The cell exists in the search paths at /home/ma/ef/openlane/pdks/sky130A/libs.ref/sky130_fd_sc_hd/maglef/sky130_fd_sc_hd__nor2_2.mag.
The discovered version will be used.
Warning:  Parent cell lists instance of "sky130_fd_sc_hd__a21oi_2" at bad file path /project/openlane/mgmt_core/runs/mgmt_core/results/magic/sky130_fd_sc_hd__a21oi_2.mag.
The cell exists in the search paths at /home/ma/ef/openlane/pdks/sky130A/libs.ref/sky130_fd_sc_hd/maglef/sky130_fd_sc_hd__a21oi_2.mag.
The discovered version will be used.
Warning:  Parent cell lists instance of "sky130_fd_sc_hd__mux2_2" at bad file path /project/openlane/mgmt_core/runs/mgmt_core/results/magic/sky130_fd_sc_hd__mux2_2.mag.
The cell exists in the search paths at /home/ma/ef/openlane/pdks/sky130A/libs.ref/sky130_fd_sc_hd/maglef/sky130_fd_sc_hd__mux2_2.mag.
The discovered version will be used.
Warning:  Parent cell lists instance of "sky130_fd_sc_hd__o21ai_2" at bad file path /project/openlane/mgmt_core/runs/mgmt_core/results/magic/sky130_fd_sc_hd__o21ai_2.mag.
The cell exists in the search paths at /home/ma/ef/openlane/pdks/sky130A/libs.ref/sky130_fd_sc_hd/maglef/sky130_fd_sc_hd__o21ai_2.mag.
The discovered version will be used.
Warning:  Parent cell lists instance of "sky130_fd_sc_hd__a31oi_2" at bad file path /project/openlane/mgmt_core/runs/mgmt_core/results/magic/sky130_fd_sc_hd__a31oi_2.mag.
The cell exists in the search paths at /home/ma/ef/openlane/pdks/sky130A/libs.ref/sky130_fd_sc_hd/maglef/sky130_fd_sc_hd__a31oi_2.mag.
The discovered version will be used.
Warning:  Parent cell lists instance of "sky130_fd_sc_hd__dfxtp_2" at bad file path /project/openlane/mgmt_core/runs/mgmt_core/results/magic/sky130_fd_sc_hd__dfxtp_2.mag.
The cell exists in the search paths at /home/ma/ef/openlane/pdks/sky130A/libs.ref/sky130_fd_sc_hd/maglef/sky130_fd_sc_hd__dfxtp_2.mag.
The discovered version will be used.
Warning:  Parent cell lists instance of "sky130_fd_sc_hd__o221a_2" at bad file path /project/openlane/mgmt_core/runs/mgmt_core/results/magic/sky130_fd_sc_hd__o221a_2.mag.
The cell exists in the search paths at /home/ma/ef/openlane/pdks/sky130A/libs.ref/sky130_fd_sc_hd/maglef/sky130_fd_sc_hd__o221a_2.mag.
The discovered version will be used.
Warning:  Parent cell lists instance of "sky130_fd_sc_hd__a2bb2o_2" at bad file path /project/openlane/mgmt_core/runs/mgmt_core/results/magic/sky130_fd_sc_hd__a2bb2o_2.mag.
The cell exists in the search paths at /home/ma/ef/openlane/pdks/sky130A/libs.ref/sky130_fd_sc_hd/maglef/sky130_fd_sc_hd__a2bb2o_2.mag.
The discovered version will be used.
Warning:  Parent cell lists instance of "sky130_fd_sc_hd__conb_1" at bad file path /project/openlane/mgmt_core/runs/mgmt_core/results/magic/sky130_fd_sc_hd__conb_1.mag.
The cell exists in the search paths at /home/ma/ef/openlane/pdks/sky130A/libs.ref/sky130_fd_sc_hd/maglef/sky130_fd_sc_hd__conb_1.mag.
The discovered version will be used.
Warning:  Parent cell lists instance of "sky130_fd_sc_hd__clkbuf_16" at bad file path /project/openlane/mgmt_core/runs/mgmt_core/results/magic/sky130_fd_sc_hd__clkbuf_16.mag.
The cell exists in the search paths at /home/ma/ef/openlane/pdks/sky130A/libs.ref/sky130_fd_sc_hd/maglef/sky130_fd_sc_hd__clkbuf_16.mag.
The discovered version will be used.
Warning:  Parent cell lists instance of "sky130_fd_sc_hd__nand2_2" at bad file path /project/openlane/mgmt_core/runs/mgmt_core/results/magic/sky130_fd_sc_hd__nand2_2.mag.
The cell exists in the search paths at /home/ma/ef/openlane/pdks/sky130A/libs.ref/sky130_fd_sc_hd/maglef/sky130_fd_sc_hd__nand2_2.mag.
The discovered version will be used.
Warning:  Parent cell lists instance of "sky130_fd_sc_hd__nand2b_2" at bad file path /project/openlane/mgmt_core/runs/mgmt_core/results/magic/sky130_fd_sc_hd__nand2b_2.mag.
The cell exists in the search paths at /home/ma/ef/openlane/pdks/sky130A/libs.ref/sky130_fd_sc_hd/maglef/sky130_fd_sc_hd__nand2b_2.mag.
The discovered version will be used.
Warning:  Parent cell lists instance of "sky130_fd_sc_hd__nor2b_2" at bad file path /project/openlane/mgmt_core/runs/mgmt_core/results/magic/sky130_fd_sc_hd__nor2b_2.mag.
The cell exists in the search paths at /home/ma/ef/openlane/pdks/sky130A/libs.ref/sky130_fd_sc_hd/maglef/sky130_fd_sc_hd__nor2b_2.mag.
The discovered version will be used.
Warning:  Parent cell lists instance of "sky130_fd_sc_hd__ebufn_2" at bad file path /project/openlane/mgmt_core/runs/mgmt_core/results/magic/sky130_fd_sc_hd__ebufn_2.mag.
The cell exists in the search paths at /home/ma/ef/openlane/pdks/sky130A/libs.ref/sky130_fd_sc_hd/maglef/sky130_fd_sc_hd__ebufn_2.mag.
The discovered version will be used.
Warning:  Parent cell lists instance of "sky130_fd_sc_hd__and2_2" at bad file path /project/openlane/mgmt_core/runs/mgmt_core/results/magic/sky130_fd_sc_hd__and2_2.mag.
The cell exists in the search paths at /home/ma/ef/openlane/pdks/sky130A/libs.ref/sky130_fd_sc_hd/maglef/sky130_fd_sc_hd__and2_2.mag.
The discovered version will be used.
Warning:  Parent cell lists instance of "sky130_fd_sc_hd__a221o_2" at bad file path /project/openlane/mgmt_core/runs/mgmt_core/results/magic/sky130_fd_sc_hd__a221o_2.mag.
The cell exists in the search paths at /home/ma/ef/openlane/pdks/sky130A/libs.ref/sky130_fd_sc_hd/maglef/sky130_fd_sc_hd__a221o_2.mag.
The discovered version will be used.
Warning:  Parent cell lists instance of "sky130_fd_sc_hd__o22a_2" at bad file path /project/openlane/mgmt_core/runs/mgmt_core/results/magic/sky130_fd_sc_hd__o22a_2.mag.
The cell exists in the search paths at /home/ma/ef/openlane/pdks/sky130A/libs.ref/sky130_fd_sc_hd/maglef/sky130_fd_sc_hd__o22a_2.mag.
The discovered version will be used.
Warning:  Parent cell lists instance of "sky130_fd_sc_hd__or4_2" at bad file path /project/openlane/mgmt_core/runs/mgmt_core/results/magic/sky130_fd_sc_hd__or4_2.mag.
The cell exists in the search paths at /home/ma/ef/openlane/pdks/sky130A/libs.ref/sky130_fd_sc_hd/maglef/sky130_fd_sc_hd__or4_2.mag.
The discovered version will be used.
Warning:  Parent cell lists instance of "sky130_fd_sc_hd__or3_2" at bad file path /project/openlane/mgmt_core/runs/mgmt_core/results/magic/sky130_fd_sc_hd__or3_2.mag.
The cell exists in the search paths at /home/ma/ef/openlane/pdks/sky130A/libs.ref/sky130_fd_sc_hd/maglef/sky130_fd_sc_hd__or3_2.mag.
The discovered version will be used.
Warning:  Parent cell lists instance of "sky130_fd_sc_hd__o2111a_2" at bad file path /project/openlane/mgmt_core/runs/mgmt_core/results/magic/sky130_fd_sc_hd__o2111a_2.mag.
The cell exists in the search paths at /home/ma/ef/openlane/pdks/sky130A/libs.ref/sky130_fd_sc_hd/maglef/sky130_fd_sc_hd__o2111a_2.mag.
The discovered version will be used.
Warning:  Parent cell lists instance of "sky130_fd_sc_hd__nand4_2" at bad file path /project/openlane/mgmt_core/runs/mgmt_core/results/magic/sky130_fd_sc_hd__nand4_2.mag.
The cell exists in the search paths at /home/ma/ef/openlane/pdks/sky130A/libs.ref/sky130_fd_sc_hd/maglef/sky130_fd_sc_hd__nand4_2.mag.
The discovered version will be used.
Warning:  Parent cell lists instance of "sky130_fd_sc_hd__o211a_2" at bad file path /project/openlane/mgmt_core/runs/mgmt_core/results/magic/sky130_fd_sc_hd__o211a_2.mag.
The cell exists in the search paths at /home/ma/ef/openlane/pdks/sky130A/libs.ref/sky130_fd_sc_hd/maglef/sky130_fd_sc_hd__o211a_2.mag.
The discovered version will be used.
Warning:  Parent cell lists instance of "sky130_fd_sc_hd__and4_2" at bad file path /project/openlane/mgmt_core/runs/mgmt_core/results/magic/sky130_fd_sc_hd__and4_2.mag.
The cell exists in the search paths at /home/ma/ef/openlane/pdks/sky130A/libs.ref/sky130_fd_sc_hd/maglef/sky130_fd_sc_hd__and4_2.mag.
The discovered version will be used.
Warning:  Parent cell lists instance of "sky130_fd_sc_hd__o221ai_2" at bad file path /project/openlane/mgmt_core/runs/mgmt_core/results/magic/sky130_fd_sc_hd__o221ai_2.mag.
The cell exists in the search paths at /home/ma/ef/openlane/pdks/sky130A/libs.ref/sky130_fd_sc_hd/maglef/sky130_fd_sc_hd__o221ai_2.mag.
The discovered version will be used.
Warning:  Parent cell lists instance of "sky130_fd_sc_hd__o22ai_2" at bad file path /project/openlane/mgmt_core/runs/mgmt_core/results/magic/sky130_fd_sc_hd__o22ai_2.mag.
The cell exists in the search paths at /home/ma/ef/openlane/pdks/sky130A/libs.ref/sky130_fd_sc_hd/maglef/sky130_fd_sc_hd__o22ai_2.mag.
The discovered version will be used.
Warning:  Parent cell lists instance of "sky130_fd_sc_hd__o311a_2" at bad file path /project/openlane/mgmt_core/runs/mgmt_core/results/magic/sky130_fd_sc_hd__o311a_2.mag.
The cell exists in the search paths at /home/ma/ef/openlane/pdks/sky130A/libs.ref/sky130_fd_sc_hd/maglef/sky130_fd_sc_hd__o311a_2.mag.
The discovered version will be used.
Warning:  Parent cell lists instance of "sky130_fd_sc_hd__clkbuf_1" at bad file path /project/openlane/mgmt_core/runs/mgmt_core/results/magic/sky130_fd_sc_hd__clkbuf_1.mag.
The cell exists in the search paths at /home/ma/ef/openlane/pdks/sky130A/libs.ref/sky130_fd_sc_hd/maglef/sky130_fd_sc_hd__clkbuf_1.mag.
The discovered version will be used.
Warning:  Parent cell lists instance of "sky130_fd_sc_hd__mux4_1" at bad file path /project/openlane/mgmt_core/runs/mgmt_core/results/magic/sky130_fd_sc_hd__mux4_1.mag.
The cell exists in the search paths at /home/ma/ef/openlane/pdks/sky130A/libs.ref/sky130_fd_sc_hd/maglef/sky130_fd_sc_hd__mux4_1.mag.
The discovered version will be used.
Warning:  Parent cell lists instance of "sky130_fd_sc_hd__a32o_2" at bad file path /project/openlane/mgmt_core/runs/mgmt_core/results/magic/sky130_fd_sc_hd__a32o_2.mag.
The cell exists in the search paths at /home/ma/ef/openlane/pdks/sky130A/libs.ref/sky130_fd_sc_hd/maglef/sky130_fd_sc_hd__a32o_2.mag.
The discovered version will be used.
Warning:  Parent cell lists instance of "sky130_fd_sc_hd__or4b_2" at bad file path /project/openlane/mgmt_core/runs/mgmt_core/results/magic/sky130_fd_sc_hd__or4b_2.mag.
The cell exists in the search paths at /home/ma/ef/openlane/pdks/sky130A/libs.ref/sky130_fd_sc_hd/maglef/sky130_fd_sc_hd__or4b_2.mag.
The discovered version will be used.
Warning:  Parent cell lists instance of "sky130_fd_sc_hd__and2b_2" at bad file path /project/openlane/mgmt_core/runs/mgmt_core/results/magic/sky130_fd_sc_hd__and2b_2.mag.
The cell exists in the search paths at /home/ma/ef/openlane/pdks/sky130A/libs.ref/sky130_fd_sc_hd/maglef/sky130_fd_sc_hd__and2b_2.mag.
The discovered version will be used.
Warning:  Parent cell lists instance of "sky130_fd_sc_hd__a21bo_2" at bad file path /project/openlane/mgmt_core/runs/mgmt_core/results/magic/sky130_fd_sc_hd__a21bo_2.mag.
The cell exists in the search paths at /home/ma/ef/openlane/pdks/sky130A/libs.ref/sky130_fd_sc_hd/maglef/sky130_fd_sc_hd__a21bo_2.mag.
The discovered version will be used.
Warning:  Parent cell lists instance of "sky130_fd_sc_hd__o2bb2a_2" at bad file path /project/openlane/mgmt_core/runs/mgmt_core/results/magic/sky130_fd_sc_hd__o2bb2a_2.mag.
The cell exists in the search paths at /home/ma/ef/openlane/pdks/sky130A/libs.ref/sky130_fd_sc_hd/maglef/sky130_fd_sc_hd__o2bb2a_2.mag.
The discovered version will be used.
Warning:  Parent cell lists instance of "sky130_fd_sc_hd__a211oi_2" at bad file path /project/openlane/mgmt_core/runs/mgmt_core/results/magic/sky130_fd_sc_hd__a211oi_2.mag.
The cell exists in the search paths at /home/ma/ef/openlane/pdks/sky130A/libs.ref/sky130_fd_sc_hd/maglef/sky130_fd_sc_hd__a211oi_2.mag.
The discovered version will be used.
Warning:  Parent cell lists instance of "sky130_fd_sc_hd__or2b_2" at bad file path /project/openlane/mgmt_core/runs/mgmt_core/results/magic/sky130_fd_sc_hd__or2b_2.mag.
The cell exists in the search paths at /home/ma/ef/openlane/pdks/sky130A/libs.ref/sky130_fd_sc_hd/maglef/sky130_fd_sc_hd__or2b_2.mag.
The discovered version will be used.
Warning:  Parent cell lists instance of "sky130_fd_sc_hd__or3b_2" at bad file path /project/openlane/mgmt_core/runs/mgmt_core/results/magic/sky130_fd_sc_hd__or3b_2.mag.
The cell exists in the search paths at /home/ma/ef/openlane/pdks/sky130A/libs.ref/sky130_fd_sc_hd/maglef/sky130_fd_sc_hd__or3b_2.mag.
The discovered version will be used.
Warning:  Parent cell lists instance of "sky130_fd_sc_hd__a2bb2oi_2" at bad file path /project/openlane/mgmt_core/runs/mgmt_core/results/magic/sky130_fd_sc_hd__a2bb2oi_2.mag.
The cell exists in the search paths at /home/ma/ef/openlane/pdks/sky130A/libs.ref/sky130_fd_sc_hd/maglef/sky130_fd_sc_hd__a2bb2oi_2.mag.
The discovered version will be used.
Warning:  Parent cell lists instance of "sky130_fd_sc_hd__o2bb2ai_2" at bad file path /project/openlane/mgmt_core/runs/mgmt_core/results/magic/sky130_fd_sc_hd__o2bb2ai_2.mag.
The cell exists in the search paths at /home/ma/ef/openlane/pdks/sky130A/libs.ref/sky130_fd_sc_hd/maglef/sky130_fd_sc_hd__o2bb2ai_2.mag.
The discovered version will be used.
Warning:  Parent cell lists instance of "sky130_fd_sc_hd__a21boi_2" at bad file path /project/openlane/mgmt_core/runs/mgmt_core/results/magic/sky130_fd_sc_hd__a21boi_2.mag.
The cell exists in the search paths at /home/ma/ef/openlane/pdks/sky130A/libs.ref/sky130_fd_sc_hd/maglef/sky130_fd_sc_hd__a21boi_2.mag.
The discovered version will be used.
Warning:  Parent cell lists instance of "sky130_fd_sc_hd__a21o_2" at bad file path /project/openlane/mgmt_core/runs/mgmt_core/results/magic/sky130_fd_sc_hd__a21o_2.mag.
The cell exists in the search paths at /home/ma/ef/openlane/pdks/sky130A/libs.ref/sky130_fd_sc_hd/maglef/sky130_fd_sc_hd__a21o_2.mag.
The discovered version will be used.
Warning:  Parent cell lists instance of "sky130_fd_sc_hd__a22oi_2" at bad file path /project/openlane/mgmt_core/runs/mgmt_core/results/magic/sky130_fd_sc_hd__a22oi_2.mag.
The cell exists in the search paths at /home/ma/ef/openlane/pdks/sky130A/libs.ref/sky130_fd_sc_hd/maglef/sky130_fd_sc_hd__a22oi_2.mag.
The discovered version will be used.
Warning:  Parent cell lists instance of "sky130_fd_sc_hd__o21ba_2" at bad file path /project/openlane/mgmt_core/runs/mgmt_core/results/magic/sky130_fd_sc_hd__o21ba_2.mag.
The cell exists in the search paths at /home/ma/ef/openlane/pdks/sky130A/libs.ref/sky130_fd_sc_hd/maglef/sky130_fd_sc_hd__o21ba_2.mag.
The discovered version will be used.
Warning:  Parent cell lists instance of "sky130_fd_sc_hd__o31ai_2" at bad file path /project/openlane/mgmt_core/runs/mgmt_core/results/magic/sky130_fd_sc_hd__o31ai_2.mag.
The cell exists in the search paths at /home/ma/ef/openlane/pdks/sky130A/libs.ref/sky130_fd_sc_hd/maglef/sky130_fd_sc_hd__o31ai_2.mag.
The discovered version will be used.
Warning:  Parent cell lists instance of "sky130_fd_sc_hd__and4b_2" at bad file path /project/openlane/mgmt_core/runs/mgmt_core/results/magic/sky130_fd_sc_hd__and4b_2.mag.
The cell exists in the search paths at /home/ma/ef/openlane/pdks/sky130A/libs.ref/sky130_fd_sc_hd/maglef/sky130_fd_sc_hd__and4b_2.mag.
The discovered version will be used.
Warning:  Parent cell lists instance of "sky130_fd_sc_hd__a2111o_2" at bad file path /project/openlane/mgmt_core/runs/mgmt_core/results/magic/sky130_fd_sc_hd__a2111o_2.mag.
The cell exists in the search paths at /home/ma/ef/openlane/pdks/sky130A/libs.ref/sky130_fd_sc_hd/maglef/sky130_fd_sc_hd__a2111o_2.mag.
The discovered version will be used.
Warning:  Parent cell lists instance of "sky130_fd_sc_hd__and4bb_2" at bad file path /project/openlane/mgmt_core/runs/mgmt_core/results/magic/sky130_fd_sc_hd__and4bb_2.mag.
The cell exists in the search paths at /home/ma/ef/openlane/pdks/sky130A/libs.ref/sky130_fd_sc_hd/maglef/sky130_fd_sc_hd__and4bb_2.mag.
The discovered version will be used.
Warning:  Parent cell lists instance of "sky130_fd_sc_hd__o211ai_2" at bad file path /project/openlane/mgmt_core/runs/mgmt_core/results/magic/sky130_fd_sc_hd__o211ai_2.mag.
The cell exists in the search paths at /home/ma/ef/openlane/pdks/sky130A/libs.ref/sky130_fd_sc_hd/maglef/sky130_fd_sc_hd__o211ai_2.mag.
The discovered version will be used.
Warning:  Parent cell lists instance of "sky130_fd_sc_hd__or4bb_2" at bad file path /project/openlane/mgmt_core/runs/mgmt_core/results/magic/sky130_fd_sc_hd__or4bb_2.mag.
The cell exists in the search paths at /home/ma/ef/openlane/pdks/sky130A/libs.ref/sky130_fd_sc_hd/maglef/sky130_fd_sc_hd__or4bb_2.mag.
The discovered version will be used.
Warning:  Parent cell lists instance of "sky130_fd_sc_hd__a221oi_2" at bad file path /project/openlane/mgmt_core/runs/mgmt_core/results/magic/sky130_fd_sc_hd__a221oi_2.mag.
The cell exists in the search paths at /home/ma/ef/openlane/pdks/sky130A/libs.ref/sky130_fd_sc_hd/maglef/sky130_fd_sc_hd__a221oi_2.mag.
The discovered version will be used.
Warning:  Parent cell lists instance of "sky130_fd_sc_hd__o21bai_2" at bad file path /project/openlane/mgmt_core/runs/mgmt_core/results/magic/sky130_fd_sc_hd__o21bai_2.mag.
The cell exists in the search paths at /home/ma/ef/openlane/pdks/sky130A/libs.ref/sky130_fd_sc_hd/maglef/sky130_fd_sc_hd__o21bai_2.mag.
The discovered version will be used.
Warning:  Parent cell lists instance of "sky130_fd_sc_hd__o41a_2" at bad file path /project/openlane/mgmt_core/runs/mgmt_core/results/magic/sky130_fd_sc_hd__o41a_2.mag.
The cell exists in the search paths at /home/ma/ef/openlane/pdks/sky130A/libs.ref/sky130_fd_sc_hd/maglef/sky130_fd_sc_hd__o41a_2.mag.
The discovered version will be used.
Warning:  Parent cell lists instance of "sky130_fd_sc_hd__and3b_2" at bad file path /project/openlane/mgmt_core/runs/mgmt_core/results/magic/sky130_fd_sc_hd__and3b_2.mag.
The cell exists in the search paths at /home/ma/ef/openlane/pdks/sky130A/libs.ref/sky130_fd_sc_hd/maglef/sky130_fd_sc_hd__and3b_2.mag.
The discovered version will be used.
Warning:  Parent cell lists instance of "sky130_fd_sc_hd__nand4b_2" at bad file path /project/openlane/mgmt_core/runs/mgmt_core/results/magic/sky130_fd_sc_hd__nand4b_2.mag.
The cell exists in the search paths at /home/ma/ef/openlane/pdks/sky130A/libs.ref/sky130_fd_sc_hd/maglef/sky130_fd_sc_hd__nand4b_2.mag.
The discovered version will be used.
Warning:  Parent cell lists instance of "sky130_fd_sc_hd__a2111oi_2" at bad file path /project/openlane/mgmt_core/runs/mgmt_core/results/magic/sky130_fd_sc_hd__a2111oi_2.mag.
The cell exists in the search paths at /home/ma/ef/openlane/pdks/sky130A/libs.ref/sky130_fd_sc_hd/maglef/sky130_fd_sc_hd__a2111oi_2.mag.
The discovered version will be used.
Warning:  Parent cell lists instance of "sky130_fd_sc_hd__nor4_2" at bad file path /project/openlane/mgmt_core/runs/mgmt_core/results/magic/sky130_fd_sc_hd__nor4_2.mag.
The cell exists in the search paths at /home/ma/ef/openlane/pdks/sky130A/libs.ref/sky130_fd_sc_hd/maglef/sky130_fd_sc_hd__nor4_2.mag.
The discovered version will be used.
Warning:  Parent cell lists instance of "sky130_fd_sc_hd__a311o_2" at bad file path /project/openlane/mgmt_core/runs/mgmt_core/results/magic/sky130_fd_sc_hd__a311o_2.mag.
The cell exists in the search paths at /home/ma/ef/openlane/pdks/sky130A/libs.ref/sky130_fd_sc_hd/maglef/sky130_fd_sc_hd__a311o_2.mag.
The discovered version will be used.
Warning:  Parent cell lists instance of "sky130_fd_sc_hd__o2111ai_2" at bad file path /project/openlane/mgmt_core/runs/mgmt_core/results/magic/sky130_fd_sc_hd__o2111ai_2.mag.
The cell exists in the search paths at /home/ma/ef/openlane/pdks/sky130A/libs.ref/sky130_fd_sc_hd/maglef/sky130_fd_sc_hd__o2111ai_2.mag.
The discovered version will be used.
Diagnostic:  Scale value is 0.005000
Processing timestamp mismatches: sky130_fd_sc_hd__o2111ai_2, sky130_fd_sc_hd__a311o_2, sky130_fd_sc_hd__nor4_2, sky130_fd_sc_hd__a2111oi_2, sky130_fd_sc_hd__nand4b_2, sky130_fd_sc_hd__and3b_2, sky130_fd_sc_hd__o41a_2, sky130_fd_sc_hd__o21bai_2, sky130_fd_sc_hd__a221oi_2, sky130_fd_sc_hd__or4bb_2, sky130_fd_sc_hd__o211ai_2, sky130_fd_sc_hd__and4bb_2, sky130_fd_sc_hd__a2111o_2, sky130_fd_sc_hd__and4b_2, sky130_fd_sc_hd__o31ai_2, sky130_fd_sc_hd__o21ba_2, sky130_fd_sc_hd__a22oi_2, sky130_fd_sc_hd__a21o_2, sky130_fd_sc_hd__a21boi_2, sky130_fd_sc_hd__o2bb2ai_2, sky130_fd_sc_hd__a2bb2oi_2, sky130_fd_sc_hd__or3b_2, sky130_fd_sc_hd__or2b_2, sky130_fd_sc_hd__a211oi_2, sky130_fd_sc_hd__o2bb2a_2, sky130_fd_sc_hd__a21bo_2, sky130_fd_sc_hd__and2b_2, sky130_fd_sc_hd__or4b_2, sky130_fd_sc_hd__a32o_2, sky130_fd_sc_hd__mux4_1, sky130_fd_sc_hd__clkbuf_1, sky130_fd_sc_hd__o311a_2, sky130_fd_sc_hd__o22ai_2, sky130_fd_sc_hd__o221ai_2, sky130_fd_sc_hd__and4_2, sky130_fd_sc_hd__o211a_2, sky130_fd_sc_hd__nand4_2, sky130_fd_sc_hd__o2111a_2, sky130_fd_sc_hd__or3_2, sky130_fd_sc_hd__or4_2, sky130_fd_sc_hd__o22a_2, sky130_fd_sc_hd__a221o_2, sky130_fd_sc_hd__and2_2, sky130_fd_sc_hd__ebufn_2, sky130_fd_sc_hd__nor2b_2, sky130_fd_sc_hd__nand2b_2, sky130_fd_sc_hd__nand2_2, sky130_fd_sc_hd__clkbuf_16, sky130_fd_sc_hd__conb_1, sky130_fd_sc_hd__a2bb2o_2, sky130_fd_sc_hd__o221a_2, sky130_fd_sc_hd__dfxtp_2, sky130_fd_sc_hd__a31oi_2, sky130_fd_sc_hd__o21ai_2, sky130_fd_sc_hd__mux2_2, sky130_fd_sc_hd__a21oi_2, sky130_fd_sc_hd__nor2_2, sky130_fd_sc_hd__o31a_2, sky130_fd_sc_hd__o32a_2, sky130_fd_sc_hd__a41o_2, sky130_fd_sc_hd__or2_2, sky130_fd_sc_hd__nor3_2, sky130_fd_sc_hd__a211o_2, sky130_fd_sc_hd__dfrtp_2, sky130_fd_sc_hd__buf_1, sky130_fd_sc_hd__a31o_2, sky130_fd_sc_hd__o21a_2, sky130_fd_sc_hd__mux2_1, sky130_fd_sc_hd__a22o_2, sky130_fd_sc_hd__inv_2, sky130_fd_sc_hd__and3_2, sky130_fd_sc_hd__dfstp_2, sky130_fd_sc_hd__buf_2, sky130_fd_sc_hd__decap_8, sky130_fd_sc_hd__dlygate4sd3_1, sky130_fd_sc_hd__tapvpwrvgnd_1, sky130_fd_sc_hd__diode_2, sky130_fd_sc_hd__decap_12, sky130_fd_sc_hd__decap_6, sky130_fd_sc_hd__decap_4, sky130_fd_sc_hd__fill_1, sky130_fd_sc_hd__fill_2, sky130_fd_sc_hd__decap_3.
[INFO]: LEF Write Complete
Using technology "sky130A", version 1.0.185-0-ge696c08
