Notice 0: Reading LEF file:  /project/openlane/mgmt_core/runs/mgmt_core/tmp/merged.lef
Notice 0:     Created 13 technology layers
Notice 0:     Created 25 technology vias
Notice 0:     Created 442 library cells
Notice 0: Finished LEF file:  /project/openlane/mgmt_core/runs/mgmt_core/tmp/merged.lef
Notice 0: 
Reading DEF file: /project/openlane/mgmt_core/runs/mgmt_core/results/routing/mgmt_core.def
Notice 0: Design: mgmt_core
Notice 0: 		Created 100000 Insts
Notice 0:     Created 1067 pins.
Notice 0:     Created 172457 components and 772149 component-terminals.
Notice 0:     Created 2 special nets and 0 connections.
Notice 0:     Created 27382 nets and 121907 connections.
Notice 0: Finished DEF file: /project/openlane/mgmt_core/runs/mgmt_core/results/routing/mgmt_core.def
Top-level design name: mgmt_core
Default power net:  VPWR
Default ground net: VGND
Found a total of 1 power ports.
Found a total of 1 ground ports.
Modified power connections of 172457 cells (Remaining: 0 ).
