Netgen 1.5.185 compiled on Thu Jun 10 15:41:36 UTC 2021
Warning: netgen command 'format' use fully-qualified name '::netgen::format'
Warning: netgen command 'global' use fully-qualified name '::netgen::global'
Generating JSON file result
Reading netlist file /project/openlane/mgmt_core/runs/mgmt_core/results/magic/mgmt_core.spice
Reading netlist file /project/openlane/mgmt_core/runs/mgmt_core/results/lvs/mgmt_core.lvs.powered.v
Warning:  A case-insensitive file has been read and so the	verilog file must be treated case-insensitive to match.
Creating placeholder cell definition for module sky130_fd_sc_hd__or4_2.
Creating placeholder cell definition for module sky130_fd_sc_hd__buf_1.
Creating placeholder cell definition for module sky130_fd_sc_hd__inv_2.
Creating placeholder cell definition for module sky130_fd_sc_hd__or2_2.
Creating placeholder cell definition for module sky130_fd_sc_hd__o22a_2.
Creating placeholder cell definition for module sky130_fd_sc_hd__o221a_2.
Creating placeholder cell definition for module sky130_fd_sc_hd__o2111a_2.
Creating placeholder cell definition for module sky130_fd_sc_hd__and4_2.
Creating placeholder cell definition for module sky130_fd_sc_hd__nand4_2.
Creating placeholder cell definition for module sky130_fd_sc_hd__a41o_2.
Creating placeholder cell definition for module sky130_fd_sc_hd__o32a_2.
Creating placeholder cell definition for module sky130_fd_sc_hd__nor2_2.
Creating placeholder cell definition for module sky130_fd_sc_hd__a22oi_2.
Creating placeholder cell definition for module sky130_fd_sc_hd__a221o_2.
Creating placeholder cell definition for module sky130_fd_sc_hd__or3_2.
Creating placeholder cell definition for module sky130_fd_sc_hd__a2111o_2.
Creating placeholder cell definition for module sky130_fd_sc_hd__or3b_2.
Creating placeholder cell definition for module sky130_fd_sc_hd__nand2_2.
Creating placeholder cell definition for module sky130_fd_sc_hd__o21ai_2.
Creating placeholder cell definition for module sky130_fd_sc_hd__a32o_2.
Creating placeholder cell definition for module sky130_fd_sc_hd__and3_2.
Creating placeholder cell definition for module sky130_fd_sc_hd__o21a_2.
Creating placeholder cell definition for module sky130_fd_sc_hd__a221oi_2.
Creating placeholder cell definition for module sky130_fd_sc_hd__mux2_2.
Creating placeholder cell definition for module sky130_fd_sc_hd__o211a_2.
Creating placeholder cell definition for module sky130_fd_sc_hd__nor3_2.
Creating placeholder cell definition for module sky130_fd_sc_hd__a211oi_2.
Creating placeholder cell definition for module sky130_fd_sc_hd__a21oi_2.
Creating placeholder cell definition for module sky130_fd_sc_hd__a22o_2.
Creating placeholder cell definition for module sky130_fd_sc_hd__and4b_2.
Creating placeholder cell definition for module sky130_fd_sc_hd__a2bb2o_2.
Creating placeholder cell definition for module sky130_fd_sc_hd__or4b_2.
Creating placeholder cell definition for module sky130_fd_sc_hd__o41a_2.
Creating placeholder cell definition for module sky130_fd_sc_hd__a21o_2.
Creating placeholder cell definition for module sky130_fd_sc_hd__and3b_2.
Creating placeholder cell definition for module sky130_fd_sc_hd__o31a_2.
Creating placeholder cell definition for module sky130_fd_sc_hd__a211o_2.
Creating placeholder cell definition for module sky130_fd_sc_hd__o21bai_2.
Creating placeholder cell definition for module sky130_fd_sc_hd__o2bb2a_2.
Creating placeholder cell definition for module sky130_fd_sc_hd__and2_2.
Creating placeholder cell definition for module sky130_fd_sc_hd__a31oi_2.
Creating placeholder cell definition for module sky130_fd_sc_hd__a31o_2.
Creating placeholder cell definition for module sky130_fd_sc_hd__o22ai_2.
Creating placeholder cell definition for module sky130_fd_sc_hd__a21bo_2.
Creating placeholder cell definition for module sky130_fd_sc_hd__o2bb2ai_2.
Creating placeholder cell definition for module sky130_fd_sc_hd__or4bb_2.
Creating placeholder cell definition for module sky130_fd_sc_hd__and4bb_2.
Creating placeholder cell definition for module sky130_fd_sc_hd__o221ai_2.
Creating placeholder cell definition for module sky130_fd_sc_hd__a2111oi_2.
Creating placeholder cell definition for module sky130_fd_sc_hd__o311a_2.
Creating placeholder cell definition for module sky130_fd_sc_hd__and2b_2.
Creating placeholder cell definition for module sky130_fd_sc_hd__or2b_2.
Creating placeholder cell definition for module sky130_fd_sc_hd__nor4_2.
Creating placeholder cell definition for module sky130_fd_sc_hd__o211ai_2.
Creating placeholder cell definition for module sky130_fd_sc_hd__a21boi_2.
Creating placeholder cell definition for module sky130_fd_sc_hd__o2111ai_2.
Creating placeholder cell definition for module sky130_fd_sc_hd__clkbuf_16.
Creating placeholder cell definition for module sky130_fd_sc_hd__a311o_2.
Creating placeholder cell definition for module sky130_fd_sc_hd__nor2b_2.
Creating placeholder cell definition for module sky130_fd_sc_hd__o31ai_2.
Creating placeholder cell definition for module sky130_fd_sc_hd__o21ba_2.
Creating placeholder cell definition for module sky130_fd_sc_hd__a2bb2oi_2.
Creating placeholder cell definition for module sky130_fd_sc_hd__nand2b_2.
Creating placeholder cell definition for module sky130_fd_sc_hd__nand4b_2.
Creating placeholder cell definition for module sky130_fd_sc_hd__mux2_1.
Creating placeholder cell definition for module sky130_fd_sc_hd__conb_1.
Note:  Implicit pin HI in instance _39997_ of sky130_fd_sc_hd__conb_1 in cell mgmt_core
Note:  Implicit pin LO in instance _39994_ of sky130_fd_sc_hd__conb_1 in cell mgmt_core
Note:  Implicit pin LO in instance _39995_ of sky130_fd_sc_hd__conb_1 in cell mgmt_core
Note:  Implicit pin LO in instance _39996_ of sky130_fd_sc_hd__conb_1 in cell mgmt_core
Note:  Implicit pin HI in instance _39998_ of sky130_fd_sc_hd__conb_1 in cell mgmt_core
Note:  Implicit pin HI in instance _39999_ of sky130_fd_sc_hd__conb_1 in cell mgmt_core
Creating placeholder cell definition for module sky130_fd_sc_hd__buf_2.
Creating placeholder cell definition for module sky130_fd_sc_hd__mux4_1.
Creating placeholder cell definition for module sky130_fd_sc_hd__dfxtp_2.
Creating placeholder cell definition for module sky130_fd_sc_hd__ebufn_2.
Creating placeholder cell definition for module sky130_fd_sc_hd__dfrtp_2.
Creating placeholder cell definition for module sky130_fd_sc_hd__dfstp_2.
Creating placeholder cell definition for module digital_pll.
Creating placeholder cell definition for module DFFRAM.
Creating placeholder cell definition for module sky130_fd_sc_hd__decap_3.
Creating placeholder cell definition for module sky130_fd_sc_hd__tapvpwrvgnd_1.
Creating placeholder cell definition for module sky130_fd_sc_hd__clkbuf_1.
Creating placeholder cell definition for module sky130_fd_sc_hd__dlygate4sd3_1.
Creating placeholder cell definition for module sky130_fd_sc_hd__diode_2.
Creating placeholder cell definition for module sky130_fd_sc_hd__decap_12.
Creating placeholder cell definition for module sky130_fd_sc_hd__fill_2.
Creating placeholder cell definition for module sky130_fd_sc_hd__decap_4.
Creating placeholder cell definition for module sky130_fd_sc_hd__decap_8.
Creating placeholder cell definition for module sky130_fd_sc_hd__decap_6.
Creating placeholder cell definition for module sky130_fd_sc_hd__fill_1.
Reading setup file /home/ma/ef/openlane/pdks/sky130A/libs.tech/netgen/sky130A_setup.tcl
Comparison output logged to file /project/openlane/mgmt_core/runs/mgmt_core/results/lvs/mgmt_core.lvs.lef.log
Logging to file "/project/openlane/mgmt_core/runs/mgmt_core/results/lvs/mgmt_core.lvs.lef.log" enabled
Contents of circuit 1:  Circuit: 'sky130_fd_sc_hd__buf_1'
Circuit sky130_fd_sc_hd__buf_1 contains 0 device instances.
Circuit contains 0 nets, and 6 disconnected pins.
Contents of circuit 2:  Circuit: 'sky130_fd_sc_hd__buf_1'
Circuit sky130_fd_sc_hd__buf_1 contains 0 device instances.
Circuit contains 0 nets.

Circuit sky130_fd_sc_hd__buf_1 contains no devices.
Contents of circuit 1:  Circuit: 'sky130_fd_sc_hd__decap_8'
Circuit sky130_fd_sc_hd__decap_8 contains 0 device instances.
Circuit contains 0 nets, and 4 disconnected pins.
Contents of circuit 2:  Circuit: 'sky130_fd_sc_hd__decap_8'
Circuit sky130_fd_sc_hd__decap_8 contains 0 device instances.
Circuit contains 0 nets.

Circuit sky130_fd_sc_hd__decap_8 contains no devices.
Contents of circuit 1:  Circuit: 'sky130_fd_sc_hd__fill_1'
Circuit sky130_fd_sc_hd__fill_1 contains 0 device instances.
Circuit contains 0 nets, and 4 disconnected pins.
Contents of circuit 2:  Circuit: 'sky130_fd_sc_hd__fill_1'
Circuit sky130_fd_sc_hd__fill_1 contains 0 device instances.
Circuit contains 0 nets.

Circuit sky130_fd_sc_hd__fill_1 contains no devices.
Contents of circuit 1:  Circuit: 'sky130_fd_sc_hd__decap_12'
Circuit sky130_fd_sc_hd__decap_12 contains 0 device instances.
Circuit contains 0 nets, and 4 disconnected pins.
Contents of circuit 2:  Circuit: 'sky130_fd_sc_hd__decap_12'
Circuit sky130_fd_sc_hd__decap_12 contains 0 device instances.
Circuit contains 0 nets.

Circuit sky130_fd_sc_hd__decap_12 contains no devices.
Contents of circuit 1:  Circuit: 'sky130_fd_sc_hd__nor2_2'
Circuit sky130_fd_sc_hd__nor2_2 contains 0 device instances.
Circuit contains 0 nets, and 7 disconnected pins.
Contents of circuit 2:  Circuit: 'sky130_fd_sc_hd__nor2_2'
Circuit sky130_fd_sc_hd__nor2_2 contains 0 device instances.
Circuit contains 0 nets.

Circuit sky130_fd_sc_hd__nor2_2 contains no devices.
Contents of circuit 1:  Circuit: 'sky130_fd_sc_hd__diode_2'
Circuit sky130_fd_sc_hd__diode_2 contains 0 device instances.
Circuit contains 0 nets, and 5 disconnected pins.
Contents of circuit 2:  Circuit: 'sky130_fd_sc_hd__diode_2'
Circuit sky130_fd_sc_hd__diode_2 contains 0 device instances.
Circuit contains 0 nets.

Circuit sky130_fd_sc_hd__diode_2 contains no devices.
Contents of circuit 1:  Circuit: 'sky130_fd_sc_hd__decap_3'
Circuit sky130_fd_sc_hd__decap_3 contains 0 device instances.
Circuit contains 0 nets, and 4 disconnected pins.
Contents of circuit 2:  Circuit: 'sky130_fd_sc_hd__decap_3'
Circuit sky130_fd_sc_hd__decap_3 contains 0 device instances.
Circuit contains 0 nets.

Circuit sky130_fd_sc_hd__decap_3 contains no devices.
Contents of circuit 1:  Circuit: 'sky130_fd_sc_hd__clkbuf_16'
Circuit sky130_fd_sc_hd__clkbuf_16 contains 0 device instances.
Circuit contains 0 nets, and 6 disconnected pins.
Contents of circuit 2:  Circuit: 'sky130_fd_sc_hd__clkbuf_16'
Circuit sky130_fd_sc_hd__clkbuf_16 contains 0 device instances.
Circuit contains 0 nets.

Circuit sky130_fd_sc_hd__clkbuf_16 contains no devices.
Contents of circuit 1:  Circuit: 'sky130_fd_sc_hd__fill_2'
Circuit sky130_fd_sc_hd__fill_2 contains 0 device instances.
Circuit contains 0 nets, and 4 disconnected pins.
Contents of circuit 2:  Circuit: 'sky130_fd_sc_hd__fill_2'
Circuit sky130_fd_sc_hd__fill_2 contains 0 device instances.
Circuit contains 0 nets.

Circuit sky130_fd_sc_hd__fill_2 contains no devices.
Contents of circuit 1:  Circuit: 'sky130_fd_sc_hd__a221o_2'
Circuit sky130_fd_sc_hd__a221o_2 contains 0 device instances.
Circuit contains 0 nets, and 10 disconnected pins.
Contents of circuit 2:  Circuit: 'sky130_fd_sc_hd__a221o_2'
Circuit sky130_fd_sc_hd__a221o_2 contains 0 device instances.
Circuit contains 0 nets.

Circuit sky130_fd_sc_hd__a221o_2 contains no devices.
Contents of circuit 1:  Circuit: 'sky130_fd_sc_hd__and3_2'
Circuit sky130_fd_sc_hd__and3_2 contains 0 device instances.
Circuit contains 0 nets, and 8 disconnected pins.
Contents of circuit 2:  Circuit: 'sky130_fd_sc_hd__and3_2'
Circuit sky130_fd_sc_hd__and3_2 contains 0 device instances.
Circuit contains 0 nets.

Circuit sky130_fd_sc_hd__and3_2 contains no devices.
Contents of circuit 1:  Circuit: 'sky130_fd_sc_hd__decap_4'
Circuit sky130_fd_sc_hd__decap_4 contains 0 device instances.
Circuit contains 0 nets, and 4 disconnected pins.
Contents of circuit 2:  Circuit: 'sky130_fd_sc_hd__decap_4'
Circuit sky130_fd_sc_hd__decap_4 contains 0 device instances.
Circuit contains 0 nets.

Circuit sky130_fd_sc_hd__decap_4 contains no devices.
Contents of circuit 1:  Circuit: 'sky130_fd_sc_hd__o221a_2'
Circuit sky130_fd_sc_hd__o221a_2 contains 0 device instances.
Circuit contains 0 nets, and 10 disconnected pins.
Contents of circuit 2:  Circuit: 'sky130_fd_sc_hd__o221a_2'
Circuit sky130_fd_sc_hd__o221a_2 contains 0 device instances.
Circuit contains 0 nets.

Circuit sky130_fd_sc_hd__o221a_2 contains no devices.
Contents of circuit 1:  Circuit: 'sky130_fd_sc_hd__a22o_2'
Circuit sky130_fd_sc_hd__a22o_2 contains 0 device instances.
Circuit contains 0 nets, and 9 disconnected pins.
Contents of circuit 2:  Circuit: 'sky130_fd_sc_hd__a22o_2'
Circuit sky130_fd_sc_hd__a22o_2 contains 0 device instances.
Circuit contains 0 nets.

Circuit sky130_fd_sc_hd__a22o_2 contains no devices.
Contents of circuit 1:  Circuit: 'sky130_fd_sc_hd__tapvpwrvgnd_1'
Circuit sky130_fd_sc_hd__tapvpwrvgnd_1 contains 0 device instances.
Circuit contains 0 nets, and 2 disconnected pins.
Contents of circuit 2:  Circuit: 'sky130_fd_sc_hd__tapvpwrvgnd_1'
Circuit sky130_fd_sc_hd__tapvpwrvgnd_1 contains 0 device instances.
Circuit contains 0 nets.

Circuit sky130_fd_sc_hd__tapvpwrvgnd_1 contains no devices.
Contents of circuit 1:  Circuit: 'sky130_fd_sc_hd__o21ai_2'
Circuit sky130_fd_sc_hd__o21ai_2 contains 0 device instances.
Circuit contains 0 nets, and 8 disconnected pins.
Contents of circuit 2:  Circuit: 'sky130_fd_sc_hd__o21ai_2'
Circuit sky130_fd_sc_hd__o21ai_2 contains 0 device instances.
Circuit contains 0 nets.

Circuit sky130_fd_sc_hd__o21ai_2 contains no devices.
Contents of circuit 1:  Circuit: 'sky130_fd_sc_hd__o211a_2'
Circuit sky130_fd_sc_hd__o211a_2 contains 0 device instances.
Circuit contains 0 nets, and 9 disconnected pins.
Contents of circuit 2:  Circuit: 'sky130_fd_sc_hd__o211a_2'
Circuit sky130_fd_sc_hd__o211a_2 contains 0 device instances.
Circuit contains 0 nets.

Circuit sky130_fd_sc_hd__o211a_2 contains no devices.
Contents of circuit 1:  Circuit: 'sky130_fd_sc_hd__inv_2'
Circuit sky130_fd_sc_hd__inv_2 contains 0 device instances.
Circuit contains 0 nets, and 6 disconnected pins.
Contents of circuit 2:  Circuit: 'sky130_fd_sc_hd__inv_2'
Circuit sky130_fd_sc_hd__inv_2 contains 0 device instances.
Circuit contains 0 nets.

Circuit sky130_fd_sc_hd__inv_2 contains no devices.
Contents of circuit 1:  Circuit: 'sky130_fd_sc_hd__or4_2'
Circuit sky130_fd_sc_hd__or4_2 contains 0 device instances.
Circuit contains 0 nets, and 9 disconnected pins.
Contents of circuit 2:  Circuit: 'sky130_fd_sc_hd__or4_2'
Circuit sky130_fd_sc_hd__or4_2 contains 0 device instances.
Circuit contains 0 nets.

Circuit sky130_fd_sc_hd__or4_2 contains no devices.
Contents of circuit 1:  Circuit: 'sky130_fd_sc_hd__or2_2'
Circuit sky130_fd_sc_hd__or2_2 contains 0 device instances.
Circuit contains 0 nets, and 7 disconnected pins.
Contents of circuit 2:  Circuit: 'sky130_fd_sc_hd__or2_2'
Circuit sky130_fd_sc_hd__or2_2 contains 0 device instances.
Circuit contains 0 nets.

Circuit sky130_fd_sc_hd__or2_2 contains no devices.
Contents of circuit 1:  Circuit: 'sky130_fd_sc_hd__decap_6'
Circuit sky130_fd_sc_hd__decap_6 contains 0 device instances.
Circuit contains 0 nets, and 4 disconnected pins.
Contents of circuit 2:  Circuit: 'sky130_fd_sc_hd__decap_6'
Circuit sky130_fd_sc_hd__decap_6 contains 0 device instances.
Circuit contains 0 nets.

Circuit sky130_fd_sc_hd__decap_6 contains no devices.
Contents of circuit 1:  Circuit: 'sky130_fd_sc_hd__o2bb2a_2'
Circuit sky130_fd_sc_hd__o2bb2a_2 contains 0 device instances.
Circuit contains 0 nets, and 9 disconnected pins.
Contents of circuit 2:  Circuit: 'sky130_fd_sc_hd__o2bb2a_2'
Circuit sky130_fd_sc_hd__o2bb2a_2 contains 0 device instances.
Circuit contains 0 nets.

Circuit sky130_fd_sc_hd__o2bb2a_2 contains no devices.
Contents of circuit 1:  Circuit: 'sky130_fd_sc_hd__a32o_2'
Circuit sky130_fd_sc_hd__a32o_2 contains 0 device instances.
Circuit contains 0 nets, and 10 disconnected pins.
Contents of circuit 2:  Circuit: 'sky130_fd_sc_hd__a32o_2'
Circuit sky130_fd_sc_hd__a32o_2 contains 0 device instances.
Circuit contains 0 nets.

Circuit sky130_fd_sc_hd__a32o_2 contains no devices.
Contents of circuit 1:  Circuit: 'sky130_fd_sc_hd__o32a_2'
Circuit sky130_fd_sc_hd__o32a_2 contains 0 device instances.
Circuit contains 0 nets, and 10 disconnected pins.
Contents of circuit 2:  Circuit: 'sky130_fd_sc_hd__o32a_2'
Circuit sky130_fd_sc_hd__o32a_2 contains 0 device instances.
Circuit contains 0 nets.

Circuit sky130_fd_sc_hd__o32a_2 contains no devices.
Contents of circuit 1:  Circuit: 'sky130_fd_sc_hd__or3_2'
Circuit sky130_fd_sc_hd__or3_2 contains 0 device instances.
Circuit contains 0 nets, and 8 disconnected pins.
Contents of circuit 2:  Circuit: 'sky130_fd_sc_hd__or3_2'
Circuit sky130_fd_sc_hd__or3_2 contains 0 device instances.
Circuit contains 0 nets.

Circuit sky130_fd_sc_hd__or3_2 contains no devices.
Contents of circuit 1:  Circuit: 'sky130_fd_sc_hd__mux2_1'
Circuit sky130_fd_sc_hd__mux2_1 contains 0 device instances.
Circuit contains 0 nets, and 8 disconnected pins.
Contents of circuit 2:  Circuit: 'sky130_fd_sc_hd__mux2_1'
Circuit sky130_fd_sc_hd__mux2_1 contains 0 device instances.
Circuit contains 0 nets.

Circuit sky130_fd_sc_hd__mux2_1 contains no devices.
Contents of circuit 1:  Circuit: 'sky130_fd_sc_hd__dfxtp_2'
Circuit sky130_fd_sc_hd__dfxtp_2 contains 0 device instances.
Circuit contains 0 nets, and 7 disconnected pins.
Contents of circuit 2:  Circuit: 'sky130_fd_sc_hd__dfxtp_2'
Circuit sky130_fd_sc_hd__dfxtp_2 contains 0 device instances.
Circuit contains 0 nets.

Circuit sky130_fd_sc_hd__dfxtp_2 contains no devices.
Contents of circuit 1:  Circuit: 'sky130_fd_sc_hd__mux4_1'
Circuit sky130_fd_sc_hd__mux4_1 contains 0 device instances.
Circuit contains 0 nets, and 11 disconnected pins.
Contents of circuit 2:  Circuit: 'sky130_fd_sc_hd__mux4_1'
Circuit sky130_fd_sc_hd__mux4_1 contains 0 device instances.
Circuit contains 0 nets.

Circuit sky130_fd_sc_hd__mux4_1 contains no devices.
Contents of circuit 1:  Circuit: 'sky130_fd_sc_hd__nor3_2'
Circuit sky130_fd_sc_hd__nor3_2 contains 0 device instances.
Circuit contains 0 nets, and 8 disconnected pins.
Contents of circuit 2:  Circuit: 'sky130_fd_sc_hd__nor3_2'
Circuit sky130_fd_sc_hd__nor3_2 contains 0 device instances.
Circuit contains 0 nets.

Circuit sky130_fd_sc_hd__nor3_2 contains no devices.
Contents of circuit 1:  Circuit: 'sky130_fd_sc_hd__dfrtp_2'
Circuit sky130_fd_sc_hd__dfrtp_2 contains 0 device instances.
Circuit contains 0 nets, and 8 disconnected pins.
Contents of circuit 2:  Circuit: 'sky130_fd_sc_hd__dfrtp_2'
Circuit sky130_fd_sc_hd__dfrtp_2 contains 0 device instances.
Circuit contains 0 nets.

Circuit sky130_fd_sc_hd__dfrtp_2 contains no devices.
Contents of circuit 1:  Circuit: 'sky130_fd_sc_hd__o311a_2'
Circuit sky130_fd_sc_hd__o311a_2 contains 0 device instances.
Circuit contains 0 nets, and 10 disconnected pins.
Contents of circuit 2:  Circuit: 'sky130_fd_sc_hd__o311a_2'
Circuit sky130_fd_sc_hd__o311a_2 contains 0 device instances.
Circuit contains 0 nets.

Circuit sky130_fd_sc_hd__o311a_2 contains no devices.
Contents of circuit 1:  Circuit: 'sky130_fd_sc_hd__o221ai_2'
Circuit sky130_fd_sc_hd__o221ai_2 contains 0 device instances.
Circuit contains 0 nets, and 10 disconnected pins.
Contents of circuit 2:  Circuit: 'sky130_fd_sc_hd__o221ai_2'
Circuit sky130_fd_sc_hd__o221ai_2 contains 0 device instances.
Circuit contains 0 nets.

Circuit sky130_fd_sc_hd__o221ai_2 contains no devices.
Contents of circuit 1:  Circuit: 'sky130_fd_sc_hd__a31oi_2'
Circuit sky130_fd_sc_hd__a31oi_2 contains 0 device instances.
Circuit contains 0 nets, and 9 disconnected pins.
Contents of circuit 2:  Circuit: 'sky130_fd_sc_hd__a31oi_2'
Circuit sky130_fd_sc_hd__a31oi_2 contains 0 device instances.
Circuit contains 0 nets.

Circuit sky130_fd_sc_hd__a31oi_2 contains no devices.
Contents of circuit 1:  Circuit: 'sky130_fd_sc_hd__o22a_2'
Circuit sky130_fd_sc_hd__o22a_2 contains 0 device instances.
Circuit contains 0 nets, and 9 disconnected pins.
Contents of circuit 2:  Circuit: 'sky130_fd_sc_hd__o22a_2'
Circuit sky130_fd_sc_hd__o22a_2 contains 0 device instances.
Circuit contains 0 nets.

Circuit sky130_fd_sc_hd__o22a_2 contains no devices.
Contents of circuit 1:  Circuit: 'sky130_fd_sc_hd__a2bb2oi_2'
Circuit sky130_fd_sc_hd__a2bb2oi_2 contains 0 device instances.
Circuit contains 0 nets, and 9 disconnected pins.
Contents of circuit 2:  Circuit: 'sky130_fd_sc_hd__a2bb2oi_2'
Circuit sky130_fd_sc_hd__a2bb2oi_2 contains 0 device instances.
Circuit contains 0 nets.

Circuit sky130_fd_sc_hd__a2bb2oi_2 contains no devices.
Contents of circuit 1:  Circuit: 'sky130_fd_sc_hd__o22ai_2'
Circuit sky130_fd_sc_hd__o22ai_2 contains 0 device instances.
Circuit contains 0 nets, and 9 disconnected pins.
Contents of circuit 2:  Circuit: 'sky130_fd_sc_hd__o22ai_2'
Circuit sky130_fd_sc_hd__o22ai_2 contains 0 device instances.
Circuit contains 0 nets.

Circuit sky130_fd_sc_hd__o22ai_2 contains no devices.
Contents of circuit 1:  Circuit: 'sky130_fd_sc_hd__nand2_2'
Circuit sky130_fd_sc_hd__nand2_2 contains 0 device instances.
Circuit contains 0 nets, and 7 disconnected pins.
Contents of circuit 2:  Circuit: 'sky130_fd_sc_hd__nand2_2'
Circuit sky130_fd_sc_hd__nand2_2 contains 0 device instances.
Circuit contains 0 nets.

Circuit sky130_fd_sc_hd__nand2_2 contains no devices.
Contents of circuit 1:  Circuit: 'sky130_fd_sc_hd__a21bo_2'
Circuit sky130_fd_sc_hd__a21bo_2 contains 0 device instances.
Circuit contains 0 nets, and 8 disconnected pins.
Contents of circuit 2:  Circuit: 'sky130_fd_sc_hd__a21bo_2'
Circuit sky130_fd_sc_hd__a21bo_2 contains 0 device instances.
Circuit contains 0 nets.

Circuit sky130_fd_sc_hd__a21bo_2 contains no devices.
Contents of circuit 1:  Circuit: 'sky130_fd_sc_hd__o21a_2'
Circuit sky130_fd_sc_hd__o21a_2 contains 0 device instances.
Circuit contains 0 nets, and 8 disconnected pins.
Contents of circuit 2:  Circuit: 'sky130_fd_sc_hd__o21a_2'
Circuit sky130_fd_sc_hd__o21a_2 contains 0 device instances.
Circuit contains 0 nets.

Circuit sky130_fd_sc_hd__o21a_2 contains no devices.
Contents of circuit 1:  Circuit: 'sky130_fd_sc_hd__mux2_2'
Circuit sky130_fd_sc_hd__mux2_2 contains 0 device instances.
Circuit contains 0 nets, and 8 disconnected pins.
Contents of circuit 2:  Circuit: 'sky130_fd_sc_hd__mux2_2'
Circuit sky130_fd_sc_hd__mux2_2 contains 0 device instances.
Circuit contains 0 nets.

Circuit sky130_fd_sc_hd__mux2_2 contains no devices.
Contents of circuit 1:  Circuit: 'sky130_fd_sc_hd__and2_2'
Circuit sky130_fd_sc_hd__and2_2 contains 0 device instances.
Circuit contains 0 nets, and 7 disconnected pins.
Contents of circuit 2:  Circuit: 'sky130_fd_sc_hd__and2_2'
Circuit sky130_fd_sc_hd__and2_2 contains 0 device instances.
Circuit contains 0 nets.

Circuit sky130_fd_sc_hd__and2_2 contains no devices.
Contents of circuit 1:  Circuit: 'sky130_fd_sc_hd__dfstp_2'
Circuit sky130_fd_sc_hd__dfstp_2 contains 0 device instances.
Circuit contains 0 nets, and 8 disconnected pins.
Contents of circuit 2:  Circuit: 'sky130_fd_sc_hd__dfstp_2'
Circuit sky130_fd_sc_hd__dfstp_2 contains 0 device instances.
Circuit contains 0 nets.

Circuit sky130_fd_sc_hd__dfstp_2 contains no devices.
Contents of circuit 1:  Circuit: 'sky130_fd_sc_hd__clkbuf_1'
Circuit sky130_fd_sc_hd__clkbuf_1 contains 0 device instances.
Circuit contains 0 nets, and 6 disconnected pins.
Contents of circuit 2:  Circuit: 'sky130_fd_sc_hd__clkbuf_1'
Circuit sky130_fd_sc_hd__clkbuf_1 contains 0 device instances.
Circuit contains 0 nets.

Circuit sky130_fd_sc_hd__clkbuf_1 contains no devices.
Contents of circuit 1:  Circuit: 'sky130_fd_sc_hd__a2bb2o_2'
Circuit sky130_fd_sc_hd__a2bb2o_2 contains 0 device instances.
Circuit contains 0 nets, and 9 disconnected pins.
Contents of circuit 2:  Circuit: 'sky130_fd_sc_hd__a2bb2o_2'
Circuit sky130_fd_sc_hd__a2bb2o_2 contains 0 device instances.
Circuit contains 0 nets.

Circuit sky130_fd_sc_hd__a2bb2o_2 contains no devices.
Contents of circuit 1:  Circuit: 'sky130_fd_sc_hd__buf_2'
Circuit sky130_fd_sc_hd__buf_2 contains 0 device instances.
Circuit contains 0 nets, and 6 disconnected pins.
Contents of circuit 2:  Circuit: 'sky130_fd_sc_hd__buf_2'
Circuit sky130_fd_sc_hd__buf_2 contains 0 device instances.
Circuit contains 0 nets.

Circuit sky130_fd_sc_hd__buf_2 contains no devices.
Contents of circuit 1:  Circuit: 'sky130_fd_sc_hd__a31o_2'
Circuit sky130_fd_sc_hd__a31o_2 contains 0 device instances.
Circuit contains 0 nets, and 9 disconnected pins.
Contents of circuit 2:  Circuit: 'sky130_fd_sc_hd__a31o_2'
Circuit sky130_fd_sc_hd__a31o_2 contains 0 device instances.
Circuit contains 0 nets.

Circuit sky130_fd_sc_hd__a31o_2 contains no devices.
Contents of circuit 1:  Circuit: 'sky130_fd_sc_hd__and4_2'
Circuit sky130_fd_sc_hd__and4_2 contains 0 device instances.
Circuit contains 0 nets, and 9 disconnected pins.
Contents of circuit 2:  Circuit: 'sky130_fd_sc_hd__and4_2'
Circuit sky130_fd_sc_hd__and4_2 contains 0 device instances.
Circuit contains 0 nets.

Circuit sky130_fd_sc_hd__and4_2 contains no devices.
Contents of circuit 1:  Circuit: 'sky130_fd_sc_hd__or4b_2'
Circuit sky130_fd_sc_hd__or4b_2 contains 0 device instances.
Circuit contains 0 nets, and 9 disconnected pins.
Contents of circuit 2:  Circuit: 'sky130_fd_sc_hd__or4b_2'
Circuit sky130_fd_sc_hd__or4b_2 contains 0 device instances.
Circuit contains 0 nets.

Circuit sky130_fd_sc_hd__or4b_2 contains no devices.
Contents of circuit 1:  Circuit: 'sky130_fd_sc_hd__o31ai_2'
Circuit sky130_fd_sc_hd__o31ai_2 contains 0 device instances.
Circuit contains 0 nets, and 9 disconnected pins.
Contents of circuit 2:  Circuit: 'sky130_fd_sc_hd__o31ai_2'
Circuit sky130_fd_sc_hd__o31ai_2 contains 0 device instances.
Circuit contains 0 nets.

Circuit sky130_fd_sc_hd__o31ai_2 contains no devices.
Contents of circuit 1:  Circuit: 'sky130_fd_sc_hd__dlygate4sd3_1'
Circuit sky130_fd_sc_hd__dlygate4sd3_1 contains 0 device instances.
Circuit contains 0 nets, and 6 disconnected pins.
Contents of circuit 2:  Circuit: 'sky130_fd_sc_hd__dlygate4sd3_1'
Circuit sky130_fd_sc_hd__dlygate4sd3_1 contains 0 device instances.
Circuit contains 0 nets.

Circuit sky130_fd_sc_hd__dlygate4sd3_1 contains no devices.
Contents of circuit 1:  Circuit: 'sky130_fd_sc_hd__ebufn_2'
Circuit sky130_fd_sc_hd__ebufn_2 contains 0 device instances.
Circuit contains 0 nets, and 7 disconnected pins.
Contents of circuit 2:  Circuit: 'sky130_fd_sc_hd__ebufn_2'
Circuit sky130_fd_sc_hd__ebufn_2 contains 0 device instances.
Circuit contains 0 nets.

Circuit sky130_fd_sc_hd__ebufn_2 contains no devices.
Contents of circuit 1:  Circuit: 'sky130_fd_sc_hd__a21o_2'
Circuit sky130_fd_sc_hd__a21o_2 contains 0 device instances.
Circuit contains 0 nets, and 8 disconnected pins.
Contents of circuit 2:  Circuit: 'sky130_fd_sc_hd__a21o_2'
Circuit sky130_fd_sc_hd__a21o_2 contains 0 device instances.
Circuit contains 0 nets.

Circuit sky130_fd_sc_hd__a21o_2 contains no devices.
Contents of circuit 1:  Circuit: 'sky130_fd_sc_hd__a21oi_2'
Circuit sky130_fd_sc_hd__a21oi_2 contains 0 device instances.
Circuit contains 0 nets, and 8 disconnected pins.
Contents of circuit 2:  Circuit: 'sky130_fd_sc_hd__a21oi_2'
Circuit sky130_fd_sc_hd__a21oi_2 contains 0 device instances.
Circuit contains 0 nets.

Circuit sky130_fd_sc_hd__a21oi_2 contains no devices.
Contents of circuit 1:  Circuit: 'sky130_fd_sc_hd__o21bai_2'
Circuit sky130_fd_sc_hd__o21bai_2 contains 0 device instances.
Circuit contains 0 nets, and 8 disconnected pins.
Contents of circuit 2:  Circuit: 'sky130_fd_sc_hd__o21bai_2'
Circuit sky130_fd_sc_hd__o21bai_2 contains 0 device instances.
Circuit contains 0 nets.

Circuit sky130_fd_sc_hd__o21bai_2 contains no devices.
Contents of circuit 1:  Circuit: 'sky130_fd_sc_hd__and4bb_2'
Circuit sky130_fd_sc_hd__and4bb_2 contains 0 device instances.
Circuit contains 0 nets, and 9 disconnected pins.
Contents of circuit 2:  Circuit: 'sky130_fd_sc_hd__and4bb_2'
Circuit sky130_fd_sc_hd__and4bb_2 contains 0 device instances.
Circuit contains 0 nets.

Circuit sky130_fd_sc_hd__and4bb_2 contains no devices.
Contents of circuit 1:  Circuit: 'sky130_fd_sc_hd__o2111a_2'
Circuit sky130_fd_sc_hd__o2111a_2 contains 0 device instances.
Circuit contains 0 nets, and 10 disconnected pins.
Contents of circuit 2:  Circuit: 'sky130_fd_sc_hd__o2111a_2'
Circuit sky130_fd_sc_hd__o2111a_2 contains 0 device instances.
Circuit contains 0 nets.

Circuit sky130_fd_sc_hd__o2111a_2 contains no devices.
Contents of circuit 1:  Circuit: 'sky130_fd_sc_hd__nand2b_2'
Circuit sky130_fd_sc_hd__nand2b_2 contains 0 device instances.
Circuit contains 0 nets, and 7 disconnected pins.
Contents of circuit 2:  Circuit: 'sky130_fd_sc_hd__nand2b_2'
Circuit sky130_fd_sc_hd__nand2b_2 contains 0 device instances.
Circuit contains 0 nets.

Circuit sky130_fd_sc_hd__nand2b_2 contains no devices.
Contents of circuit 1:  Circuit: 'sky130_fd_sc_hd__a21boi_2'
Circuit sky130_fd_sc_hd__a21boi_2 contains 0 device instances.
Circuit contains 0 nets, and 8 disconnected pins.
Contents of circuit 2:  Circuit: 'sky130_fd_sc_hd__a21boi_2'
Circuit sky130_fd_sc_hd__a21boi_2 contains 0 device instances.
Circuit contains 0 nets.

Circuit sky130_fd_sc_hd__a21boi_2 contains no devices.
Contents of circuit 1:  Circuit: 'sky130_fd_sc_hd__or2b_2'
Circuit sky130_fd_sc_hd__or2b_2 contains 0 device instances.
Circuit contains 0 nets, and 7 disconnected pins.
Contents of circuit 2:  Circuit: 'sky130_fd_sc_hd__or2b_2'
Circuit sky130_fd_sc_hd__or2b_2 contains 0 device instances.
Circuit contains 0 nets.

Circuit sky130_fd_sc_hd__or2b_2 contains no devices.
Contents of circuit 1:  Circuit: 'digital_pll'
Circuit digital_pll contains 0 device instances.
Circuit contains 0 nets, and 39 disconnected pins.
Contents of circuit 2:  Circuit: 'digital_pll'
Circuit digital_pll contains 0 device instances.
Circuit contains 0 nets.

Circuit digital_pll contains no devices.
Contents of circuit 1:  Circuit: 'sky130_fd_sc_hd__a211o_2'
Circuit sky130_fd_sc_hd__a211o_2 contains 0 device instances.
Circuit contains 0 nets, and 9 disconnected pins.
Contents of circuit 2:  Circuit: 'sky130_fd_sc_hd__a211o_2'
Circuit sky130_fd_sc_hd__a211o_2 contains 0 device instances.
Circuit contains 0 nets.

Circuit sky130_fd_sc_hd__a211o_2 contains no devices.
Contents of circuit 1:  Circuit: 'sky130_fd_sc_hd__a22oi_2'
Circuit sky130_fd_sc_hd__a22oi_2 contains 0 device instances.
Circuit contains 0 nets, and 9 disconnected pins.
Contents of circuit 2:  Circuit: 'sky130_fd_sc_hd__a22oi_2'
Circuit sky130_fd_sc_hd__a22oi_2 contains 0 device instances.
Circuit contains 0 nets.

Circuit sky130_fd_sc_hd__a22oi_2 contains no devices.
Contents of circuit 1:  Circuit: 'sky130_fd_sc_hd__or4bb_2'
Circuit sky130_fd_sc_hd__or4bb_2 contains 0 device instances.
Circuit contains 0 nets, and 9 disconnected pins.
Contents of circuit 2:  Circuit: 'sky130_fd_sc_hd__or4bb_2'
Circuit sky130_fd_sc_hd__or4bb_2 contains 0 device instances.
Circuit contains 0 nets.

Circuit sky130_fd_sc_hd__or4bb_2 contains no devices.
Contents of circuit 1:  Circuit: 'sky130_fd_sc_hd__o31a_2'
Circuit sky130_fd_sc_hd__o31a_2 contains 0 device instances.
Circuit contains 0 nets, and 9 disconnected pins.
Contents of circuit 2:  Circuit: 'sky130_fd_sc_hd__o31a_2'
Circuit sky130_fd_sc_hd__o31a_2 contains 0 device instances.
Circuit contains 0 nets.

Circuit sky130_fd_sc_hd__o31a_2 contains no devices.
Contents of circuit 1:  Circuit: 'sky130_fd_sc_hd__a41o_2'
Circuit sky130_fd_sc_hd__a41o_2 contains 0 device instances.
Circuit contains 0 nets, and 10 disconnected pins.
Contents of circuit 2:  Circuit: 'sky130_fd_sc_hd__a41o_2'
Circuit sky130_fd_sc_hd__a41o_2 contains 0 device instances.
Circuit contains 0 nets.

Circuit sky130_fd_sc_hd__a41o_2 contains no devices.
Contents of circuit 1:  Circuit: 'sky130_fd_sc_hd__a211oi_2'
Circuit sky130_fd_sc_hd__a211oi_2 contains 0 device instances.
Circuit contains 0 nets, and 9 disconnected pins.
Contents of circuit 2:  Circuit: 'sky130_fd_sc_hd__a211oi_2'
Circuit sky130_fd_sc_hd__a211oi_2 contains 0 device instances.
Circuit contains 0 nets.

Circuit sky130_fd_sc_hd__a211oi_2 contains no devices.
Contents of circuit 1:  Circuit: 'sky130_fd_sc_hd__and2b_2'
Circuit sky130_fd_sc_hd__and2b_2 contains 0 device instances.
Circuit contains 0 nets, and 7 disconnected pins.
Contents of circuit 2:  Circuit: 'sky130_fd_sc_hd__and2b_2'
Circuit sky130_fd_sc_hd__and2b_2 contains 0 device instances.
Circuit contains 0 nets.

Circuit sky130_fd_sc_hd__and2b_2 contains no devices.
Contents of circuit 1:  Circuit: 'sky130_fd_sc_hd__or3b_2'
Circuit sky130_fd_sc_hd__or3b_2 contains 0 device instances.
Circuit contains 0 nets, and 8 disconnected pins.
Contents of circuit 2:  Circuit: 'sky130_fd_sc_hd__or3b_2'
Circuit sky130_fd_sc_hd__or3b_2 contains 0 device instances.
Circuit contains 0 nets.

Circuit sky130_fd_sc_hd__or3b_2 contains no devices.
Contents of circuit 1:  Circuit: 'sky130_fd_sc_hd__o21ba_2'
Circuit sky130_fd_sc_hd__o21ba_2 contains 0 device instances.
Circuit contains 0 nets, and 8 disconnected pins.
Contents of circuit 2:  Circuit: 'sky130_fd_sc_hd__o21ba_2'
Circuit sky130_fd_sc_hd__o21ba_2 contains 0 device instances.
Circuit contains 0 nets.

Circuit sky130_fd_sc_hd__o21ba_2 contains no devices.
Contents of circuit 1:  Circuit: 'sky130_fd_sc_hd__and3b_2'
Circuit sky130_fd_sc_hd__and3b_2 contains 0 device instances.
Circuit contains 0 nets, and 8 disconnected pins.
Contents of circuit 2:  Circuit: 'sky130_fd_sc_hd__and3b_2'
Circuit sky130_fd_sc_hd__and3b_2 contains 0 device instances.
Circuit contains 0 nets.

Circuit sky130_fd_sc_hd__and3b_2 contains no devices.
Contents of circuit 1:  Circuit: 'sky130_fd_sc_hd__and4b_2'
Circuit sky130_fd_sc_hd__and4b_2 contains 0 device instances.
Circuit contains 0 nets, and 9 disconnected pins.
Contents of circuit 2:  Circuit: 'sky130_fd_sc_hd__and4b_2'
Circuit sky130_fd_sc_hd__and4b_2 contains 0 device instances.
Circuit contains 0 nets.

Circuit sky130_fd_sc_hd__and4b_2 contains no devices.
Contents of circuit 1:  Circuit: 'sky130_fd_sc_hd__a221oi_2'
Circuit sky130_fd_sc_hd__a221oi_2 contains 0 device instances.
Circuit contains 0 nets, and 10 disconnected pins.
Contents of circuit 2:  Circuit: 'sky130_fd_sc_hd__a221oi_2'
Circuit sky130_fd_sc_hd__a221oi_2 contains 0 device instances.
Circuit contains 0 nets.

Circuit sky130_fd_sc_hd__a221oi_2 contains no devices.
Contents of circuit 1:  Circuit: 'sky130_fd_sc_hd__o2bb2ai_2'
Circuit sky130_fd_sc_hd__o2bb2ai_2 contains 0 device instances.
Circuit contains 0 nets, and 9 disconnected pins.
Contents of circuit 2:  Circuit: 'sky130_fd_sc_hd__o2bb2ai_2'
Circuit sky130_fd_sc_hd__o2bb2ai_2 contains 0 device instances.
Circuit contains 0 nets.

Circuit sky130_fd_sc_hd__o2bb2ai_2 contains no devices.
Contents of circuit 1:  Circuit: 'sky130_fd_sc_hd__o2111ai_2'
Circuit sky130_fd_sc_hd__o2111ai_2 contains 0 device instances.
Circuit contains 0 nets, and 10 disconnected pins.
Contents of circuit 2:  Circuit: 'sky130_fd_sc_hd__o2111ai_2'
Circuit sky130_fd_sc_hd__o2111ai_2 contains 0 device instances.
Circuit contains 0 nets.

Circuit sky130_fd_sc_hd__o2111ai_2 contains no devices.
Contents of circuit 1:  Circuit: 'sky130_fd_sc_hd__o211ai_2'
Circuit sky130_fd_sc_hd__o211ai_2 contains 0 device instances.
Circuit contains 0 nets, and 9 disconnected pins.
Contents of circuit 2:  Circuit: 'sky130_fd_sc_hd__o211ai_2'
Circuit sky130_fd_sc_hd__o211ai_2 contains 0 device instances.
Circuit contains 0 nets.

Circuit sky130_fd_sc_hd__o211ai_2 contains no devices.
Contents of circuit 1:  Circuit: 'sky130_fd_sc_hd__a2111o_2'
Circuit sky130_fd_sc_hd__a2111o_2 contains 0 device instances.
Circuit contains 0 nets, and 10 disconnected pins.
Contents of circuit 2:  Circuit: 'sky130_fd_sc_hd__a2111o_2'
Circuit sky130_fd_sc_hd__a2111o_2 contains 0 device instances.
Circuit contains 0 nets.

Circuit sky130_fd_sc_hd__a2111o_2 contains no devices.
Contents of circuit 1:  Circuit: 'sky130_fd_sc_hd__nand4_2'
Circuit sky130_fd_sc_hd__nand4_2 contains 0 device instances.
Circuit contains 0 nets, and 9 disconnected pins.
Contents of circuit 2:  Circuit: 'sky130_fd_sc_hd__nand4_2'
Circuit sky130_fd_sc_hd__nand4_2 contains 0 device instances.
Circuit contains 0 nets.

Circuit sky130_fd_sc_hd__nand4_2 contains no devices.
Contents of circuit 1:  Circuit: 'sky130_fd_sc_hd__a2111oi_2'
Circuit sky130_fd_sc_hd__a2111oi_2 contains 0 device instances.
Circuit contains 0 nets, and 10 disconnected pins.
Contents of circuit 2:  Circuit: 'sky130_fd_sc_hd__a2111oi_2'
Circuit sky130_fd_sc_hd__a2111oi_2 contains 0 device instances.
Circuit contains 0 nets.

Circuit sky130_fd_sc_hd__a2111oi_2 contains no devices.
Contents of circuit 1:  Circuit: 'sky130_fd_sc_hd__o41a_2'
Circuit sky130_fd_sc_hd__o41a_2 contains 0 device instances.
Circuit contains 0 nets, and 10 disconnected pins.
Contents of circuit 2:  Circuit: 'sky130_fd_sc_hd__o41a_2'
Circuit sky130_fd_sc_hd__o41a_2 contains 0 device instances.
Circuit contains 0 nets.

Circuit sky130_fd_sc_hd__o41a_2 contains no devices.
Contents of circuit 1:  Circuit: 'sky130_fd_sc_hd__nor2b_2'
Circuit sky130_fd_sc_hd__nor2b_2 contains 0 device instances.
Circuit contains 0 nets, and 7 disconnected pins.
Contents of circuit 2:  Circuit: 'sky130_fd_sc_hd__nor2b_2'
Circuit sky130_fd_sc_hd__nor2b_2 contains 0 device instances.
Circuit contains 0 nets.

Circuit sky130_fd_sc_hd__nor2b_2 contains no devices.
Contents of circuit 1:  Circuit: 'DFFRAM'
Circuit DFFRAM contains 0 device instances.
Circuit contains 0 nets, and 80 disconnected pins.
Contents of circuit 2:  Circuit: 'DFFRAM'
Circuit DFFRAM contains 0 device instances.
Circuit contains 0 nets.

Circuit DFFRAM contains no devices.
Contents of circuit 1:  Circuit: 'sky130_fd_sc_hd__a311o_2'
Circuit sky130_fd_sc_hd__a311o_2 contains 0 device instances.
Circuit contains 0 nets, and 10 disconnected pins.
Contents of circuit 2:  Circuit: 'sky130_fd_sc_hd__a311o_2'
Circuit sky130_fd_sc_hd__a311o_2 contains 0 device instances.
Circuit contains 0 nets.

Circuit sky130_fd_sc_hd__a311o_2 contains no devices.
Contents of circuit 1:  Circuit: 'sky130_fd_sc_hd__nor4_2'
Circuit sky130_fd_sc_hd__nor4_2 contains 0 device instances.
Circuit contains 0 nets, and 9 disconnected pins.
Contents of circuit 2:  Circuit: 'sky130_fd_sc_hd__nor4_2'
Circuit sky130_fd_sc_hd__nor4_2 contains 0 device instances.
Circuit contains 0 nets.

Circuit sky130_fd_sc_hd__nor4_2 contains no devices.
Contents of circuit 1:  Circuit: 'sky130_fd_sc_hd__nand4b_2'
Circuit sky130_fd_sc_hd__nand4b_2 contains 0 device instances.
Circuit contains 0 nets, and 9 disconnected pins.
Contents of circuit 2:  Circuit: 'sky130_fd_sc_hd__nand4b_2'
Circuit sky130_fd_sc_hd__nand4b_2 contains 0 device instances.
Circuit contains 0 nets.

Circuit sky130_fd_sc_hd__nand4b_2 contains no devices.
Contents of circuit 1:  Circuit: 'sky130_fd_sc_hd__conb_1'
Circuit sky130_fd_sc_hd__conb_1 contains 0 device instances.
Circuit contains 0 nets, and 6 disconnected pins.
Contents of circuit 2:  Circuit: 'sky130_fd_sc_hd__conb_1'
Circuit sky130_fd_sc_hd__conb_1 contains 0 device instances.
Circuit contains 0 nets.

Circuit sky130_fd_sc_hd__conb_1 contains no devices.
Contents of circuit 1:  Circuit: 'mgmt_core'
Circuit mgmt_core contains 172457 device instances.
  Class: sky130_fd_sc_hd__o2111ai_2 instances:   1
  Class: sky130_fd_sc_hd__a41o_2 instances:   7
  Class: sky130_fd_sc_hd__a31o_2 instances: 102
  Class: sky130_fd_sc_hd__a21o_2 instances:  97
  Class: sky130_fd_sc_hd__a2bb2oi_2 instances:  45
  Class: sky130_fd_sc_hd__clkbuf_16 instances: 381
  Class: sky130_fd_sc_hd__dfxtp_2 instances: 3632
  Class: sky130_fd_sc_hd__o31ai_2 instances:   5
  Class: sky130_fd_sc_hd__or4_2 instances: 224
  Class: sky130_fd_sc_hd__a31oi_2 instances:  26
  Class: sky130_fd_sc_hd__buf_1 instances: 5289
  Class: sky130_fd_sc_hd__nand4_2 instances:  28
  Class: sky130_fd_sc_hd__buf_2 instances:  54
  Class: sky130_fd_sc_hd__a2bb2o_2 instances: 166
  Class: sky130_fd_sc_hd__and3b_2 instances:   3
  Class: sky130_fd_sc_hd__o221ai_2 instances:  92
  Class: sky130_fd_sc_hd__mux4_1 instances: 783
  Class: sky130_fd_sc_hd__dfstp_2 instances:  78
  Class: sky130_fd_sc_hd__dfrtp_2 instances: 309
  Class: sky130_fd_sc_hd__and4_2 instances:  52
  Class: sky130_fd_sc_hd__inv_2 instances: 2868
  Class: sky130_fd_sc_hd__clkbuf_1 instances: 124
  Class: sky130_fd_sc_hd__or3_2 instances: 210
  Class: sky130_fd_sc_hd__o21ba_2 instances:   4
  Class: sky130_fd_sc_hd__conb_1 instances:   6
  Class: sky130_fd_sc_hd__and2b_2 instances:   7
  Class: sky130_fd_sc_hd__a21boi_2 instances:  37
  Class: sky130_fd_sc_hd__nand4b_2 instances:   1
  Class: sky130_fd_sc_hd__a21bo_2 instances:  55
  Class: sky130_fd_sc_hd__a221oi_2 instances:   5
  Class: digital_pll           instances:   1
  Class: sky130_fd_sc_hd__and3_2 instances: 195
  Class: sky130_fd_sc_hd__a2111o_2 instances:   4
  Class: sky130_fd_sc_hd__decap_3 instances: 6021
  Class: sky130_fd_sc_hd__decap_4 instances: 5823
  Class: sky130_fd_sc_hd__decap_6 instances: 4987
  Class: sky130_fd_sc_hd__decap_8 instances: 13113
  Class: sky130_fd_sc_hd__dlygate4sd3_1 instances:  47
  Class: sky130_fd_sc_hd__or2_2 instances: 1175
  Class: sky130_fd_sc_hd__a2111oi_2 instances:   2
  Class: sky130_fd_sc_hd__nand2_2 instances: 164
  Class: sky130_fd_sc_hd__mux2_1 instances: 3701
  Class: sky130_fd_sc_hd__mux2_2 instances:  56
  Class: DFFRAM                instances:   1
  Class: sky130_fd_sc_hd__o2bb2ai_2 instances:   4
  Class: sky130_fd_sc_hd__a211oi_2 instances:  62
  Class: sky130_fd_sc_hd__and2_2 instances: 201
  Class: sky130_fd_sc_hd__or4b_2 instances:  26
  Class: sky130_fd_sc_hd__ebufn_2 instances:  34
  Class: sky130_fd_sc_hd__nor4_2 instances:   2
  Class: sky130_fd_sc_hd__o32a_2 instances: 154
  Class: sky130_fd_sc_hd__o22a_2 instances: 651
  Class: sky130_fd_sc_hd__o221a_2 instances: 1393
  Class: sky130_fd_sc_hd__o21bai_2 instances:   3
  Class: sky130_fd_sc_hd__o211a_2 instances: 175
  Class: sky130_fd_sc_hd__nand2b_2 instances:   5
  Class: sky130_fd_sc_hd__diode_2 instances: 26417
  Class: sky130_fd_sc_hd__a221o_2 instances: 410
  Class: sky130_fd_sc_hd__a211o_2 instances:  14
  Class: sky130_fd_sc_hd__o2111a_2 instances:  23
  Class: sky130_fd_sc_hd__or3b_2 instances:   7
  Class: sky130_fd_sc_hd__or4bb_2 instances:  10
  Class: sky130_fd_sc_hd__nor3_2 instances:  65
  Class: sky130_fd_sc_hd__a32o_2 instances: 119
  Class: sky130_fd_sc_hd__o41a_2 instances:   5
  Class: sky130_fd_sc_hd__a22o_2 instances: 2035
  Class: sky130_fd_sc_hd__o31a_2 instances:  21
  Class: sky130_fd_sc_hd__o2bb2a_2 instances:  39
  Class: sky130_fd_sc_hd__o21a_2 instances: 318
  Class: sky130_fd_sc_hd__o311a_2 instances:  16
  Class: sky130_fd_sc_hd__o22ai_2 instances: 144
  Class: sky130_fd_sc_hd__nor2b_2 instances:   6
  Class: sky130_fd_sc_hd__a22oi_2 instances:  10
  Class: sky130_fd_sc_hd__and4b_2 instances:  17
  Class: sky130_fd_sc_hd__o21ai_2 instances: 206
  Class: sky130_fd_sc_hd__tapvpwrvgnd_1 instances: 19794
  Class: sky130_fd_sc_hd__a21oi_2 instances: 212
  Class: sky130_fd_sc_hd__a311o_2 instances:   1
  Class: sky130_fd_sc_hd__fill_1 instances: 12275
  Class: sky130_fd_sc_hd__fill_2 instances: 5238
  Class: sky130_fd_sc_hd__o211ai_2 instances:   8
  Class: sky130_fd_sc_hd__decap_12 instances: 51779
  Class: sky130_fd_sc_hd__or2b_2 instances:  21
  Class: sky130_fd_sc_hd__and4bb_2 instances:   4
  Class: sky130_fd_sc_hd__nor2_2 instances: 552
Circuit contains 27390 nets.
Contents of circuit 2:  Circuit: 'mgmt_core'
Circuit mgmt_core contains 172457 device instances.
  Class: sky130_fd_sc_hd__o2111ai_2 instances:   1
  Class: sky130_fd_sc_hd__a41o_2 instances:   7
  Class: sky130_fd_sc_hd__a31o_2 instances: 102
  Class: sky130_fd_sc_hd__a21o_2 instances:  97
  Class: sky130_fd_sc_hd__a2bb2oi_2 instances:  45
  Class: sky130_fd_sc_hd__clkbuf_16 instances: 381
  Class: sky130_fd_sc_hd__dfxtp_2 instances: 3632
  Class: sky130_fd_sc_hd__o31ai_2 instances:   5
  Class: sky130_fd_sc_hd__or4_2 instances: 224
  Class: sky130_fd_sc_hd__a31oi_2 instances:  26
  Class: sky130_fd_sc_hd__buf_1 instances: 5289
  Class: sky130_fd_sc_hd__buf_2 instances:  54
  Class: sky130_fd_sc_hd__nand4_2 instances:  28
  Class: sky130_fd_sc_hd__a2bb2o_2 instances: 166
  Class: sky130_fd_sc_hd__and3b_2 instances:   3
  Class: sky130_fd_sc_hd__o221ai_2 instances:  92
  Class: sky130_fd_sc_hd__mux4_1 instances: 783
  Class: sky130_fd_sc_hd__dfstp_2 instances:  78
  Class: sky130_fd_sc_hd__dfrtp_2 instances: 309
  Class: sky130_fd_sc_hd__and4_2 instances:  52
  Class: sky130_fd_sc_hd__inv_2 instances: 2868
  Class: sky130_fd_sc_hd__clkbuf_1 instances: 124
  Class: sky130_fd_sc_hd__or3_2 instances: 210
  Class: sky130_fd_sc_hd__o21ba_2 instances:   4
  Class: sky130_fd_sc_hd__conb_1 instances:   6
  Class: sky130_fd_sc_hd__and2b_2 instances:   7
  Class: sky130_fd_sc_hd__a21boi_2 instances:  37
  Class: sky130_fd_sc_hd__nand4b_2 instances:   1
  Class: sky130_fd_sc_hd__a21bo_2 instances:  55
  Class: digital_pll           instances:   1
  Class: sky130_fd_sc_hd__a221oi_2 instances:   5
  Class: sky130_fd_sc_hd__and3_2 instances: 195
  Class: sky130_fd_sc_hd__a2111o_2 instances:   4
  Class: sky130_fd_sc_hd__decap_3 instances: 6021
  Class: sky130_fd_sc_hd__decap_4 instances: 5823
  Class: sky130_fd_sc_hd__decap_6 instances: 4987
  Class: sky130_fd_sc_hd__decap_8 instances: 13113
  Class: sky130_fd_sc_hd__dlygate4sd3_1 instances:  47
  Class: sky130_fd_sc_hd__or2_2 instances: 1175
  Class: sky130_fd_sc_hd__a2111oi_2 instances:   2
  Class: sky130_fd_sc_hd__nand2_2 instances: 164
  Class: sky130_fd_sc_hd__mux2_1 instances: 3701
  Class: sky130_fd_sc_hd__mux2_2 instances:  56
  Class: DFFRAM                instances:   1
  Class: sky130_fd_sc_hd__o2bb2ai_2 instances:   4
  Class: sky130_fd_sc_hd__and2_2 instances: 201
  Class: sky130_fd_sc_hd__a211oi_2 instances:  62
  Class: sky130_fd_sc_hd__or4b_2 instances:  26
  Class: sky130_fd_sc_hd__ebufn_2 instances:  34
  Class: sky130_fd_sc_hd__nor4_2 instances:   2
  Class: sky130_fd_sc_hd__o32a_2 instances: 154
  Class: sky130_fd_sc_hd__o22a_2 instances: 651
  Class: sky130_fd_sc_hd__o221a_2 instances: 1393
  Class: sky130_fd_sc_hd__o21bai_2 instances:   3
  Class: sky130_fd_sc_hd__o211a_2 instances: 175
  Class: sky130_fd_sc_hd__nand2b_2 instances:   5
  Class: sky130_fd_sc_hd__diode_2 instances: 26417
  Class: sky130_fd_sc_hd__a221o_2 instances: 410
  Class: sky130_fd_sc_hd__a211o_2 instances:  14
  Class: sky130_fd_sc_hd__o2111a_2 instances:  23
  Class: sky130_fd_sc_hd__or3b_2 instances:   7
  Class: sky130_fd_sc_hd__or4bb_2 instances:  10
  Class: sky130_fd_sc_hd__nor3_2 instances:  65
  Class: sky130_fd_sc_hd__a32o_2 instances: 119
  Class: sky130_fd_sc_hd__o41a_2 instances:   5
  Class: sky130_fd_sc_hd__a22o_2 instances: 2035
  Class: sky130_fd_sc_hd__o31a_2 instances:  21
  Class: sky130_fd_sc_hd__o2bb2a_2 instances:  39
  Class: sky130_fd_sc_hd__o21a_2 instances: 318
  Class: sky130_fd_sc_hd__o311a_2 instances:  16
  Class: sky130_fd_sc_hd__o22ai_2 instances: 144
  Class: sky130_fd_sc_hd__nor2b_2 instances:   6
  Class: sky130_fd_sc_hd__a22oi_2 instances:  10
  Class: sky130_fd_sc_hd__and4b_2 instances:  17
  Class: sky130_fd_sc_hd__tapvpwrvgnd_1 instances: 19794
  Class: sky130_fd_sc_hd__o21ai_2 instances: 206
  Class: sky130_fd_sc_hd__a21oi_2 instances: 212
  Class: sky130_fd_sc_hd__a311o_2 instances:   1
  Class: sky130_fd_sc_hd__fill_1 instances: 12275
  Class: sky130_fd_sc_hd__fill_2 instances: 5238
  Class: sky130_fd_sc_hd__o211ai_2 instances:   8
  Class: sky130_fd_sc_hd__decap_12 instances: 51779
  Class: sky130_fd_sc_hd__or2b_2 instances:  21
  Class: sky130_fd_sc_hd__and4bb_2 instances:   4
  Class: sky130_fd_sc_hd__nor2_2 instances: 552
Circuit contains 27390 nets.

Circuit was modified by parallel/series device merging.
New circuit summary:

Contents of circuit 1:  Circuit: 'mgmt_core'
Circuit mgmt_core contains 33367 device instances.
  Class: sky130_fd_sc_hd__o2111ai_2 instances:   1
  Class: sky130_fd_sc_hd__a41o_2 instances:   7
  Class: sky130_fd_sc_hd__a31o_2 instances: 102
  Class: sky130_fd_sc_hd__a21o_2 instances:  97
  Class: sky130_fd_sc_hd__a2bb2oi_2 instances:  45
  Class: sky130_fd_sc_hd__clkbuf_16 instances: 381
  Class: sky130_fd_sc_hd__dfxtp_2 instances: 3632
  Class: sky130_fd_sc_hd__o31ai_2 instances:   5
  Class: sky130_fd_sc_hd__or4_2 instances: 224
  Class: sky130_fd_sc_hd__a31oi_2 instances:  26
  Class: sky130_fd_sc_hd__buf_1 instances: 5289
  Class: sky130_fd_sc_hd__nand4_2 instances:  28
  Class: sky130_fd_sc_hd__buf_2 instances:  54
  Class: sky130_fd_sc_hd__a2bb2o_2 instances: 166
  Class: sky130_fd_sc_hd__and3b_2 instances:   3
  Class: sky130_fd_sc_hd__o221ai_2 instances:  92
  Class: sky130_fd_sc_hd__mux4_1 instances: 783
  Class: sky130_fd_sc_hd__dfstp_2 instances:  78
  Class: sky130_fd_sc_hd__dfrtp_2 instances: 309
  Class: sky130_fd_sc_hd__and4_2 instances:  52
  Class: sky130_fd_sc_hd__inv_2 instances: 2868
  Class: sky130_fd_sc_hd__clkbuf_1 instances: 124
  Class: sky130_fd_sc_hd__or3_2 instances: 210
  Class: sky130_fd_sc_hd__o21ba_2 instances:   4
  Class: sky130_fd_sc_hd__conb_1 instances:   6
  Class: sky130_fd_sc_hd__and2b_2 instances:   7
  Class: sky130_fd_sc_hd__a21boi_2 instances:  37
  Class: sky130_fd_sc_hd__nand4b_2 instances:   1
  Class: sky130_fd_sc_hd__a21bo_2 instances:  55
  Class: sky130_fd_sc_hd__a221oi_2 instances:   5
  Class: digital_pll           instances:   1
  Class: sky130_fd_sc_hd__and3_2 instances: 195
  Class: sky130_fd_sc_hd__a2111o_2 instances:   4
  Class: sky130_fd_sc_hd__decap_3 instances:   1
  Class: sky130_fd_sc_hd__decap_4 instances:   1
  Class: sky130_fd_sc_hd__decap_6 instances:   1
  Class: sky130_fd_sc_hd__decap_8 instances:   1
  Class: sky130_fd_sc_hd__dlygate4sd3_1 instances:  47
  Class: sky130_fd_sc_hd__or2_2 instances: 1175
  Class: sky130_fd_sc_hd__a2111oi_2 instances:   2
  Class: sky130_fd_sc_hd__nand2_2 instances: 164
  Class: sky130_fd_sc_hd__mux2_1 instances: 3701
  Class: sky130_fd_sc_hd__mux2_2 instances:  56
  Class: DFFRAM                instances:   1
  Class: sky130_fd_sc_hd__o2bb2ai_2 instances:   4
  Class: sky130_fd_sc_hd__a211oi_2 instances:  62
  Class: sky130_fd_sc_hd__and2_2 instances: 201
  Class: sky130_fd_sc_hd__or4b_2 instances:  26
  Class: sky130_fd_sc_hd__ebufn_2 instances:  34
  Class: sky130_fd_sc_hd__nor4_2 instances:   2
  Class: sky130_fd_sc_hd__o32a_2 instances: 154
  Class: sky130_fd_sc_hd__o22a_2 instances: 651
  Class: sky130_fd_sc_hd__o221a_2 instances: 1393
  Class: sky130_fd_sc_hd__o21bai_2 instances:   3
  Class: sky130_fd_sc_hd__o211a_2 instances: 175
  Class: sky130_fd_sc_hd__nand2b_2 instances:   5
  Class: sky130_fd_sc_hd__diode_2 instances: 6349
  Class: sky130_fd_sc_hd__a221o_2 instances: 410
  Class: sky130_fd_sc_hd__a211o_2 instances:  14
  Class: sky130_fd_sc_hd__o2111a_2 instances:  23
  Class: sky130_fd_sc_hd__or3b_2 instances:   7
  Class: sky130_fd_sc_hd__or4bb_2 instances:  10
  Class: sky130_fd_sc_hd__nor3_2 instances:  65
  Class: sky130_fd_sc_hd__a32o_2 instances: 119
  Class: sky130_fd_sc_hd__o41a_2 instances:   5
  Class: sky130_fd_sc_hd__a22o_2 instances: 2035
  Class: sky130_fd_sc_hd__o31a_2 instances:  21
  Class: sky130_fd_sc_hd__o2bb2a_2 instances:  39
  Class: sky130_fd_sc_hd__o21a_2 instances: 318
  Class: sky130_fd_sc_hd__o311a_2 instances:  16
  Class: sky130_fd_sc_hd__o22ai_2 instances: 144
  Class: sky130_fd_sc_hd__nor2b_2 instances:   6
  Class: sky130_fd_sc_hd__a22oi_2 instances:  10
  Class: sky130_fd_sc_hd__and4b_2 instances:  17
  Class: sky130_fd_sc_hd__o21ai_2 instances: 206
  Class: sky130_fd_sc_hd__tapvpwrvgnd_1 instances:   1
  Class: sky130_fd_sc_hd__a21oi_2 instances: 212
  Class: sky130_fd_sc_hd__a311o_2 instances:   1
  Class: sky130_fd_sc_hd__fill_1 instances:   1
  Class: sky130_fd_sc_hd__fill_2 instances:   1
  Class: sky130_fd_sc_hd__o211ai_2 instances:   8
  Class: sky130_fd_sc_hd__decap_12 instances:   1
  Class: sky130_fd_sc_hd__or2b_2 instances:  21
  Class: sky130_fd_sc_hd__and4bb_2 instances:   4
  Class: sky130_fd_sc_hd__nor2_2 instances: 552
Circuit contains 27390 nets.
Contents of circuit 2:  Circuit: 'mgmt_core'
Circuit mgmt_core contains 33367 device instances.
  Class: sky130_fd_sc_hd__o2111ai_2 instances:   1
  Class: sky130_fd_sc_hd__a41o_2 instances:   7
  Class: sky130_fd_sc_hd__a31o_2 instances: 102
  Class: sky130_fd_sc_hd__a21o_2 instances:  97
  Class: sky130_fd_sc_hd__a2bb2oi_2 instances:  45
  Class: sky130_fd_sc_hd__clkbuf_16 instances: 381
  Class: sky130_fd_sc_hd__dfxtp_2 instances: 3632
  Class: sky130_fd_sc_hd__o31ai_2 instances:   5
  Class: sky130_fd_sc_hd__or4_2 instances: 224
  Class: sky130_fd_sc_hd__a31oi_2 instances:  26
  Class: sky130_fd_sc_hd__buf_1 instances: 5289
  Class: sky130_fd_sc_hd__buf_2 instances:  54
  Class: sky130_fd_sc_hd__nand4_2 instances:  28
  Class: sky130_fd_sc_hd__a2bb2o_2 instances: 166
  Class: sky130_fd_sc_hd__and3b_2 instances:   3
  Class: sky130_fd_sc_hd__o221ai_2 instances:  92
  Class: sky130_fd_sc_hd__mux4_1 instances: 783
  Class: sky130_fd_sc_hd__dfstp_2 instances:  78
  Class: sky130_fd_sc_hd__dfrtp_2 instances: 309
  Class: sky130_fd_sc_hd__and4_2 instances:  52
  Class: sky130_fd_sc_hd__inv_2 instances: 2868
  Class: sky130_fd_sc_hd__clkbuf_1 instances: 124
  Class: sky130_fd_sc_hd__or3_2 instances: 210
  Class: sky130_fd_sc_hd__o21ba_2 instances:   4
  Class: sky130_fd_sc_hd__conb_1 instances:   6
  Class: sky130_fd_sc_hd__and2b_2 instances:   7
  Class: sky130_fd_sc_hd__a21boi_2 instances:  37
  Class: sky130_fd_sc_hd__nand4b_2 instances:   1
  Class: sky130_fd_sc_hd__a21bo_2 instances:  55
  Class: digital_pll           instances:   1
  Class: sky130_fd_sc_hd__a221oi_2 instances:   5
  Class: sky130_fd_sc_hd__and3_2 instances: 195
  Class: sky130_fd_sc_hd__a2111o_2 instances:   4
  Class: sky130_fd_sc_hd__decap_3 instances:   1
  Class: sky130_fd_sc_hd__decap_4 instances:   1
  Class: sky130_fd_sc_hd__decap_6 instances:   1
  Class: sky130_fd_sc_hd__decap_8 instances:   1
  Class: sky130_fd_sc_hd__dlygate4sd3_1 instances:  47
  Class: sky130_fd_sc_hd__or2_2 instances: 1175
  Class: sky130_fd_sc_hd__a2111oi_2 instances:   2
  Class: sky130_fd_sc_hd__nand2_2 instances: 164
  Class: sky130_fd_sc_hd__mux2_1 instances: 3701
  Class: sky130_fd_sc_hd__mux2_2 instances:  56
  Class: DFFRAM                instances:   1
  Class: sky130_fd_sc_hd__o2bb2ai_2 instances:   4
  Class: sky130_fd_sc_hd__and2_2 instances: 201
  Class: sky130_fd_sc_hd__a211oi_2 instances:  62
  Class: sky130_fd_sc_hd__or4b_2 instances:  26
  Class: sky130_fd_sc_hd__ebufn_2 instances:  34
  Class: sky130_fd_sc_hd__nor4_2 instances:   2
  Class: sky130_fd_sc_hd__o32a_2 instances: 154
  Class: sky130_fd_sc_hd__o22a_2 instances: 651
  Class: sky130_fd_sc_hd__o221a_2 instances: 1393
  Class: sky130_fd_sc_hd__o21bai_2 instances:   3
  Class: sky130_fd_sc_hd__o211a_2 instances: 175
  Class: sky130_fd_sc_hd__nand2b_2 instances:   5
  Class: sky130_fd_sc_hd__diode_2 instances: 6349
  Class: sky130_fd_sc_hd__a221o_2 instances: 410
  Class: sky130_fd_sc_hd__a211o_2 instances:  14
  Class: sky130_fd_sc_hd__o2111a_2 instances:  23
  Class: sky130_fd_sc_hd__or3b_2 instances:   7
  Class: sky130_fd_sc_hd__or4bb_2 instances:  10
  Class: sky130_fd_sc_hd__nor3_2 instances:  65
  Class: sky130_fd_sc_hd__a32o_2 instances: 119
  Class: sky130_fd_sc_hd__o41a_2 instances:   5
  Class: sky130_fd_sc_hd__a22o_2 instances: 2035
  Class: sky130_fd_sc_hd__o31a_2 instances:  21
  Class: sky130_fd_sc_hd__o2bb2a_2 instances:  39
  Class: sky130_fd_sc_hd__o21a_2 instances: 318
  Class: sky130_fd_sc_hd__o311a_2 instances:  16
  Class: sky130_fd_sc_hd__o22ai_2 instances: 144
  Class: sky130_fd_sc_hd__nor2b_2 instances:   6
  Class: sky130_fd_sc_hd__a22oi_2 instances:  10
  Class: sky130_fd_sc_hd__and4b_2 instances:  17
  Class: sky130_fd_sc_hd__tapvpwrvgnd_1 instances:   1
  Class: sky130_fd_sc_hd__o21ai_2 instances: 206
  Class: sky130_fd_sc_hd__a21oi_2 instances: 212
  Class: sky130_fd_sc_hd__a311o_2 instances:   1
  Class: sky130_fd_sc_hd__fill_1 instances:   1
  Class: sky130_fd_sc_hd__fill_2 instances:   1
  Class: sky130_fd_sc_hd__o211ai_2 instances:   8
  Class: sky130_fd_sc_hd__decap_12 instances:   1
  Class: sky130_fd_sc_hd__or2b_2 instances:  21
  Class: sky130_fd_sc_hd__and4bb_2 instances:   4
  Class: sky130_fd_sc_hd__nor2_2 instances: 552
Circuit contains 27390 nets.

Circuit 1 contains 33367 devices, Circuit 2 contains 33367 devices.
Circuit 1 contains 27390 nets,    Circuit 2 contains 27390 nets.

Circuits match with 19 symmetries.
Resolving automorphisms by property value.
Resolving automorphisms by pin name.
Netlists match uniquely.
Circuits match correctly.
Result: Circuits match uniquely.
Logging to file "/project/openlane/mgmt_core/runs/mgmt_core/results/lvs/mgmt_core.lvs.lef.log" disabled
LVS Done.
