[INFO]: Current run directory is /project/openlane/mgmt_core/runs/mgmt_core
[INFO]: Preparing LEF Files
[INFO]: Extracting the number of available metal layers from /home/ma/ef/openlane/pdks/sky130A/libs.ref/sky130_fd_sc_hd/techlef/sky130_fd_sc_hd.tlef
[INFO]: The number of available metal layers is 6
[INFO]: The available metal layers are li1 met1 met2 met3 met4 met5
[INFO]: Merging LEF Files...
[INFO]: Merging the following extra LEFs:  /project/openlane/mgmt_core/../../lef/DFFRAM.lef
	/project/openlane/mgmt_core/../../lef/digital_pll.lef
[INFO]: Trimming Liberty...
[INFO]: Generating Exclude List...
[INFO]: Storing configs into config.tcl ...
[INFO]: Preparation complete
[INFO]: Running Synthesis...
[INFO]: current step index: 1
[INFO]: Changing netlist from 0 to /project/openlane/mgmt_core/runs/mgmt_core/results/synthesis/mgmt_core.synthesis.v
[INFO]: Running Static Timing Analysis...
[INFO]: current step index: 2
[INFO]: Synthesis was successful
[INFO]: Running Floorplanning...
[INFO]: Running Initial Floorplanning...
[INFO]: current step index: 3
[INFO]: Core area width: 2238.96
[INFO]: Core area height: 818.24
[INFO]: Changing layout from 0 to /project/openlane/mgmt_core/runs/mgmt_core/tmp/floorplan/3-verilog2def_openroad.def
[INFO]: current step index: 4
[INFO]: Changing layout from /project/openlane/mgmt_core/runs/mgmt_core/tmp/floorplan/3-verilog2def_openroad.def to /project/openlane/mgmt_core/runs/mgmt_core/tmp/floorplan/4-ioPlacer.def
[INFO]:  Manual Macro Placement...
[INFO]: current step index: 5
[INFO]: Changing layout from /project/openlane/mgmt_core/runs/mgmt_core/tmp/floorplan/4-ioPlacer.def to /project/openlane/mgmt_core/runs/mgmt_core/tmp/floorplan/4-ioPlacer.macro_placement.def
[INFO]: Running Tap/Decap Insertion...
[INFO]: current step index: 6
[INFO]: Changing layout from /project/openlane/mgmt_core/runs/mgmt_core/tmp/floorplan/4-ioPlacer.macro_placement.def to /project/openlane/mgmt_core/runs/mgmt_core/results/floorplan/mgmt_core.floorplan.def
[INFO]: Power planning the following nets
[INFO]: Power: VPWR
[INFO]: Ground: VGND
[INFO]: Generating PDN...
[INFO]: current step index: 7
[INFO]: PDN generation was successful.
[INFO]: Changing layout from /project/openlane/mgmt_core/runs/mgmt_core/results/floorplan/mgmt_core.floorplan.def to /project/openlane/mgmt_core/runs/mgmt_core/tmp/floorplan/7-pdn.def
[INFO]: Running Placement...
[INFO]: Running Global Placement...
[INFO]: current step index: 8
[INFO]: Global placement was successful
[INFO]: Changing layout from /project/openlane/mgmt_core/runs/mgmt_core/tmp/floorplan/7-pdn.def to /project/openlane/mgmt_core/runs/mgmt_core/tmp/placement/8-replace.def
[INFO]: Skipping OpenPhySyn Timing Optimizations.
[INFO]: Skipping Resizer Timing Optimizations.
[INFO]: Running Detailed Placement...
[INFO]: current step index: 9
[INFO]: Changing layout from /project/openlane/mgmt_core/runs/mgmt_core/tmp/placement/8-replace.def to /project/openlane/mgmt_core/runs/mgmt_core/results/placement/mgmt_core.placement.def
[INFO]: Changing layout from /project/openlane/mgmt_core/runs/mgmt_core/results/placement/mgmt_core.placement.def to /project/openlane/mgmt_core/runs/mgmt_core/results/placement/mgmt_core.placement.def
[INFO]: Running TritonCTS...
[INFO]: current step index: 10
[INFO]: Trimming Liberty...
[INFO]: Generating Exclude List...
[INFO]: Clock Tree Synthesis was successful
[INFO]: Changing layout from /project/openlane/mgmt_core/runs/mgmt_core/results/placement/mgmt_core.placement.def to /project/openlane/mgmt_core/runs/mgmt_core/results/cts/mgmt_core.cts.def
[INFO]: Writing Verilog...
[INFO]: current step index: 11
[INFO]: Changing netlist from /project/openlane/mgmt_core/runs/mgmt_core/results/synthesis/mgmt_core.synthesis.v to /project/openlane/mgmt_core/runs/mgmt_core/results/synthesis/mgmt_core.synthesis_cts.v
[INFO]: Running Resizer Timing Optimizations...
[INFO]: Generating Exclude List...
[INFO]: Creating ::env(DONT_USE_CELLS)...
[INFO]: Changing layout from /project/openlane/mgmt_core/runs/mgmt_core/results/cts/mgmt_core.cts.def to /project/openlane/mgmt_core/runs/mgmt_core/tmp/placement/11-resizer_timing.def
[INFO]: Writing Verilog...
[INFO]: current step index: 12
[INFO]: Changing netlist from /project/openlane/mgmt_core/runs/mgmt_core/results/synthesis/mgmt_core.synthesis_cts.v to /project/openlane/mgmt_core/runs/mgmt_core/results/synthesis/mgmt_core.synthesis_optimized.v
[INFO]: Running Static Timing Analysis...
[INFO]: current step index: 13
[INFO]: Routing...
[INFO]: Running Diode Insertion...
[INFO]: current step index: 14
[INFO]: Changing layout from /project/openlane/mgmt_core/runs/mgmt_core/tmp/placement/11-resizer_timing.def to /project/openlane/mgmt_core/runs/mgmt_core/tmp/placement/14-diodes.def
[INFO]: Running Detailed Placement...
[INFO]: current step index: 15
[INFO]: Changing layout from /project/openlane/mgmt_core/runs/mgmt_core/tmp/placement/14-diodes.def to /project/openlane/mgmt_core/runs/mgmt_core/results/placement/mgmt_core.placement.def
[INFO]: Changing layout from /project/openlane/mgmt_core/runs/mgmt_core/results/placement/mgmt_core.placement.def to /project/openlane/mgmt_core/runs/mgmt_core/results/placement/mgmt_core.placement.def
[INFO]: Writing Verilog...
[INFO]: current step index: 16
[INFO]: Changing netlist from /project/openlane/mgmt_core/runs/mgmt_core/results/synthesis/mgmt_core.synthesis_optimized.v to /project/openlane/mgmt_core/runs/mgmt_core/results/synthesis/mgmt_core.synthesis_diodes.v
[INFO]: Running Fill Insertion...
[INFO]: current step index: 17
[INFO]: Changing layout from /project/openlane/mgmt_core/runs/mgmt_core/results/placement/mgmt_core.placement.def to /project/openlane/mgmt_core/runs/mgmt_core/tmp/routing/17-addspacers.def
[INFO]: Adding routing obstructions...
[WARNING]: Specifying a routing obstruction is now done using the coordinates
[WARNING]: of its bounding box instead of the now deprecated (x, y, size_x, size_y).
[INFO]: Obstructions added over  met4 122.000 111.000 872.000 636.000
[INFO]: Changing layout from /project/openlane/mgmt_core/runs/mgmt_core/tmp/routing/17-addspacers.def to /project/openlane/mgmt_core/runs/mgmt_core/tmp/routing/17-addspacers.obs.def
[INFO]: Obstructions will be added over the whole die area: met5 0 0 2250 840
[INFO]: Adding routing obstructions...
[WARNING]: Specifying a routing obstruction is now done using the coordinates
[WARNING]: of its bounding box instead of the now deprecated (x, y, size_x, size_y).
[INFO]: Obstructions added over met5 0 0 2250 840
[INFO]: Changing layout from /project/openlane/mgmt_core/runs/mgmt_core/tmp/routing/17-addspacers.obs.def to /project/openlane/mgmt_core/runs/mgmt_core/tmp/routing/17-addspacers.obs.obs.def
[INFO]: Running Global Routing...
[INFO]: current step index: 18
[INFO]: Changing layout from /project/openlane/mgmt_core/runs/mgmt_core/tmp/routing/17-addspacers.obs.obs.def to /project/openlane/mgmt_core/runs/mgmt_core/tmp/routing/18-fastroute.def
[INFO]: Changing layout from 0 to /project/openlane/mgmt_core/runs/mgmt_core/tmp/routing/18-fastroute.guide
[INFO]: Current Def is /project/openlane/mgmt_core/runs/mgmt_core/tmp/routing/18-fastroute.def
[INFO]: Current Guide is /project/openlane/mgmt_core/runs/mgmt_core/tmp/routing/18-fastroute.guide
[INFO]: Writing Verilog...
[INFO]: current step index: 19
[INFO]: Changing netlist from /project/openlane/mgmt_core/runs/mgmt_core/results/synthesis/mgmt_core.synthesis_diodes.v to /project/openlane/mgmt_core/runs/mgmt_core/results/synthesis/mgmt_core.synthesis_preroute.v
[INFO]: Running Detailed Routing...
[INFO]: current step index: 20
[INFO]: No DRC violations after detailed routing.
[INFO]: Changing layout from /project/openlane/mgmt_core/runs/mgmt_core/tmp/routing/18-fastroute.def to /project/openlane/mgmt_core/runs/mgmt_core/results/routing/mgmt_core.def
[INFO]: Running SPEF Extraction...
[INFO]: current step index: 21
[INFO]: Running Static Timing Analysis...
[INFO]: current step index: 22
[INFO]: Calculating Runtime From the Start...
[INFO]: Routing completed for mgmt_core/24-06_19-50 in 0h27m43s
[INFO]: Writing Powered Verilog...
[INFO]: current step index: 23
[INFO]: Writing Verilog...
[INFO]: current step index: 24
[INFO]: Yosys won't attempt to rewrite verilog, and the OpenROAD output will be used as is.
[INFO]: Changing netlist from /project/openlane/mgmt_core/runs/mgmt_core/results/synthesis/mgmt_core.synthesis_preroute.v to /project/openlane/mgmt_core/runs/mgmt_core/results/lvs/mgmt_core.lvs.powered.v
[INFO]: Running Magic to generate various views...
[INFO]: Streaming out GDS II...
[INFO]: current step index: 25
[INFO]: current step index: 26
[INFO]: current step index: 27
[INFO]: current step index: 28
[INFO]: Running XOR on the layouts using Klayout...
[WARNING]: /project/openlane/mgmt_core/runs/mgmt_core/results/klayout/mgmt_core.gds wasn't found. Skipping GDS XOR.
[INFO]: Running Magic Spice Export from LEF...
[INFO]: current step index: 29
[INFO]: No Illegal overlaps detected during extraction.
[INFO]: Running LEF LVS...
[INFO]: /project/openlane/mgmt_core/runs/mgmt_core/results/magic/mgmt_core.spice against /project/openlane/mgmt_core/runs/mgmt_core/results/lvs/mgmt_core.lvs.powered.v
[INFO]: current step index: 30
[INFO]: No LVS mismatches.
[INFO]: Running Magic DRC...
[INFO]: current step index: 31
[INFO]: Converting Magic DRC Violations to Magic Readable Format...
[INFO]: Converting Magic DRC Violations to Klayout XML Database...
[INFO]: Converting DRC Violations to RDB Format...
[INFO]: Converted DRC Violations to RDB Format
[INFO]: No DRC violations after GDS streaming out.
[INFO]: Running Antenna Checks...
[INFO]: Running OpenROAD Antenna Rule Checker...
[INFO]: current step index: 32
[INFO]: current step index: 33
[INFO]: Your design contains macros, which is not supported by the current integration of CVC. So CVC won't run, however CVC is just a check so it's not critical to your design.
[INFO]: Saving Magic Views in /project
[INFO]: Calculating Runtime From the Start...
[INFO]: Flow completed for mgmt_core/24-06_19-50 in 0h47m23s
[INFO]: Generating Final Summary Report...
[INFO]: Design Name: mgmt_core
Run Directory: /project/openlane/mgmt_core/runs/mgmt_core
----------------------------------------

Magic DRC Summary:
Source: /project/openlane/mgmt_core/runs/mgmt_core/reports/magic//31-magic.drc
Total Magic DRC violations is 0
----------------------------------------

LVS Summary:
Source: /project/openlane/mgmt_core/runs/mgmt_core/results/lvs/mgmt_core.lvs_parsed.lef.log
LVS reports no net, device, pin, or property mismatches.
Total errors = 0
----------------------------------------

Antenna Summary:
Source: /project/openlane/mgmt_core/runs/mgmt_core/reports/routing//33-antenna.rpt
Number of pins violated: 43
Number of nets violated: 36
[INFO]: check full report here: /project/openlane/mgmt_core/runs/mgmt_core/reports/final_summary_report.csv
[INFO]: Saving Runtime Environment
[SUCCESS]: Flow Completed Without Fatal Errors.
