OpenROAD 0.9.0 1415572a73
This program is licensed under the BSD-3 license. See the LICENSE file for details.
Components of this program may be licensed under more restrictive licenses which must be honored.
Notice 0: Reading LEF file:  /project/openlane/mgmt_core/runs/mgmt_core/tmp/merged_unpadded.lef
Notice 0:     Created 13 technology layers
Notice 0:     Created 25 technology vias
Notice 0:     Created 442 library cells
Notice 0: Finished LEF file:  /project/openlane/mgmt_core/runs/mgmt_core/tmp/merged_unpadded.lef
Notice 0: 
Reading DEF file: /project/openlane/mgmt_core/runs/mgmt_core/tmp/placement/8-replace.def
Notice 0: Design: mgmt_core
Notice 0:     Created 933 pins.
Notice 0:     Created 47321 components and 244078 component-terminals.
Notice 0:     Created 2 special nets and 0 connections.
Notice 0:     Created 26827 nets and 94380 connections.
Notice 0: Finished DEF file: /project/openlane/mgmt_core/runs/mgmt_core/tmp/placement/8-replace.def
Design Stats
--------------------------------
total instances         47321
multi row instances         0
fixed instances         20868
nets                    26829
design area          1826877.1 u^2
fixed area            33778.1 u^2
movable area         272550.1 u^2
utilization                15 %
utilization padded         15 %
rows                      300
row height                2.7 u

Placement Analysis
--------------------------------
total displacement    62515.7 u
average displacement      1.3 u
max displacement        122.2 u
original HPWL        2345894.7 u
legalized HPWL       2377953.8 u
delta HPWL                  1 %

[INFO DPL-0020] Mirrored 11102 instances
[INFO DPL-0021] HPWL before          2377953.8 u
[INFO DPL-0022] HPWL after           2354191.5 u
[INFO DPL-0023] HPWL delta               -1.0 %
