Thu Jun 24 19:50:49 UTC 2021 - Executing "python3 /openLANE_flow/scripts/extract_metal_layers.py -t /home/ma/ef/openlane/pdks/sky130A/libs.ref/sky130_fd_sc_hd/techlef/sky130_fd_sc_hd.tlef -o /project/openlane/mgmt_core/runs/mgmt_core/tmp/met_layers_list.txt"

Thu Jun 24 19:50:49 UTC 2021 - Executing "/openLANE_flow/scripts/mergeLef.py -i /home/ma/ef/openlane/pdks/sky130A/libs.ref/sky130_fd_sc_hd/techlef/sky130_fd_sc_hd.tlef {/home/ma/ef/openlane/pdks/sky130A/libs.ref/sky130_fd_sc_hd/lef/sky130_fd_sc_hd.lef /home/ma/ef/openlane/pdks/sky130A/libs.ref/sky130_fd_sc_hd/lef/sky130_ef_sc_hd__fakediode_2.lef /home/ma/ef/openlane/pdks/sky130A/libs.ref/sky130_fd_sc_hd/lef/sky130_ef_sc_hd__fill_12.lef /home/ma/ef/openlane/pdks/sky130A/libs.ref/sky130_fd_sc_hd/lef/sky130_ef_sc_hd__decap_12.lef} -o /project/openlane/mgmt_core/runs/mgmt_core/tmp/merged_unpadded.lef |& tee >&@stdout"

Thu Jun 24 19:50:49 UTC 2021 - Executing "/openLANE_flow/scripts/mergeLef.py -i /project/openlane/mgmt_core/runs/mgmt_core/tmp/merged_unpadded.lef /project/openlane/mgmt_core/../../lef/DFFRAM.lef /project/openlane/mgmt_core/../../lef/digital_pll.lef -o /project/openlane/mgmt_core/runs/mgmt_core/tmp/merged_unpadded.lef |& tee >&@stdout"

Thu Jun 24 19:50:49 UTC 2021 - Executing "/openLANE_flow/scripts/libtrim.pl /home/ma/ef/openlane/pdks/sky130A/libs.ref/sky130_fd_sc_hd/lib/sky130_fd_sc_hd__tt_025C_1v80.lib /project/openlane/mgmt_core/runs/mgmt_core/tmp/trimmed.lib.exclude.list > /project/openlane/mgmt_core/runs/mgmt_core/tmp/trimmed.lib"

Thu Jun 24 19:50:49 UTC 2021 - Executing "echo {openlane v0.19-41-g2d4f7ae} > /project/openlane/mgmt_core/runs/mgmt_core/OPENLANE_VERSION"

Thu Jun 24 19:50:49 UTC 2021 - Executing "sed -E {s/^([[:space:]]+)pg_pin(.*)/\1pin\2\n\1    direction : "inout";/g} /home/ma/ef/openlane/pdks/sky130A/libs.ref/sky130_fd_sc_hd/lib/sky130_fd_sc_hd__tt_025C_1v80.lib > /project/openlane/mgmt_core/runs/mgmt_core/tmp/sky130_fd_sc_hd__tt_025C_1v80.no_pg.lib"

Thu Jun 24 19:50:50 UTC 2021 - Executing "yosys -c /openLANE_flow/scripts/synth.tcl -l /project/openlane/mgmt_core/runs/mgmt_core/logs/synthesis/1-yosys.log |& tee >&@stdout"

Thu Jun 24 19:52:33 UTC 2021 - Executing "sed -i -e {s/\(set ::env(CURRENT_NETLIST)\).*/\1 \/project\/openlane\/mgmt_core\/runs\/mgmt_core\/results\/synthesis\/mgmt_core.synthesis.v/} /project/openlane/mgmt_core/runs/mgmt_core/config.tcl"

Thu Jun 24 19:52:33 UTC 2021 - Executing "sed -i -e {s/\(set ::env(PREV_NETLIST)\).*/\1 0/} /project/openlane/mgmt_core/runs/mgmt_core/config.tcl"

Thu Jun 24 19:52:33 UTC 2021 - Executing "sed -i /defparam/d /project/openlane/mgmt_core/runs/mgmt_core/results/synthesis/mgmt_core.synthesis.v"

Thu Jun 24 19:52:33 UTC 2021 - Executing "sta /openLANE_flow/scripts/sta.tcl |& tee >&@stdout /project/openlane/mgmt_core/runs/mgmt_core/logs/synthesis/2-opensta"

Thu Jun 24 19:52:35 UTC 2021 - Executing "openroad -exit /openLANE_flow/scripts/openroad/or_floorplan.tcl |& tee >&@stdout /project/openlane/mgmt_core/runs/mgmt_core/logs/floorplan/3-verilog2def.openroad.log"

Thu Jun 24 19:52:37 UTC 2021 - Executing "python3 /openLANE_flow/scripts/io_place.py --input-lef /project/openlane/mgmt_core/runs/mgmt_core/tmp/merged.lef --input-def /project/openlane/mgmt_core/runs/mgmt_core/tmp/floorplan/3-verilog2def_openroad.def --config /project/openlane/mgmt_core/pin_order.cfg --hor-layer 4 --ver-layer 3 --ver-width-mult 2 --hor-width-mult 2 --hor-extension -1 --ver-extension -1 --length 4 -o /project/openlane/mgmt_core/runs/mgmt_core/tmp/floorplan/4-ioPlacer.def |& tee /project/openlane/mgmt_core/runs/mgmt_core/logs/floorplan/4-place_io_ol.log >&@stdout"

Thu Jun 24 19:52:38 UTC 2021 - Executing "python3 /openLANE_flow/scripts/manual_macro_place.py -l /project/openlane/mgmt_core/runs/mgmt_core/tmp/merged.lef -id /project/openlane/mgmt_core/runs/mgmt_core/tmp/floorplan/4-ioPlacer.def -o /project/openlane/mgmt_core/runs/mgmt_core/tmp/floorplan/4-ioPlacer.macro_placement.def -c /project/openlane/mgmt_core/runs/mgmt_core/tmp/macro_placement.cfg -f |& tee >&@stdout /project/openlane/mgmt_core/runs/mgmt_core/logs/5-macro_placement.log"

Thu Jun 24 19:52:39 UTC 2021 - Executing "openroad -exit /openLANE_flow/scripts/openroad/or_tapcell.tcl |& tee >&@stdout /project/openlane/mgmt_core/runs/mgmt_core/logs/floorplan/6-tapcell.log"

Thu Jun 24 19:52:43 UTC 2021 - Executing "openroad -exit /openLANE_flow/scripts/openroad/or_pdn.tcl |& tee >&@stdout /project/openlane/mgmt_core/runs/mgmt_core/logs/floorplan/7-pdn.log"

Thu Jun 24 19:52:50 UTC 2021 - Executing "openroad -exit /openLANE_flow/scripts/openroad/or_replace.tcl |& tee >&@stdout /project/openlane/mgmt_core/runs/mgmt_core/logs/placement/8-replace.log"

Thu Jun 24 19:53:11 UTC 2021 - Executing "openroad -exit /openLANE_flow/scripts/openroad/or_opendp.tcl |& tee >&@stdout /project/openlane/mgmt_core/runs/mgmt_core/logs/placement/9-opendp.log"

Thu Jun 24 19:53:16 UTC 2021 - Executing "/openLANE_flow/scripts/libtrim.pl /home/ma/ef/openlane/pdks/sky130A/libs.ref/sky130_fd_sc_hd/lib/sky130_fd_sc_hd__tt_025C_1v80.lib /project/openlane/mgmt_core/runs/mgmt_core/tmp/cts.lib.exclude.list > /project/openlane/mgmt_core/runs/mgmt_core/tmp/cts.lib"

Thu Jun 24 19:53:16 UTC 2021 - Executing "openroad -exit /openLANE_flow/scripts/openroad/or_cts.tcl |& tee >&@stdout /project/openlane/mgmt_core/runs/mgmt_core/logs/cts/10-cts.log"

Thu Jun 24 19:54:39 UTC 2021 - Executing "openroad -exit /openLANE_flow/scripts/openroad/or_write_verilog.tcl |& tee >&@stdout /project/openlane/mgmt_core/runs/mgmt_core/logs/11-write_verilog.log"

Thu Jun 24 19:54:41 UTC 2021 - Executing "sed -i -e {s/\(set ::env(CURRENT_NETLIST)\).*/\1 \/project\/openlane\/mgmt_core\/runs\/mgmt_core\/results\/synthesis\/mgmt_core.synthesis_cts.v/} /project/openlane/mgmt_core/runs/mgmt_core/config.tcl"

Thu Jun 24 19:54:41 UTC 2021 - Executing "sed -i -e {s/\(set ::env(PREV_NETLIST)\).*/\1 \/project\/openlane\/mgmt_core\/runs\/mgmt_core\/results\/synthesis\/mgmt_core.synthesis.v/} /project/openlane/mgmt_core/runs/mgmt_core/config.tcl"

Thu Jun 24 19:54:41 UTC 2021 - Executing "openroad -exit /openLANE_flow/scripts/openroad/or_resizer_timing.tcl |& tee >&@stdout /project/openlane/mgmt_core/runs/mgmt_core/logs/placement/11-resizer_timing.log"

Thu Jun 24 19:54:49 UTC 2021 - Executing "openroad -exit /openLANE_flow/scripts/openroad/or_write_verilog.tcl |& tee >&@stdout /project/openlane/mgmt_core/runs/mgmt_core/logs/12-write_verilog.log"

Thu Jun 24 19:54:51 UTC 2021 - Executing "sed -i -e {s/\(set ::env(CURRENT_NETLIST)\).*/\1 \/project\/openlane\/mgmt_core\/runs\/mgmt_core\/results\/synthesis\/mgmt_core.synthesis_optimized.v/} /project/openlane/mgmt_core/runs/mgmt_core/config.tcl"

Thu Jun 24 19:54:51 UTC 2021 - Executing "sed -i -e {s/\(set ::env(PREV_NETLIST)\).*/\1 \/project\/openlane\/mgmt_core\/runs\/mgmt_core\/results\/synthesis\/mgmt_core.synthesis_cts.v/} /project/openlane/mgmt_core/runs/mgmt_core/config.tcl"

Thu Jun 24 19:54:51 UTC 2021 - Executing "sta /openLANE_flow/scripts/sta.tcl |& tee >&@stdout /project/openlane/mgmt_core/runs/mgmt_core/logs/synthesis/13-opensta_post_resizer_timing"

Thu Jun 24 19:54:54 UTC 2021 - Executing "python3 /openLANE_flow/scripts/place_diodes.py -l /project/openlane/mgmt_core/runs/mgmt_core/tmp/merged.lef -id /project/openlane/mgmt_core/runs/mgmt_core/tmp/placement/11-resizer_timing.def -o /project/openlane/mgmt_core/runs/mgmt_core/tmp/placement/14-diodes.def --diode-cell sky130_fd_sc_hd__diode_2 --diode-pin DIODE --fake-diode-cell sky130_fd_sc_hd__diode_2 |& tee >&@stdout /project/openlane/mgmt_core/runs/mgmt_core/logs/placement/14-diodes.log"

Thu Jun 24 19:54:58 UTC 2021 - Executing "openroad -exit /openLANE_flow/scripts/openroad/or_opendp.tcl |& tee >&@stdout /project/openlane/mgmt_core/runs/mgmt_core/logs/placement/15-opendp.log"

Thu Jun 24 19:55:01 UTC 2021 - Executing "openroad -exit /openLANE_flow/scripts/openroad/or_write_verilog.tcl |& tee >&@stdout /project/openlane/mgmt_core/runs/mgmt_core/logs/16-write_verilog.log"

Thu Jun 24 19:55:02 UTC 2021 - Executing "sed -i -e {s/\(set ::env(CURRENT_NETLIST)\).*/\1 \/project\/openlane\/mgmt_core\/runs\/mgmt_core\/results\/synthesis\/mgmt_core.synthesis_diodes.v/} /project/openlane/mgmt_core/runs/mgmt_core/config.tcl"

Thu Jun 24 19:55:02 UTC 2021 - Executing "sed -i -e {s/\(set ::env(PREV_NETLIST)\).*/\1 \/project\/openlane\/mgmt_core\/runs\/mgmt_core\/results\/synthesis\/mgmt_core.synthesis_optimized.v/} /project/openlane/mgmt_core/runs/mgmt_core/config.tcl"

Thu Jun 24 19:55:02 UTC 2021 - Executing "openroad -exit /openLANE_flow/scripts/openroad/or_fill.tcl |& tee >&@stdout /project/openlane/mgmt_core/runs/mgmt_core/logs/routing/17-addspacers.log"

Thu Jun 24 19:55:04 UTC 2021 - Executing "python3 /openLANE_flow/scripts/add_def_obstructions.py --input-def /project/openlane/mgmt_core/runs/mgmt_core/tmp/routing/17-addspacers.def --lef /project/openlane/mgmt_core/runs/mgmt_core/tmp/merged.lef --obstructions { met4 122.000 111.000 872.000 636.000} --output /project/openlane/mgmt_core/runs/mgmt_core/tmp/routing/17-addspacers.obs.def |& tee >&@stdout /project/openlane/mgmt_core/runs/mgmt_core/logs/obs.log"

Thu Jun 24 19:55:07 UTC 2021 - Executing "python3 /openLANE_flow/scripts/add_def_obstructions.py --input-def /project/openlane/mgmt_core/runs/mgmt_core/tmp/routing/17-addspacers.obs.def --lef /project/openlane/mgmt_core/runs/mgmt_core/tmp/merged.lef --obstructions {met5 0 0 2250 840} --output /project/openlane/mgmt_core/runs/mgmt_core/tmp/routing/17-addspacers.obs.obs.def |& tee >&@stdout /project/openlane/mgmt_core/runs/mgmt_core/logs/obs.log"

Thu Jun 24 19:55:10 UTC 2021 - Executing "openroad -exit /openLANE_flow/scripts/openroad/or_groute.tcl |& tee >&@stdout /project/openlane/mgmt_core/runs/mgmt_core/logs/routing/18-fastroute.log"

Thu Jun 24 19:55:28 UTC 2021 - Executing "openroad -exit /openLANE_flow/scripts/openroad/or_write_verilog.tcl |& tee >&@stdout /project/openlane/mgmt_core/runs/mgmt_core/logs/19-write_verilog.log"

Thu Jun 24 19:55:30 UTC 2021 - Executing "sed -i -e {s/\(set ::env(CURRENT_NETLIST)\).*/\1 \/project\/openlane\/mgmt_core\/runs\/mgmt_core\/results\/synthesis\/mgmt_core.synthesis_preroute.v/} /project/openlane/mgmt_core/runs/mgmt_core/config.tcl"

Thu Jun 24 19:55:30 UTC 2021 - Executing "sed -i -e {s/\(set ::env(PREV_NETLIST)\).*/\1 \/project\/openlane\/mgmt_core\/runs\/mgmt_core\/results\/synthesis\/mgmt_core.synthesis_diodes.v/} /project/openlane/mgmt_core/runs/mgmt_core/config.tcl"

Thu Jun 24 19:55:30 UTC 2021 - Executing "envsubst < /openLANE_flow/scripts/tritonRoute.param > /project/openlane/mgmt_core/runs/mgmt_core/tmp/routing/20-tritonRoute.param"

Thu Jun 24 19:55:30 UTC 2021 - Executing "TritonRoute /project/openlane/mgmt_core/runs/mgmt_core/tmp/routing/20-tritonRoute.param |& tee >&@stdout /project/openlane/mgmt_core/runs/mgmt_core/logs/routing/20-tritonRoute.log"

Thu Jun 24 20:17:47 UTC 2021 - Executing "python3 /openLANE_flow/scripts/tr2klayout.py -i /project/openlane/mgmt_core/runs/mgmt_core/reports/routing/20-tritonRoute.drc -o /project/openlane/mgmt_core/runs/mgmt_core/reports/routing/20-tritonRoute.klayout.xml --design-name mgmt_core"

Thu Jun 24 20:17:48 UTC 2021 - Executing "python3 /openLANE_flow/scripts/spef_extractor/main.py -l /project/openlane/mgmt_core/runs/mgmt_core/tmp/merged_unpadded.lef -d /project/openlane/mgmt_core/runs/mgmt_core/results/routing/mgmt_core.def -mw L -ec 1 |& tee >&@stdout /project/openlane/mgmt_core/runs/mgmt_core/logs/routing/21-spef_extraction.log"

Thu Jun 24 20:18:24 UTC 2021 - Executing "sta /openLANE_flow/scripts/sta.tcl |& tee >&@stdout /project/openlane/mgmt_core/runs/mgmt_core/logs/synthesis/22-opensta_spef"

Thu Jun 24 20:18:31 UTC 2021 - Executing "python3 /openLANE_flow/scripts/write_powered_def.py -d /project/openlane/mgmt_core/runs/mgmt_core/results/routing/mgmt_core.def -l /project/openlane/mgmt_core/runs/mgmt_core/tmp/merged.lef --power-port VPWR --ground-port VGND --powered-netlist {} -o /project/openlane/mgmt_core/runs/mgmt_core/tmp/routing/23-mgmt_core.powered.def |& tee >&@stdout /project/openlane/mgmt_core/runs/mgmt_core/logs/lvs/23-write_powered_verilog.log"

Thu Jun 24 20:18:41 UTC 2021 - Executing "openroad -exit /openLANE_flow/scripts/openroad/or_write_verilog.tcl |& tee >&@stdout /project/openlane/mgmt_core/runs/mgmt_core/logs/24-write_verilog.log"

Thu Jun 24 20:18:46 UTC 2021 - Executing "sed -i -e {s/\(set ::env(CURRENT_NETLIST)\).*/\1 \/project\/openlane\/mgmt_core\/runs\/mgmt_core\/results\/lvs\/mgmt_core.lvs.powered.v/} /project/openlane/mgmt_core/runs/mgmt_core/config.tcl"

Thu Jun 24 20:18:46 UTC 2021 - Executing "sed -i -e {s/\(set ::env(PREV_NETLIST)\).*/\1 \/project\/openlane\/mgmt_core\/runs\/mgmt_core\/results\/synthesis\/mgmt_core.synthesis_preroute.v/} /project/openlane/mgmt_core/runs/mgmt_core/config.tcl"

Thu Jun 24 20:18:46 UTC 2021 - Executing "magic -noconsole -dnull -rcfile /home/ma/ef/openlane/pdks/sky130A/libs.tech/magic/sky130A.magicrc /openLANE_flow/scripts/magic/mag_gds.tcl </dev/null |& tee >&@stdout /project/openlane/mgmt_core/runs/mgmt_core/logs/magic/25-magic.log"

Thu Jun 24 20:19:48 UTC 2021 - Executing "magic -noconsole -dnull -rcfile /home/ma/ef/openlane/pdks/sky130A/libs.tech/magic/sky130A.magicrc /openLANE_flow/scripts/magic/gds_pointers.tcl </dev/null |& tee >&@stdout /project/openlane/mgmt_core/runs/mgmt_core/logs/magic/26-magic.mag.gds_ptrs.log"

Thu Jun 24 20:20:43 UTC 2021 - Executing "sed -i -n {/^<< properties >>/,/^<< end >>/p} /project/openlane/mgmt_core/runs/mgmt_core/tmp/magic/magic_gds_ptrs.mag"

Thu Jun 24 20:20:44 UTC 2021 - Executing "magic -noconsole -dnull -rcfile /home/ma/ef/openlane/pdks/sky130A/libs.tech/magic/sky130A.magicrc /openLANE_flow/scripts/magic/lef.tcl </dev/null |& tee >&@stdout /project/openlane/mgmt_core/runs/mgmt_core/logs/magic/27-magic.lef.log"

Thu Jun 24 20:21:36 UTC 2021 - Executing "magic -noconsole -dnull -rcfile /home/ma/ef/openlane/pdks/sky130A/libs.tech/magic/sky130A.magicrc /openLANE_flow/scripts/magic/maglef.tcl </dev/null |& tee >&@stdout /project/openlane/mgmt_core/runs/mgmt_core/logs/magic/28-magic.maglef.log"

Thu Jun 24 20:21:36 UTC 2021 - Executing "magic -noconsole -dnull -rcfile /home/ma/ef/openlane/pdks/sky130A/libs.tech/magic/sky130A.magicrc /project/openlane/mgmt_core/runs/mgmt_core/tmp/magic_spice.tcl </dev/null |& tee >&@stdout /project/openlane/mgmt_core/runs/mgmt_core/logs/magic/29-magic_spice.log"

Thu Jun 24 20:24:16 UTC 2021 - Executing "netgen -batch source /project/openlane/mgmt_core/runs/mgmt_core/tmp/lvs/setup_file.lef.lvs |& tee >&@stdout /project/openlane/mgmt_core/runs/mgmt_core/logs/lvs/30-lvs.lef.log"

Thu Jun 24 20:26:13 UTC 2021 - Executing "magic -noconsole -dnull -rcfile /home/ma/ef/openlane/pdks/sky130A/libs.tech/magic/sky130A.magicrc /openLANE_flow/scripts/magic/drc.tcl </dev/null |& tee >&@stdout /project/openlane/mgmt_core/runs/mgmt_core/logs/magic/31-magic.drc.log"

Thu Jun 24 20:38:00 UTC 2021 - Executing "python3 /openLANE_flow/scripts/magic_drc_to_tcl.py -i /project/openlane/mgmt_core/runs/mgmt_core/reports/magic/31-magic.drc -o /project/openlane/mgmt_core/runs/mgmt_core/reports/magic/31-magic.drc.tcl"

Thu Jun 24 20:38:00 UTC 2021 - Executing "python3 /openLANE_flow/scripts/magic_drc_to_tr_drc.py -i /project/openlane/mgmt_core/runs/mgmt_core/reports/magic/31-magic.drc -o /project/openlane/mgmt_core/runs/mgmt_core/reports/magic/31-magic.tr.drc"

Thu Jun 24 20:38:00 UTC 2021 - Executing "python3 /openLANE_flow/scripts/tr2klayout.py -i /project/openlane/mgmt_core/runs/mgmt_core/reports/magic/31-magic.tr.drc -o /project/openlane/mgmt_core/runs/mgmt_core/reports/magic/31-magic.drc.klayout.xml --design-name mgmt_core"

Thu Jun 24 20:38:00 UTC 2021 - Executing "python3 /openLANE_flow/scripts/magic_drc_to_rdb.py --magic_drc_in /project/openlane/mgmt_core/runs/mgmt_core/reports/magic/31-magic.drc --rdb_out /project/openlane/mgmt_core/runs/mgmt_core/reports/magic/31-magic.drc.rdb"

Thu Jun 24 20:38:00 UTC 2021 - Executing "openroad -exit /openLANE_flow/scripts/openroad/or_antenna_check.tcl |& tee >&@stdout /project/openlane/mgmt_core/runs/mgmt_core/logs/routing/32-or_antenna.log"

Thu Jun 24 20:38:11 UTC 2021 - Executing "mv -f /project/openlane/mgmt_core/runs/mgmt_core/reports/routing/antenna.rpt /project/openlane/mgmt_core/runs/mgmt_core/reports/routing/33-antenna.rpt"

Thu Jun 24 20:38:11 UTC 2021 - Executing "python3 /openLANE_flow/report_generation_wrapper.py -d /project/openlane/mgmt_core -dn mgmt_core -t mgmt_core -o /project/openlane/mgmt_core/runs/mgmt_core/reports/final_summary_report.csv -m /project/openlane/mgmt_core/runs/mgmt_core/reports/manufacturability_report.rpt -rs /project/openlane/mgmt_core/runs/mgmt_core/reports/runtime_summary_report.rpt -r /project/openlane/mgmt_core/runs/mgmt_core"

